TN:
SF:src/components/common/WalletProvider/index.tsx
FN:26,(anonymous_6)
FN:43,(anonymous_7)
FN:46,(anonymous_8)
FN:52,(anonymous_9)
FN:57,(anonymous_10)
FNF:5
FNH:0
FNDA:0,(anonymous_6)
FNDA:0,(anonymous_7)
FNDA:0,(anonymous_8)
FNDA:0,(anonymous_9)
FNDA:0,(anonymous_10)
DA:1,1
DA:2,1
DA:3,1
DA:4,1
DA:5,1
DA:6,1
DA:8,1
DA:9,1
DA:24,1
DA:26,1
DA:27,0
DA:28,0
DA:29,0
DA:30,0
DA:31,0
DA:32,0
DA:34,0
DA:36,0
DA:43,0
DA:44,0
DA:46,0
DA:47,0
DA:49,0
DA:52,0
DA:53,0
DA:57,0
DA:58,0
DA:59,0
DA:61,0
DA:77,1
LF:30
LH:11
BRDA:31,0,0,0
BRDA:31,0,1,0
BRDA:37,1,0,0
BRDA:37,1,1,0
BRDA:37,2,0,0
BRDA:37,2,1,0
BRDA:39,3,0,0
BRDA:39,3,1,0
BRDA:39,3,2,0
BRDA:39,4,0,0
BRDA:39,4,1,0
BRDA:44,5,0,0
BRDA:58,6,0,0
BRDA:58,7,0,0
BRDA:58,7,1,0
BRDA:58,7,2,0
BRF:16
BRH:0
end_of_record
TN:
SF:src/components/new-safe/create/logic/index.ts
FN:51,(anonymous_16)
FN:84,(anonymous_17)
FN:99,(anonymous_18)
FN:116,(anonymous_19)
FN:126,(anonymous_20)
FN:149,(anonymous_21)
FN:154,(anonymous_22)
FN:175,(anonymous_23)
FN:183,(anonymous_24)
FN:212,(anonymous_25)
FN:240,(anonymous_26)
FN:299,(anonymous_27)
FN:339,(anonymous_28)
FNF:13
FNH:0
FNDA:0,(anonymous_16)
FNDA:0,(anonymous_17)
FNDA:0,(anonymous_18)
FNDA:0,(anonymous_19)
FNDA:0,(anonymous_20)
FNDA:0,(anonymous_21)
FNDA:0,(anonymous_22)
FNDA:0,(anonymous_23)
FNDA:0,(anonymous_24)
FNDA:0,(anonymous_25)
FNDA:0,(anonymous_26)
FNDA:0,(anonymous_27)
FNDA:0,(anonymous_28)
DA:3,1
DA:4,1
DA:5,1
DA:7,1
DA:8,1
DA:10,1
DA:11,1
DA:12,1
DA:15,1
DA:16,1
DA:25,1
DA:26,1
DA:28,1
DA:32,1
DA:37,1
DA:38,1
DA:39,1
DA:40,1
DA:51,1
DA:60,0
DA:61,0
DA:67,0
DA:69,0
DA:71,0
DA:76,0
DA:78,0
DA:84,1
DA:89,0
DA:91,0
DA:99,1
DA:100,0
DA:116,1
DA:117,0
DA:119,0
DA:126,1
DA:133,0
DA:134,0
DA:136,0
DA:142,0
DA:149,1
DA:150,0
DA:153,0
DA:155,0
DA:163,0
DA:164,0
DA:165,0
DA:166,0
DA:168,0
DA:176,0
DA:177,0
DA:183,1
DA:188,0
DA:189,0
DA:192,0
DA:195,0
DA:196,0
DA:202,0
DA:207,0
DA:208,0
DA:209,0
DA:212,1
DA:213,0
DA:215,0
DA:216,0
DA:218,0
DA:227,0
DA:228,0
DA:240,1
DA:248,0
DA:252,0
DA:253,0
DA:254,0
DA:256,0
DA:257,0
DA:259,0
DA:260,0
DA:262,0
DA:263,0
DA:266,0
DA:267,0
DA:268,0
DA:272,0
DA:274,0
DA:276,0
DA:290,0
DA:299,1
DA:300,0
DA:301,0
DA:302,0
DA:303,0
DA:304,0
DA:307,0
DA:311,0
DA:313,0
DA:314,0
DA:316,0
DA:317,0
DA:319,0
DA:320,0
DA:323,0
DA:339,1
DA:340,0
DA:341,0
DA:344,0
LF:104
LH:29
BRDA:60,0,0,0
BRDA:60,0,1,0
BRDA:133,1,0,0
BRDA:133,1,1,0
BRDA:188,2,0,0
BRDA:188,2,1,0
BRDA:192,3,0,0
BRDA:195,4,0,0
BRDA:195,5,0,0
BRDA:195,5,1,0
BRDA:208,6,0,0
BRDA:208,6,1,0
BRDA:262,7,0,0
BRDA:262,8,0,0
BRDA:262,8,1,0
BRDA:262,8,2,0
BRDA:262,8,3,0
BRDA:272,9,0,0
BRDA:272,9,1,0
BRDA:272,9,2,0
BRDA:274,10,0,0
BRDA:274,10,1,0
BRDA:274,11,0,0
BRDA:274,11,1,0
BRDA:283,12,0,0
BRDA:283,12,1,0
BRDA:283,13,0,0
BRDA:283,13,1,0
BRDA:284,14,0,0
BRDA:284,14,1,0
BRDA:285,15,0,0
BRDA:285,15,1,0
BRDA:303,16,0,0
BRDA:303,17,0,0
BRDA:303,17,1,0
BRDA:319,18,0,0
BRDA:319,19,0,0
BRDA:319,19,1,0
BRDA:319,19,2,0
BRDA:329,20,0,0
BRDA:329,20,1,0
BRDA:330,21,0,0
BRDA:330,21,1,0
BRDA:331,22,0,0
BRDA:331,22,1,0
BRDA:332,23,0,0
BRDA:332,23,1,0
BRDA:340,24,0,0
BRF:48
BRH:0
end_of_record
TN:
SF:src/components/theme/SafeThemeProvider.tsx
FN:15,(anonymous_2)
FN:16,(anonymous_3)
FNF:2
FNH:2
FNDA:4,(anonymous_2)
FNDA:4,(anonymous_3)
DA:1,1
DA:2,1
DA:3,1
DA:15,1
DA:16,4
DA:21,4
LF:6
LH:6
BRF:0
BRH:0
end_of_record
TN:
SF:src/components/theme/darkPalette.ts
FNF:0
FNH:0
DA:1,1
DA:67,1
LF:2
LH:2
BRF:0
BRH:0
end_of_record
TN:
SF:src/components/theme/lightPalette.ts
FNF:0
FNH:0
DA:1,1
DA:67,4
LF:2
LH:2
BRF:0
BRH:0
end_of_record
TN:
SF:src/components/theme/safeTheme.ts
FN:86,(anonymous_4)
FN:112,(anonymous_5)
FN:134,(anonymous_6)
FN:145,(anonymous_7)
FN:155,(anonymous_8)
FN:166,(anonymous_9)
FN:191,(anonymous_10)
FN:214,(anonymous_11)
FN:228,(anonymous_12)
FN:255,(anonymous_13)
FN:270,(anonymous_14)
FN:277,(anonymous_15)
FN:292,(anonymous_16)
FN:299,(anonymous_17)
FN:309,(anonymous_18)
FN:313,(anonymous_19)
FN:345,(anonymous_20)
FN:363,(anonymous_21)
FN:371,(anonymous_22)
FN:379,(anonymous_23)
FN:387,(anonymous_24)
FN:396,(anonymous_25)
FN:404,(anonymous_26)
FN:412,(anonymous_27)
FN:436,(anonymous_28)
FN:476,(anonymous_29)
FN:483,(anonymous_30)
FN:486,(anonymous_31)
FN:501,(anonymous_32)
FN:527,(anonymous_33)
FN:539,(anonymous_34)
FN:546,(anonymous_35)
FN:556,(anonymous_36)
FN:564,(anonymous_37)
FN:574,(anonymous_38)
FNF:35
FNH:1
FNDA:4,(anonymous_4)
FNDA:0,(anonymous_5)
FNDA:0,(anonymous_6)
FNDA:0,(anonymous_7)
FNDA:0,(anonymous_8)
FNDA:0,(anonymous_9)
FNDA:0,(anonymous_10)
FNDA:0,(anonymous_11)
FNDA:0,(anonymous_12)
FNDA:0,(anonymous_13)
FNDA:0,(anonymous_14)
FNDA:0,(anonymous_15)
FNDA:0,(anonymous_16)
FNDA:0,(anonymous_17)
FNDA:0,(anonymous_18)
FNDA:0,(anonymous_19)
FNDA:0,(anonymous_20)
FNDA:0,(anonymous_21)
FNDA:0,(anonymous_22)
FNDA:0,(anonymous_23)
FNDA:0,(anonymous_24)
FNDA:0,(anonymous_25)
FNDA:0,(anonymous_26)
FNDA:0,(anonymous_27)
FNDA:0,(anonymous_28)
FNDA:0,(anonymous_29)
FNDA:0,(anonymous_30)
FNDA:0,(anonymous_31)
FNDA:0,(anonymous_32)
FNDA:0,(anonymous_33)
FNDA:0,(anonymous_34)
FNDA:0,(anonymous_35)
FNDA:0,(anonymous_36)
FNDA:0,(anonymous_37)
FNDA:0,(anonymous_38)
DA:2,1
DA:4,1
DA:6,1
DA:7,1
DA:8,1
DA:10,1
DA:86,1
DA:87,4
DA:88,4
DA:89,4
DA:91,4
DA:112,0
DA:134,0
DA:145,0
DA:155,0
DA:166,0
DA:191,0
DA:214,0
DA:228,0
DA:255,0
DA:270,0
DA:277,0
DA:292,0
DA:299,0
DA:309,0
DA:313,0
DA:345,0
DA:363,0
DA:371,0
DA:379,0
DA:387,0
DA:396,0
DA:404,0
DA:412,0
DA:436,0
DA:476,0
DA:483,0
DA:486,0
DA:501,0
DA:527,0
DA:539,0
DA:546,0
DA:556,0
DA:564,0
DA:574,0
DA:583,4
LF:46
LH:12
BRDA:88,0,0,0
BRDA:88,0,1,4
BRDA:93,1,0,0
BRDA:93,1,1,4
BRDA:102,2,0,0
BRDA:102,2,1,4
BRDA:103,3,0,0
BRDA:103,3,1,4
BRDA:104,4,0,0
BRDA:104,4,1,4
BRDA:105,5,0,0
BRDA:105,5,1,4
BRDA:532,6,0,0
BRDA:532,6,1,0
BRDA:533,7,0,0
BRDA:533,7,1,0
BRDA:536,8,0,0
BRDA:536,8,1,0
BRDA:553,9,0,0
BRDA:553,9,1,4
BRF:20
BRH:7
end_of_record
TN:
SF:src/components/theme/typography.ts
FNF:0
FNH:0
DA:3,1
DA:5,1
DA:50,4
LF:3
LH:3
BRF:0
BRH:0
end_of_record
TN:
SF:src/config/chains.ts
FN:15,(anonymous_1)
FNF:1
FNH:1
FNDA:501,(anonymous_1)
DA:1,1
DA:15,1
DA:16,501
DA:17,501
DA:20,6
LF:5
LH:5
BRF:0
BRH:0
end_of_record
TN:
SF:src/config/constants.ts
FNF:0
FNH:0
DA:1,1
DA:2,1
DA:6,1
DA:7,5
DA:8,1
DA:9,1
DA:10,1
DA:11,1
DA:12,1
DA:15,1
DA:16,1
DA:19,1
DA:21,0
DA:22,1
DA:23,1
DA:26,1
DA:27,1
DA:28,2
DA:30,1
DA:31,1
DA:32,1
DA:35,1
DA:36,1
DA:37,1
DA:40,1
DA:45,1
DA:50,1
DA:51,1
DA:52,0
DA:53,1
DA:56,1
DA:57,1
DA:58,1
DA:59,1
DA:62,1
DA:63,1
DA:64,1
DA:67,1
DA:76,1
DA:81,0
DA:82,1
DA:85,1
DA:86,1
DA:87,1
DA:88,1
DA:89,1
DA:91,1
DA:93,1
DA:95,1
DA:96,0
DA:97,1
DA:98,1
DA:101,1
LF:53
LH:49
BRDA:11,0,0,1
BRDA:11,0,1,0
BRDA:12,1,0,1
BRDA:12,1,1,1
BRDA:15,2,0,1
BRDA:15,2,1,1
BRDA:16,3,0,1
BRDA:16,3,1,1
BRDA:19,4,0,0
BRDA:19,4,1,1
BRDA:22,5,0,1
BRDA:22,5,1,1
BRDA:23,6,0,1
BRDA:23,6,1,1
BRDA:30,7,0,1
BRDA:30,7,1,1
BRDA:31,8,0,1
BRDA:31,8,1,0
BRDA:32,9,0,1
BRDA:32,9,1,0
BRDA:35,10,0,1
BRDA:35,10,1,0
BRDA:56,11,0,1
BRDA:56,11,1,1
BRDA:57,12,0,1
BRDA:57,12,1,1
BRDA:58,13,0,1
BRDA:58,13,1,1
BRDA:59,14,0,0
BRDA:59,14,1,1
BRDA:62,15,0,1
BRDA:62,15,1,1
BRDA:63,16,0,1
BRDA:63,16,1,1
BRDA:64,17,0,0
BRDA:64,17,1,1
BRDA:88,18,0,1
BRDA:88,18,1,1
BRDA:88,19,0,1
BRDA:88,19,1,0
BRDA:89,20,0,1
BRDA:89,20,1,1
BRDA:97,21,0,1
BRDA:97,21,1,1
BRF:44
BRH:36
end_of_record
TN:
SF:src/config/gateway.ts
FNF:0
FNH:0
DA:1,1
DA:2,1
DA:4,1
DA:5,1
DA:6,6
LF:5
LH:5
BRDA:6,0,0,0
BRDA:6,0,1,1
BRDA:6,1,0,1
BRDA:6,1,1,1
BRF:4
BRH:3
end_of_record
TN:
SF:src/config/routes.ts
FNF:0
FNH:0
DA:1,8
DA:76,1
LF:2
LH:2
BRF:0
BRH:0
end_of_record
TN:
SF:src/features/counterfactual/utils.ts
FN:32,(anonymous_13)
FN:44,(anonymous_14)
FN:56,(anonymous_15)
FN:86,(anonymous_16)
FN:100,(anonymous_17)
FN:130,(anonymous_18)
FN:170,retryGetTransaction
FN:184,(anonymous_20)
FN:247,(anonymous_21)
FN:253,(anonymous_22)
FN:287,(anonymous_23)
FN:298,(anonymous_24)
FN:301,(anonymous_25)
FN:304,(anonymous_26)
FN:333,(anonymous_27)
FNF:15
FNH:0
FNDA:0,(anonymous_13)
FNDA:0,(anonymous_14)
FNDA:0,(anonymous_15)
FNDA:0,(anonymous_16)
FNDA:0,(anonymous_17)
FNDA:0,(anonymous_18)
FNDA:0,retryGetTransaction
FNDA:0,(anonymous_20)
FNDA:0,(anonymous_21)
FNDA:0,(anonymous_22)
FNDA:0,(anonymous_23)
FNDA:0,(anonymous_24)
FNDA:0,(anonymous_25)
FNDA:0,(anonymous_26)
FNDA:0,(anonymous_27)
DA:2,1
DA:3,1
DA:4,1
DA:5,1
DA:7,1
DA:8,1
DA:9,1
DA:10,1
DA:12,1
DA:13,1
DA:14,1
DA:16,1
DA:21,1
DA:22,1
DA:28,1
DA:30,1
DA:32,1
DA:33,0
DA:35,0
DA:36,0
DA:38,0
DA:40,0
DA:44,0
DA:54,1
DA:56,1
DA:62,0
DA:63,0
DA:66,0
DA:67,0
DA:68,0
DA:70,0
DA:73,0
DA:75,0
DA:77,0
DA:78,0
DA:81,0
DA:83,0
DA:86,1
DA:93,0
DA:94,0
DA:95,0
DA:97,0
DA:100,1
DA:103,0
DA:107,0
DA:108,0
DA:110,0
DA:113,0
DA:130,1
DA:138,0
DA:145,0
DA:155,0
DA:156,0
DA:159,0
DA:171,0
DA:172,0
DA:173,0
DA:174,0
DA:176,0
DA:177,0
DA:178,0
DA:181,0
DA:184,1
DA:192,0
DA:193,0
DA:195,0
DA:196,0
DA:199,0
DA:200,0
DA:203,0
DA:204,0
DA:211,0
DA:218,0
DA:220,0
DA:221,0
DA:227,0
DA:230,0
DA:231,0
DA:236,0
DA:239,0
DA:247,1
DA:248,0
DA:253,0
DA:254,0
DA:257,0
DA:259,0
DA:261,0
DA:267,0
DA:272,0
DA:277,0
DA:280,0
DA:283,0
DA:284,0
DA:287,0
DA:288,0
DA:294,0
DA:298,1
DA:299,0
DA:301,1
DA:302,0
DA:304,1
DA:316,0
DA:317,0
DA:319,0
DA:320,0
DA:324,0
DA:333,1
DA:339,0
DA:341,0
LF:109
LH:28
BRDA:35,0,0,0
BRDA:49,1,0,0
BRDA:49,1,1,0
BRDA:103,2,0,0
BRDA:107,3,0,0
BRDA:107,3,1,0
BRDA:110,4,0,0
BRDA:110,4,1,0
BRDA:155,5,0,0
BRDA:170,6,0,0
BRDA:173,7,0,0
BRDA:176,8,0,0
BRDA:195,9,0,0
BRDA:195,9,1,0
BRDA:199,10,0,0
BRDA:203,11,0,0
BRDA:220,12,0,0
BRDA:220,13,0,0
BRDA:220,13,1,0
BRDA:230,14,0,0
BRDA:257,15,0,0
BRDA:259,16,0,0
BRDA:259,16,1,0
BRDA:259,16,2,0
BRDA:259,16,3,0
BRDA:259,16,4,0
BRDA:259,16,5,0
BRDA:299,17,0,0
BRDA:299,17,1,0
BRDA:299,17,2,0
BRDA:299,17,3,0
BRDA:302,18,0,0
BRDA:302,18,1,0
BRDA:316,19,0,0
BRDA:316,20,0,0
BRDA:316,20,1,0
BRDA:316,20,2,0
BRDA:320,21,0,0
BRDA:320,21,1,0
BRDA:321,22,0,0
BRDA:321,22,1,0
BRF:41
BRH:0
end_of_record
TN:
SF:src/features/counterfactual/services/safeCreationEvents.ts
FN:61,(anonymous_6)
FN:62,(anonymous_7)
FNF:2
FNH:1
FNDA:7,(anonymous_6)
FNDA:0,(anonymous_7)
DA:1,1
DA:5,1
DA:54,1
DA:56,1
DA:58,1
DA:61,1
DA:62,7
DA:63,0
LF:8
LH:7
BRF:0
BRH:0
end_of_record
TN:
SF:src/features/counterfactual/store/undeployedSafesSlice.ts
FN:20,(anonymous_9)
FN:44,(anonymous_10)
FN:49,(anonymous_11)
FN:66,(anonymous_12)
FN:81,(anonymous_13)
FN:87,(anonymous_14)
FN:94,(anonymous_15)
FN:96,(anonymous_16)
FN:101,(anonymous_17)
FNF:9
FNH:0
FNDA:0,(anonymous_9)
FNDA:0,(anonymous_10)
FNDA:0,(anonymous_11)
FNDA:0,(anonymous_12)
FNDA:0,(anonymous_13)
FNDA:0,(anonymous_14)
FNDA:0,(anonymous_15)
FNDA:0,(anonymous_16)
FNDA:0,(anonymous_17)
DA:2,1
DA:4,1
DA:11,1
DA:14,1
DA:16,3
DA:29,0
DA:31,0
DA:32,0
DA:35,0
DA:46,0
DA:53,0
DA:55,0
DA:57,0
DA:67,0
DA:68,0
DA:70,0
DA:72,0
DA:74,0
DA:79,1
DA:81,1
DA:82,0
DA:85,1
DA:88,0
DA:92,1
DA:95,0
DA:96,0
DA:101,1
DA:102,0
LF:28
LH:10
BRDA:31,0,0,0
BRDA:55,1,0,0
BRDA:68,2,0,0
BRDA:72,3,0,0
BRF:4
BRH:0
end_of_record
TN:
SF:src/features/hypernative/store/hnStateSlice.ts
FN:31,(anonymous_8)
FN:41,(anonymous_9)
FN:50,(anonymous_10)
FN:59,(anonymous_11)
FN:68,(anonymous_12)
FN:83,(anonymous_13)
FN:88,(anonymous_14)
FN:89,(anonymous_15)
FN:91,(anonymous_16)
FNF:9
FNH:0
FNDA:0,(anonymous_8)
FNDA:0,(anonymous_9)
FNDA:0,(anonymous_10)
FNDA:0,(anonymous_11)
FNDA:0,(anonymous_12)
FNDA:0,(anonymous_13)
FNDA:0,(anonymous_14)
FNDA:0,(anonymous_15)
FNDA:0,(anonymous_16)
DA:2,1
DA:22,1
DA:24,1
DA:31,1
DA:32,0
DA:33,0
DA:37,3
DA:45,0
DA:46,0
DA:47,0
DA:48,0
DA:54,0
DA:55,0
DA:56,0
DA:57,0
DA:63,0
DA:64,0
DA:65,0
DA:66,0
DA:72,0
DA:73,0
DA:74,0
DA:75,0
DA:80,0
DA:81,1
DA:83,1
DA:85,1
DA:88,0
DA:89,0
DA:92,0
DA:93,0
LF:31
LH:8
BRDA:32,0,0,0
BRDA:83,1,0,0
BRDA:83,1,1,0
BRF:3
BRH:0
end_of_record
TN:
SF:src/features/hypernative/store/index.ts
FNF:0
FNH:0
DA:1,1
LF:1
LH:1
BRF:0
BRH:0
end_of_record
TN:
SF:src/features/multichain/utils/utils.ts
FN:28,(anonymous_12)
FN:32,(anonymous_13)
FN:39,(anonymous_14)
FN:43,(anonymous_15)
FN:48,(anonymous_16)
FN:60,(anonymous_17)
FN:64,(anonymous_18)
FN:72,(anonymous_19)
FN:78,(anonymous_20)
FN:86,(anonymous_21)
FN:90,(anonymous_22)
FN:94,(anonymous_23)
FN:95,(anonymous_24)
FN:105,(anonymous_25)
FN:108,(anonymous_26)
FN:111,(anonymous_27)
FN:132,(anonymous_28)
FN:141,(anonymous_29)
FN:146,(anonymous_30)
FN:150,(anonymous_31)
FNF:20
FNH:0
FNDA:0,(anonymous_12)
FNDA:0,(anonymous_13)
FNDA:0,(anonymous_14)
FNDA:0,(anonymous_15)
FNDA:0,(anonymous_16)
FNDA:0,(anonymous_17)
FNDA:0,(anonymous_18)
FNDA:0,(anonymous_19)
FNDA:0,(anonymous_20)
FNDA:0,(anonymous_21)
FNDA:0,(anonymous_22)
FNDA:0,(anonymous_23)
FNDA:0,(anonymous_24)
FNDA:0,(anonymous_25)
FNDA:0,(anonymous_26)
FNDA:0,(anonymous_27)
FNDA:0,(anonymous_28)
FNDA:0,(anonymous_29)
FNDA:0,(anonymous_30)
FNDA:0,(anonymous_31)
DA:4,1
DA:5,1
DA:6,1
DA:12,1
DA:13,1
DA:14,1
DA:15,1
DA:16,1
DA:19,1
DA:20,1
DA:28,1
DA:29,0
DA:32,1
DA:33,0
DA:34,0
DA:36,0
DA:39,1
DA:40,0
DA:43,1
DA:48,0
DA:49,0
DA:50,0
DA:51,0
DA:52,0
DA:53,0
DA:59,0
DA:60,0
DA:62,0
DA:63,0
DA:64,0
DA:69,0
DA:72,1
DA:73,0
DA:75,0
DA:77,0
DA:79,0
DA:82,0
DA:83,0
DA:86,1
DA:90,0
DA:91,0
DA:93,0
DA:94,0
DA:96,0
DA:101,0
DA:104,1
DA:106,0
DA:108,0
DA:111,1
DA:117,0
DA:120,0
DA:123,0
DA:126,0
DA:128,0
DA:129,0
DA:132,1
DA:133,0
DA:134,0
DA:141,1
DA:142,0
DA:143,0
DA:146,1
DA:147,0
DA:150,1
DA:151,0
DA:152,0
LF:66
LH:22
BRDA:29,0,0,0
BRDA:29,0,1,0
BRDA:33,1,0,0
BRDA:33,2,0,0
BRDA:33,2,1,0
BRDA:50,3,0,0
BRDA:52,4,0,0
BRDA:60,5,0,0
BRDA:60,5,1,0
BRDA:62,6,0,0
BRDA:75,7,0,0
BRDA:79,8,0,0
BRDA:79,8,1,0
BRDA:79,8,2,0
BRDA:83,9,0,0
BRDA:83,9,1,0
BRDA:91,10,0,0
BRDA:91,11,0,0
BRDA:91,11,1,0
BRDA:97,12,0,0
BRDA:97,12,1,0
BRDA:97,12,2,0
BRDA:143,13,0,0
BRDA:143,13,1,0
BRDA:147,14,0,0
BRDA:147,14,1,0
BRDA:151,15,0,0
BRDA:152,16,0,0
BRDA:152,16,1,0
BRF:29
BRH:0
end_of_record
TN:
SF:src/features/swap/helpers/utils.ts
FN:18,calculateDifference
FN:22,asDecimal
FN:31,(anonymous_18)
FN:47,(anonymous_19)
FN:60,(anonymous_20)
FN:67,(anonymous_21)
FN:83,(anonymous_22)
FN:93,(anonymous_23)
FN:109,(anonymous_24)
FN:126,(anonymous_25)
FN:145,(anonymous_26)
FN:157,(anonymous_27)
FN:164,(anonymous_28)
FN:171,(anonymous_29)
FN:186,(anonymous_30)
FN:197,(anonymous_31)
FN:200,(anonymous_32)
FN:203,(anonymous_33)
FN:206,(anonymous_34)
FNF:19
FNH:0
FNDA:0,calculateDifference
FNDA:0,asDecimal
FNDA:0,(anonymous_18)
FNDA:0,(anonymous_19)
FNDA:0,(anonymous_20)
FNDA:0,(anonymous_21)
FNDA:0,(anonymous_22)
FNDA:0,(anonymous_23)
FNDA:0,(anonymous_24)
FNDA:0,(anonymous_25)
FNDA:0,(anonymous_26)
FNDA:0,(anonymous_27)
FNDA:0,(anonymous_28)
FNDA:0,(anonymous_29)
FNDA:0,(anonymous_30)
FNDA:0,(anonymous_31)
FNDA:0,(anonymous_32)
FNDA:0,(anonymous_33)
FNDA:0,(anonymous_34)
DA:3,1
DA:6,1
DA:13,1
DA:19,0
DA:23,0
DA:26,1
DA:29,1
DA:31,1
DA:34,0
DA:36,0
DA:44,0
DA:47,1
DA:50,0
DA:52,0
DA:57,0
DA:60,1
DA:61,0
DA:62,0
DA:64,0
DA:67,1
DA:73,0
DA:74,0
DA:75,0
DA:76,0
DA:77,0
DA:79,0
DA:83,1
DA:84,0
DA:85,0
DA:86,0
DA:87,0
DA:89,0
DA:93,1
DA:99,0
DA:101,0
DA:105,0
DA:106,0
DA:109,1
DA:115,0
DA:117,0
DA:122,0
DA:123,0
DA:126,1
DA:132,0
DA:133,0
DA:134,0
DA:135,0
DA:136,0
DA:137,0
DA:139,0
DA:142,0
DA:145,1
DA:148,0
DA:149,0
DA:150,0
DA:151,0
DA:153,0
DA:157,1
DA:158,0
DA:159,0
DA:161,0
DA:164,1
DA:165,0
DA:166,0
DA:168,0
DA:171,1
DA:174,0
DA:175,0
DA:176,0
DA:177,0
DA:179,0
DA:180,0
DA:183,0
DA:186,1
DA:187,0
DA:189,0
DA:191,0
DA:193,0
DA:197,1
DA:198,0
DA:201,0
DA:204,0
DA:206,0
LF:83
LH:19
BRDA:37,0,0,0
BRDA:37,0,1,0
BRDA:39,1,0,0
BRDA:39,1,1,0
BRDA:61,2,0,0
BRDA:74,3,0,0
BRDA:74,3,1,0
BRDA:75,4,0,0
BRDA:75,4,1,0
BRDA:76,5,0,0
BRDA:76,5,1,0
BRDA:77,6,0,0
BRDA:77,6,1,0
BRDA:84,7,0,0
BRDA:84,7,1,0
BRDA:86,8,0,0
BRDA:86,8,1,0
BRDA:105,9,0,0
BRDA:105,9,1,0
BRDA:106,10,0,0
BRDA:106,10,1,0
BRDA:122,11,0,0
BRDA:122,11,1,0
BRDA:123,12,0,0
BRDA:123,12,1,0
BRDA:132,13,0,0
BRDA:132,13,1,0
BRDA:135,14,0,0
BRDA:135,14,1,0
BRDA:148,15,0,0
BRDA:148,15,1,0
BRDA:149,16,0,0
BRDA:149,16,1,0
BRDA:150,17,0,0
BRDA:150,17,1,0
BRDA:151,18,0,0
BRDA:151,18,1,0
BRDA:159,19,0,0
BRDA:159,19,1,0
BRDA:168,20,0,0
BRDA:168,20,1,0
BRDA:174,21,0,0
BRDA:174,21,1,0
BRDA:176,22,0,0
BRDA:176,22,1,0
BRDA:179,23,0,0
BRDA:180,24,0,0
BRDA:180,24,1,0
BRDA:183,25,0,0
BRDA:183,25,1,0
BRDA:187,26,0,0
BRDA:187,26,1,0
BRDA:187,26,2,0
BRDA:199,27,0,0
BRDA:199,27,1,0
BRDA:201,28,0,0
BRDA:201,28,1,0
BRDA:204,29,0,0
BRDA:204,29,1,0
BRDA:206,30,0,0
BRDA:206,30,1,0
BRF:61
BRH:0
end_of_record
TN:
SF:src/features/swap/store/swapParamsSlice.ts
FN:19,(anonymous_4)
FN:33,(anonymous_5)
FNF:2
FNH:0
FNDA:0,(anonymous_4)
FNDA:0,(anonymous_5)
DA:3,1
DA:4,1
DA:5,1
DA:11,1
DA:15,3
DA:25,0
DA:32,1
DA:33,1
LF:8
LH:7
BRF:0
BRH:0
end_of_record
TN:
SF:src/hooks/useChainId.ts
FN:10,(anonymous_5)
FN:16,(anonymous_6)
FN:30,(anonymous_7)
FN:33,(anonymous_8)
FN:37,(anonymous_9)
FN:41,(anonymous_10)
FNF:6
FNH:0
FNDA:0,(anonymous_5)
FNDA:0,(anonymous_6)
FNDA:0,(anonymous_7)
FNDA:0,(anonymous_8)
FNDA:0,(anonymous_9)
FNDA:0,(anonymous_10)
DA:1,1
DA:2,1
DA:3,1
DA:4,1
DA:5,1
DA:6,1
DA:7,1
DA:10,1
DA:11,0
DA:12,0
DA:13,0
DA:16,1
DA:17,0
DA:18,0
DA:21,0
DA:22,0
DA:23,0
DA:25,0
DA:26,0
DA:28,0
DA:30,0
DA:33,1
DA:34,0
DA:35,0
DA:37,0
DA:38,0
DA:41,1
DA:42,0
DA:43,0
DA:45,0
DA:48,1
LF:31
LH:12
BRDA:11,0,0,0
BRDA:21,1,0,0
BRDA:21,1,1,0
BRDA:21,2,0,0
BRDA:21,2,1,0
BRDA:21,2,2,0
BRDA:22,3,0,0
BRDA:22,3,1,0
BRDA:23,4,0,0
BRDA:23,4,1,0
BRDA:26,5,0,0
BRDA:26,5,1,0
BRDA:28,6,0,0
BRDA:30,7,0,0
BRDA:30,7,1,0
BRDA:37,8,0,0
BRDA:37,8,1,0
BRDA:37,9,0,0
BRDA:37,9,1,0
BRDA:45,10,0,0
BRDA:45,10,1,0
BRDA:45,10,2,0
BRF:22
BRH:0
end_of_record
TN:
SF:src/hooks/useChains.ts
FN:9,(anonymous_5)
FN:12,(anonymous_6)
FN:15,(anonymous_7)
FN:19,(anonymous_8)
FN:30,(anonymous_9)
FN:33,(anonymous_10)
FN:40,(anonymous_11)
FN:51,(anonymous_12)
FNF:8
FNH:0
FNDA:0,(anonymous_5)
FNDA:0,(anonymous_6)
FNDA:0,(anonymous_7)
FNDA:0,(anonymous_8)
FNDA:0,(anonymous_9)
FNDA:0,(anonymous_10)
FNDA:0,(anonymous_11)
FNDA:0,(anonymous_12)
DA:1,1
DA:3,1
DA:4,1
DA:6,1
DA:7,1
DA:9,1
DA:10,0
DA:12,0
DA:13,0
DA:15,0
DA:18,0
DA:19,0
DA:28,1
DA:30,1
DA:31,0
DA:33,0
DA:34,0
DA:36,0
DA:40,1
DA:41,0
DA:42,0
DA:51,1
DA:52,0
DA:53,0
LF:24
LH:10
BRDA:13,0,0,0
BRDA:21,1,0,0
BRDA:21,1,1,0
BRDA:34,2,0,0
BRDA:53,3,0,0
BRDA:53,3,1,0
BRF:6
BRH:0
end_of_record
TN:
SF:src/hooks/coreSDK/safeCoreSDK.ts
FN:19,(anonymous_6)
FNF:1
FNH:0
FNDA:0,(anonymous_6)
DA:1,1
DA:2,1
DA:3,1
DA:4,1
DA:5,1
DA:6,1
DA:7,1
DA:8,1
DA:9,1
DA:11,1
DA:15,1
DA:16,1
DA:19,1
DA:28,0
DA:29,0
DA:30,0
DA:33,0
DA:34,0
DA:38,0
DA:39,0
DA:41,0
DA:42,0
DA:44,0
DA:45,0
DA:47,0
DA:48,0
DA:49,0
DA:51,0
DA:52,0
DA:53,0
DA:56,0
DA:57,0
DA:59,0
DA:60,0
DA:61,0
DA:64,0
DA:66,0
DA:67,0
DA:68,0
DA:72,0
DA:78,0
DA:79,0
DA:81,0
DA:82,0
DA:86,0
DA:87,0
DA:91,0
DA:92,0
DA:95,0
DA:96,0
DA:97,0
DA:105,0
DA:108,0
DA:117,0
DA:118,0
DA:119,0
DA:120,1
LF:57
LH:14
BRDA:29,0,0,0
BRDA:33,1,0,0
BRDA:33,1,1,0
BRDA:38,2,0,0
BRDA:47,3,0,0
BRDA:47,4,0,0
BRDA:47,4,1,0
BRDA:51,5,0,0
BRDA:51,6,0,0
BRDA:51,6,1,0
BRDA:59,7,0,0
BRDA:66,8,0,0
BRDA:86,9,0,0
BRDA:91,10,0,0
BRDA:95,11,0,0
BRDA:96,12,0,0
BRDA:96,13,0,0
BRDA:96,13,1,0
BRDA:100,14,0,0
BRDA:100,14,1,0
BRDA:112,15,0,0
BRDA:112,15,1,0
BRF:22
BRH:0
end_of_record
TN:
SF:src/hooks/messages/useIsSafeMessagePending.ts
FN:4,(anonymous_1)
FN:5,(anonymous_2)
FNF:2
FNH:0
FNDA:0,(anonymous_1)
FNDA:0,(anonymous_2)
DA:1,1
DA:2,1
DA:4,1
DA:5,0
DA:8,1
LF:5
LH:4
BRF:0
BRH:0
end_of_record
TN:
SF:src/hooks/messages/useSafeMessageStatus.ts
FN:25,(anonymous_2)
FN:33,(anonymous_3)
FNF:2
FNH:2
FNDA:4,(anonymous_2)
FNDA:3,(anonymous_3)
DA:4,1
DA:5,1
DA:7,1
DA:8,1
DA:9,1
DA:10,1
DA:18,1
DA:25,1
DA:26,4
DA:27,4
DA:29,4
DA:30,1
DA:33,3
DA:34,3
DA:35,3
DA:36,1
DA:39,2
DA:42,4
LF:18
LH:18
BRDA:29,0,0,1
BRDA:33,1,0,3
BRDA:33,1,1,3
BRDA:35,2,0,1
BRDA:35,3,0,3
BRDA:35,3,1,2
BRF:6
BRH:6
end_of_record
TN:
SF:src/hooks/wallets/consts.ts
FNF:0
FNH:0
DA:1,1
DA:12,1
LF:2
LH:2
BRF:0
BRH:0
end_of_record
TN:
SF:src/hooks/wallets/useOnboard.ts
FN:31,(anonymous_13)
FN:36,(anonymous_14)
FN:43,(anonymous_15)
FN:84,(anonymous_16)
FN:92,(anonymous_17)
FN:93,(anonymous_18)
FN:117,(anonymous_19)
FN:143,(anonymous_20)
FN:149,(anonymous_21)
FN:162,(anonymous_22)
FN:167,(anonymous_23)
FN:174,(anonymous_24)
FN:181,(anonymous_25)
FN:184,(anonymous_26)
FN:185,(anonymous_27)
FN:190,(anonymous_28)
FN:197,(anonymous_29)
FN:201,(anonymous_30)
FN:216,(anonymous_31)
FNF:19
FNH:0
FNDA:0,(anonymous_13)
FNDA:0,(anonymous_14)
FNDA:0,(anonymous_15)
FNDA:0,(anonymous_16)
FNDA:0,(anonymous_17)
FNDA:0,(anonymous_18)
FNDA:0,(anonymous_19)
FNDA:0,(anonymous_20)
FNDA:0,(anonymous_21)
FNDA:0,(anonymous_22)
FNDA:0,(anonymous_23)
FNDA:0,(anonymous_24)
FNDA:0,(anonymous_25)
FNDA:0,(anonymous_26)
FNDA:0,(anonymous_27)
FNDA:0,(anonymous_28)
FNDA:0,(anonymous_29)
FNDA:0,(anonymous_30)
FNDA:0,(anonymous_31)
DA:1,1
DA:5,1
DA:6,1
DA:7,1
DA:8,1
DA:9,1
DA:10,1
DA:11,1
DA:12,1
DA:13,1
DA:14,1
DA:15,1
DA:29,1
DA:31,1
DA:36,0
DA:37,0
DA:38,0
DA:43,1
DA:44,0
DA:46,0
DA:47,0
DA:49,0
DA:50,0
DA:52,0
DA:53,0
DA:54,0
DA:55,0
DA:56,0
DA:57,0
DA:58,0
DA:59,0
DA:61,0
DA:62,0
DA:66,0
DA:67,0
DA:68,0
DA:79,0
DA:80,0
DA:84,1
DA:85,0
DA:86,0
DA:87,0
DA:88,0
DA:89,0
DA:92,1
DA:93,0
DA:94,0
DA:96,0
DA:105,0
DA:106,0
DA:107,0
DA:114,1
DA:117,1
DA:121,0
DA:122,0
DA:125,0
DA:129,0
DA:130,0
DA:132,0
DA:133,0
DA:135,0
DA:138,0
DA:140,0
DA:143,1
DA:144,0
DA:147,1
DA:149,1
DA:150,0
DA:151,0
DA:152,0
DA:154,0
DA:155,0
DA:162,1
DA:163,0
DA:167,1
DA:168,0
DA:169,0
DA:170,0
DA:171,0
DA:172,0
DA:174,0
DA:175,0
DA:176,0
DA:181,0
DA:182,0
DA:184,0
DA:185,0
DA:186,0
DA:187,0
DA:190,0
DA:192,0
DA:197,0
DA:198,0
DA:199,0
DA:201,0
DA:202,0
DA:203,0
DA:204,0
DA:205,0
DA:206,0
DA:207,0
DA:209,0
DA:210,0
DA:211,0
DA:212,0
DA:216,0
DA:217,0
DA:222,1
LF:108
LH:25
BRDA:37,0,0,0
BRDA:44,1,0,0
BRDA:47,2,0,0
BRDA:50,3,0,0
BRDA:53,4,0,0
BRDA:55,5,0,0
BRDA:55,5,1,0
BRDA:56,6,0,0
BRDA:56,6,1,0
BRDA:58,7,0,0
BRDA:58,7,1,0
BRDA:86,8,0,0
BRDA:89,9,0,0
BRDA:89,9,1,0
BRDA:94,10,0,0
BRDA:94,10,1,0
BRDA:106,11,0,0
BRDA:121,12,0,0
BRDA:151,13,0,0
BRDA:154,14,0,0
BRDA:154,15,0,0
BRDA:154,15,1,0
BRDA:156,16,0,0
BRDA:156,16,1,0
BRDA:175,17,0,0
BRDA:175,18,0,0
BRDA:175,18,1,0
BRDA:182,19,0,0
BRDA:182,20,0,0
BRDA:182,20,1,0
BRDA:199,21,0,0
BRDA:203,22,0,0
BRDA:203,22,1,0
BRDA:204,23,0,0
BRDA:209,24,0,0
BRF:35
BRH:0
end_of_record
TN:
SF:src/hooks/wallets/useWallet.ts
FN:5,(anonymous_4)
FN:9,(anonymous_5)
FN:13,(anonymous_6)
FNF:3
FNH:1
FNDA:1,(anonymous_4)
FNDA:0,(anonymous_5)
FNDA:0,(anonymous_6)
DA:1,1
DA:3,1
DA:5,1
DA:6,1
DA:9,1
DA:10,0
DA:13,1
DA:14,0
DA:17,2
LF:9
LH:7
BRDA:6,0,0,1
BRDA:6,0,1,1
BRDA:10,1,0,0
BRDA:10,1,1,0
BRF:4
BRH:2
end_of_record
TN:
SF:src/hooks/wallets/web3.ts
FN:15,(anonymous_12)
FN:26,(anonymous_13)
FN:30,(anonymous_14)
FN:39,(anonymous_15)
FN:43,(anonymous_16)
FN:60,(anonymous_17)
FNF:6
FNH:0
FNDA:0,(anonymous_12)
FNDA:0,(anonymous_13)
FNDA:0,(anonymous_14)
FNDA:0,(anonymous_15)
FNDA:0,(anonymous_16)
FNDA:0,(anonymous_17)
DA:2,1
DA:3,1
DA:4,1
DA:12,1
DA:15,1
DA:16,0
DA:18,0
DA:19,0
DA:20,0
DA:23,0
DA:26,1
DA:27,0
DA:30,1
DA:31,0
DA:32,0
DA:33,0
DA:39,1
DA:40,0
DA:43,1
DA:44,0
DA:45,0
DA:46,0
DA:52,1
DA:55,0
DA:56,0
DA:57,0
DA:58,1
DA:60,1
DA:61,0
DA:62,0
DA:63,0
DA:64,0
DA:66,0
LF:33
LH:12
BRDA:18,0,0,0
BRDA:18,1,0,0
BRDA:18,1,1,0
BRDA:23,2,0,0
BRDA:23,2,1,0
BRDA:31,3,0,0
BRDA:31,3,1,0
BRDA:32,4,0,0
BRDA:44,5,0,0
BRDA:44,5,1,0
BRDA:45,6,0,0
BRDA:62,7,0,0
BRF:12
BRH:0
end_of_record
TN:
SF:src/markdown/terms/version.js
FNF:0
FNH:0
DA:2,4
DA:3,1
LF:2
LH:2
BRF:0
BRH:0
end_of_record
TN:
SF:src/services/EventBus.ts
FN:10,(anonymous_1)
FN:14,(anonymous_2)
FN:19,(anonymous_3)
FN:20,(anonymous_4)
FN:31,(anonymous_5)
FNF:5
FNH:2
FNDA:3,(anonymous_1)
FNDA:0,(anonymous_2)
FNDA:35,(anonymous_3)
FNDA:0,(anonymous_4)
FNDA:0,(anonymous_5)
DA:11,3
DA:15,0
DA:16,0
DA:20,35
DA:21,0
DA:22,0
DA:26,35
DA:28,35
DA:31,35
DA:35,3
LF:10
LH:6
BRDA:21,0,0,0
BRF:1
BRH:0
end_of_record
TN:
SF:src/services/sentry.ts
FN:12,(anonymous_4)
FNF:1
FNH:0
FNDA:0,(anonymous_4)
DA:1,1
DA:2,1
DA:3,1
DA:5,1
DA:14,0
DA:15,0
DA:16,0
DA:17,0
DA:18,0
DA:20,0
DA:23,0
DA:27,1
DA:28,1
LF:13
LH:6
BRDA:15,0,0,0
BRDA:15,1,0,0
BRDA:15,1,1,0
BRDA:16,2,0,0
BRDA:16,2,1,0
BRDA:16,3,0,0
BRDA:16,3,1,0
BRDA:17,4,0,0
BRDA:17,4,1,0
BRF:9
BRH:0
end_of_record
TN:
SF:src/services/analytics/ga-mixpanel-mapping.ts
FNF:0
FNH:0
DA:1,1
DA:2,1
DA:3,1
DA:4,1
DA:5,1
DA:6,1
DA:7,1
DA:8,1
DA:9,1
DA:10,1
DA:11,1
DA:12,1
DA:13,1
DA:14,1
DA:15,1
DA:18,1
DA:57,1
LF:17
LH:17
BRF:0
BRH:0
end_of_record
TN:
SF:src/services/analytics/gtm.ts
FN:28,(anonymous_12)
FN:32,(anonymous_13)
FN:36,(anonymous_14)
FN:40,(anonymous_15)
FN:46,(anonymous_16)
FN:53,(anonymous_17)
FN:54,(anonymous_18)
FN:56,(anonymous_19)
FN:67,(anonymous_20)
FN:106,(anonymous_21)
FN:138,(anonymous_22)
FN:150,(anonymous_23)
FN:159,(anonymous_24)
FN:189,(anonymous_25)
FNF:14
FNH:0
FNDA:0,(anonymous_12)
FNDA:0,(anonymous_13)
FNDA:0,(anonymous_14)
FNDA:0,(anonymous_15)
FNDA:0,(anonymous_16)
FNDA:0,(anonymous_17)
FNDA:0,(anonymous_18)
FNDA:0,(anonymous_19)
FNDA:0,(anonymous_20)
FNDA:0,(anonymous_21)
FNDA:0,(anonymous_22)
FNDA:0,(anonymous_23)
FNDA:0,(anonymous_24)
FNDA:0,(anonymous_25)
DA:10,1
DA:11,1
DA:12,1
DA:14,1
DA:15,1
DA:16,1
DA:18,1
DA:19,1
DA:21,1
DA:28,1
DA:29,0
DA:32,1
DA:33,0
DA:36,1
DA:37,0
DA:40,1
DA:41,0
DA:46,1
DA:47,0
DA:51,0
DA:52,0
DA:53,0
DA:54,0
DA:56,0
DA:57,0
DA:64,0
DA:67,1
DA:68,0
DA:72,0
DA:73,0
DA:106,1
DA:107,0
DA:116,0
DA:117,0
DA:119,0
DA:122,0
DA:123,0
DA:126,0
DA:129,0
DA:131,0
DA:132,0
DA:135,0
DA:138,1
DA:139,0
DA:147,0
DA:150,1
DA:152,0
DA:154,0
DA:156,0
DA:159,1
DA:160,0
DA:161,0
DA:164,0
DA:176,0
DA:177,0
DA:178,0
DA:179,0
DA:182,0
DA:183,0
DA:186,0
DA:189,1
DA:190,0
DA:192,0
DA:193,0
LF:64
LH:20
BRDA:72,0,0,0
BRDA:109,1,0,0
BRDA:109,1,1,0
BRDA:112,2,0,0
BRDA:112,2,1,0
BRDA:116,3,0,0
BRDA:116,3,1,0
BRDA:122,4,0,0
BRDA:122,4,1,0
BRDA:131,5,0,0
BRDA:152,6,0,0
BRDA:156,7,0,0
BRDA:156,7,1,0
BRDA:160,8,0,0
BRDA:160,9,0,0
BRDA:160,9,1,0
BRDA:176,10,0,0
BRDA:182,11,0,0
BRDA:192,12,0,0
BRF:19
BRH:0
end_of_record
TN:
SF:src/services/analytics/index.ts
FN:21,(anonymous_7)
FN:32,(anonymous_8)
FNF:2
FNH:0
FNDA:0,(anonymous_7)
FNDA:0,(anonymous_8)
DA:15,1
DA:16,1
DA:17,1
DA:19,1
DA:21,1
DA:22,0
DA:25,0
DA:27,0
DA:28,0
DA:32,1
DA:38,0
DA:40,0
DA:43,0
DA:45,0
DA:46,0
DA:48,0
DA:49,0
DA:54,0
DA:55,0
DA:58,0
DA:63,0
DA:67,1
DA:69,1
DA:70,1
LF:24
LH:9
BRDA:25,0,0,0
BRDA:25,0,1,0
BRDA:25,1,0,0
BRDA:25,1,1,0
BRDA:27,2,0,0
BRDA:38,3,0,0
BRDA:38,3,1,0
BRDA:43,4,0,0
BRDA:43,4,1,0
BRDA:43,5,0,0
BRDA:43,5,1,0
BRDA:45,6,0,0
BRDA:45,7,0,0
BRDA:45,7,1,0
BRDA:48,8,0,0
BRDA:48,8,1,0
BRDA:54,9,0,0
BRF:17
BRH:0
end_of_record
TN:
SF:src/services/analytics/mixpanel-events.ts
FNF:0
FNH:0
DA:1,36
DA:31,1
DA:44,1
DA:71,1
DA:76,1
LF:5
LH:5
BRF:0
BRH:0
end_of_record
TN:
SF:src/services/analytics/mixpanel.ts
FN:9,(anonymous_12)
FN:11,(anonymous_13)
FN:13,(anonymous_14)
FN:21,(anonymous_15)
FN:26,(anonymous_16)
FN:30,(anonymous_17)
FN:36,(anonymous_18)
FN:42,(anonymous_19)
FN:48,(anonymous_20)
FN:54,(anonymous_21)
FN:90,(anonymous_22)
FN:94,(anonymous_23)
FN:98,(anonymous_24)
FN:102,(anonymous_25)
FN:110,(anonymous_26)
FN:114,(anonymous_27)
FN:118,(anonymous_28)
FN:122,(anonymous_29)
FN:130,(anonymous_30)
FNF:19
FNH:0
FNDA:0,(anonymous_12)
FNDA:0,(anonymous_13)
FNDA:0,(anonymous_14)
FNDA:0,(anonymous_15)
FNDA:0,(anonymous_16)
FNDA:0,(anonymous_17)
FNDA:0,(anonymous_18)
FNDA:0,(anonymous_19)
FNDA:0,(anonymous_20)
FNDA:0,(anonymous_21)
FNDA:0,(anonymous_22)
FNDA:0,(anonymous_23)
FNDA:0,(anonymous_24)
FNDA:0,(anonymous_25)
FNDA:0,(anonymous_26)
FNDA:0,(anonymous_27)
FNDA:0,(anonymous_28)
FNDA:0,(anonymous_29)
FNDA:0,(anonymous_30)
DA:1,1
DA:2,1
DA:3,1
DA:4,1
DA:5,1
DA:7,1
DA:9,1
DA:11,1
DA:12,0
DA:13,0
DA:15,0
DA:16,0
DA:18,0
DA:21,1
DA:26,1
DA:27,0
DA:30,1
DA:31,0
DA:32,0
DA:36,1
DA:37,0
DA:38,0
DA:42,1
DA:43,0
DA:44,0
DA:48,1
DA:49,0
DA:50,0
DA:54,1
DA:55,0
DA:57,0
DA:58,0
DA:59,0
DA:61,0
DA:64,0
DA:65,0
DA:75,0
DA:77,0
DA:82,0
DA:83,0
DA:86,0
DA:90,1
DA:91,0
DA:94,1
DA:95,0
DA:98,1
DA:99,0
DA:102,1
DA:103,0
DA:105,0
DA:106,0
DA:110,1
DA:111,0
DA:114,1
DA:115,0
DA:118,1
DA:119,0
DA:122,1
DA:123,0
DA:125,0
DA:126,0
DA:130,1
DA:131,0
DA:132,0
DA:134,0
DA:135,0
LF:66
LH:24
BRDA:12,0,0,0
BRDA:13,1,0,0
BRDA:13,1,1,0
BRDA:15,2,0,0
BRDA:23,3,0,0
BRDA:23,3,1,0
BRDA:31,4,0,0
BRDA:37,5,0,0
BRDA:43,6,0,0
BRDA:44,7,0,0
BRDA:44,7,1,0
BRDA:49,8,0,0
BRDA:55,9,0,0
BRDA:55,10,0,0
BRDA:55,10,1,0
BRDA:57,11,0,0
BRDA:58,12,0,0
BRDA:82,13,0,0
BRDA:105,14,0,0
BRDA:105,15,0,0
BRDA:105,15,1,0
BRDA:125,16,0,0
BRDA:125,17,0,0
BRDA:125,17,1,0
BRDA:134,18,0,0
BRDA:134,19,0,0
BRDA:134,19,1,0
BRF:27
BRH:0
end_of_record
TN:
SF:src/services/analytics/types.ts
FNF:0
FNH:0
DA:4,60
DA:34,2
DA:40,1
DA:46,1
LF:4
LH:4
BRF:0
BRH:0
end_of_record
TN:
SF:src/services/analytics/events/addressBook.ts
FNF:0
FNH:0
DA:1,1
DA:3,1
LF:2
LH:2
BRF:0
BRH:0
end_of_record
TN:
SF:src/services/analytics/events/assets.ts
FNF:0
FNH:0
DA:1,1
DA:3,1
DA:5,1
LF:3
LH:3
BRF:0
BRH:0
end_of_record
TN:
SF:src/services/analytics/events/batching.ts
FNF:0
FNH:0
DA:1,1
DA:3,1
LF:2
LH:2
BRF:0
BRH:0
end_of_record
TN:
SF:src/services/analytics/events/createLoadSafe.ts
FNF:0
FNH:0
DA:1,1
DA:3,1
DA:5,2
DA:70,1
DA:72,1
LF:5
LH:5
BRF:0
BRH:0
end_of_record
TN:
SF:src/services/analytics/events/earn.ts
FNF:0
FNH:0
DA:1,1
DA:3,1
DA:26,1
LF:3
LH:3
BRF:0
BRH:0
end_of_record
TN:
SF:src/services/analytics/events/hypernative.ts
FNF:0
FNH:0
DA:1,1
DA:3,6
DA:30,1
LF:3
LH:3
BRF:0
BRH:0
end_of_record
TN:
SF:src/services/analytics/events/index.ts
FNF:0
FNH:0
DA:1,1
DA:2,1
DA:3,1
DA:4,1
DA:5,1
DA:6,1
DA:7,1
DA:8,1
DA:9,1
DA:10,1
DA:11,1
DA:12,1
DA:13,1
LF:13
LH:13
BRF:0
BRH:0
end_of_record
TN:
SF:src/services/analytics/events/modals.ts
FNF:0
FNH:0
DA:1,1
DA:3,1
DA:5,1
DA:121,1
LF:4
LH:4
BRF:0
BRH:0
end_of_record
TN:
SF:src/services/analytics/events/nested-safes.ts
FNF:0
FNH:0
DA:1,1
DA:3,1
DA:26,1
LF:3
LH:3
BRF:0
BRH:0
end_of_record
TN:
SF:src/services/analytics/events/overview.ts
FNF:0
FNH:0
DA:1,1
DA:3,1
DA:5,8
DA:199,1
DA:206,1
DA:211,1
DA:218,1
LF:7
LH:7
BRF:0
BRH:0
end_of_record
TN:
SF:src/services/analytics/events/positions.ts
FNF:0
FNH:0
DA:1,1
DA:3,3
DA:18,1
LF:3
LH:3
BRF:0
BRH:0
end_of_record
TN:
SF:src/services/analytics/events/safe-shield.ts
FNF:0
FNH:0
DA:1,1
DA:3,5
LF:2
LH:2
BRF:0
BRH:0
end_of_record
TN:
SF:src/services/analytics/events/safeApps.ts
FNF:0
FNH:0
DA:1,1
DA:3,1
DA:4,1
DA:5,1
DA:7,1
DA:12,1
DA:74,1
LF:7
LH:7
BRF:0
BRH:0
end_of_record
TN:
SF:src/services/analytics/events/settings.ts
FNF:0
FNH:0
DA:1,1
DA:3,1
DA:5,1
DA:159,1
LF:4
LH:4
BRF:0
BRH:0
end_of_record
TN:
SF:src/services/analytics/events/stake.ts
FNF:0
FNH:0
DA:1,1
DA:3,1
DA:14,1
LF:3
LH:3
BRF:0
BRH:0
end_of_record
TN:
SF:src/services/analytics/events/swaps.ts
FNF:0
FNH:0
DA:1,1
DA:3,1
DA:10,1
LF:3
LH:3
BRF:0
BRH:0
end_of_record
TN:
SF:src/services/analytics/events/terms.ts
FNF:0
FNH:0
DA:1,1
DA:3,1
DA:5,1
LF:3
LH:3
BRF:0
BRH:0
end_of_record
TN:
SF:src/services/analytics/events/txList.ts
FNF:0
FNH:0
DA:1,1
DA:3,1
DA:5,1
DA:10,2
DA:86,1
LF:5
LH:5
BRF:0
BRH:0
end_of_record
TN:
SF:src/services/analytics/events/wallet.ts
FNF:0
FNH:0
DA:1,1
DA:3,1
DA:5,1
LF:3
LH:3
BRF:0
BRH:0
end_of_record
TN:
SF:src/services/analytics/events/walletconnect.ts
FNF:0
FNH:0
DA:1,1
DA:3,1
DA:5,1
LF:3
LH:3
BRF:0
BRH:0
end_of_record
TN:
SF:src/services/contracts/safeContracts.ts
FN:21,(anonymous_10)
FN:32,(anonymous_11)
FN:43,(anonymous_12)
FN:49,(anonymous_13)
FN:71,(anonymous_14)
FN:81,(anonymous_15)
FN:97,(anonymous_16)
FN:116,(anonymous_17)
FN:134,(anonymous_18)
FNF:9
FNH:0
FNDA:0,(anonymous_10)
FNDA:0,(anonymous_11)
FNDA:0,(anonymous_12)
FNDA:0,(anonymous_13)
FNDA:0,(anonymous_14)
FNDA:0,(anonymous_15)
FNDA:0,(anonymous_16)
FNDA:0,(anonymous_17)
FNDA:0,(anonymous_18)
DA:1,1
DA:2,1
DA:3,1
DA:10,1
DA:14,1
DA:15,1
DA:16,1
DA:17,1
DA:21,1
DA:23,0
DA:24,0
DA:25,0
DA:26,0
DA:29,0
DA:32,1
DA:33,0
DA:34,0
DA:35,0
DA:38,0
DA:40,0
DA:43,1
DA:44,0
DA:46,0
DA:49,1
DA:54,0
DA:56,0
DA:58,0
DA:60,0
DA:71,1
DA:72,0
DA:74,0
DA:75,0
DA:78,0
DA:81,1
DA:82,0
DA:83,0
DA:84,0
DA:87,0
DA:90,0
DA:92,0
DA:97,1
DA:98,0
DA:101,0
DA:102,0
DA:103,0
DA:104,0
DA:107,0
DA:116,1
DA:117,0
DA:120,0
DA:121,0
DA:122,0
DA:123,0
DA:126,0
DA:134,1
DA:135,0
DA:136,0
DA:137,0
DA:140,0
DA:143,0
DA:145,0
LF:61
LH:17
BRDA:24,0,0,0
BRDA:26,1,0,0
BRDA:26,1,1,0
BRDA:34,2,0,0
BRDA:54,3,0,0
BRDA:54,3,1,0
BRDA:58,4,0,0
BRDA:58,4,1,0
BRDA:74,5,0,0
BRDA:78,6,0,0
BRDA:78,6,1,0
BRDA:83,7,0,0
BRDA:90,8,0,0
BRDA:90,8,1,0
BRDA:102,9,0,0
BRDA:104,10,0,0
BRDA:104,10,1,0
BRDA:121,11,0,0
BRDA:123,12,0,0
BRDA:123,12,1,0
BRDA:136,13,0,0
BRDA:143,14,0,0
BRDA:143,14,1,0
BRF:23
BRH:0
end_of_record
TN:
SF:src/services/contracts/spendingLimitContracts.ts
FN:9,(anonymous_5)
FN:16,(anonymous_6)
FN:22,(anonymous_7)
FN:27,(anonymous_8)
FN:32,(anonymous_9)
FN:41,(anonymous_10)
FN:57,(anonymous_11)
FNF:7
FNH:1
FNDA:1,(anonymous_5)
FNDA:0,(anonymous_6)
FNDA:0,(anonymous_7)
FNDA:0,(anonymous_8)
FNDA:0,(anonymous_9)
FNDA:0,(anonymous_10)
FNDA:0,(anonymous_11)
DA:1,1
DA:4,1
DA:7,1
DA:9,1
DA:14,1
DA:16,1
DA:17,0
DA:18,0
DA:19,0
DA:20,0
DA:21,0
DA:22,0
DA:23,0
DA:27,1
DA:28,0
DA:29,0
DA:32,1
DA:36,0
DA:37,0
DA:41,1
DA:46,0
DA:48,0
DA:49,0
DA:52,0
DA:54,0
DA:57,1
DA:58,0
LF:27
LH:10
BRDA:9,0,0,1
BRDA:9,0,1,1
BRDA:17,1,0,0
BRDA:20,2,0,0
BRDA:23,3,0,0
BRDA:48,4,0,0
BRF:6
BRH:2
end_of_record
TN:
SF:src/services/datadog/index.ts
FN:7,initDatadog
FN:30,useDatadog
FN:31,(anonymous_5)
FNF:3
FNH:0
FNDA:0,initDatadog
FNDA:0,useDatadog
FNDA:0,(anonymous_5)
DA:1,1
DA:2,1
DA:3,1
DA:5,1
DA:8,0
DA:9,0
DA:11,0
DA:12,0
DA:13,0
DA:15,0
DA:16,0
DA:17,0
DA:20,0
DA:27,0
DA:30,0
DA:31,0
DA:32,0
DA:36,1
LF:18
LH:5
BRDA:8,0,0,0
BRDA:11,1,0,0
BRDA:15,2,0,0
BRF:3
BRH:0
end_of_record
TN:
SF:src/services/exceptions/index.ts
FN:11,(anonymous_6)
FN:20,(anonymous_7)
FN:29,(anonymous_8)
FN:34,(anonymous_9)
FN:52,(anonymous_10)
FN:63,logError
FN:69,trackError
FNF:7
FNH:0
FNDA:0,(anonymous_6)
FNDA:0,(anonymous_7)
FNDA:0,(anonymous_8)
FNDA:0,(anonymous_9)
FNDA:0,(anonymous_10)
FNDA:0,logError
FNDA:0,trackError
DA:1,1
DA:2,1
DA:3,1
DA:4,1
DA:5,1
DA:7,0
DA:12,0
DA:13,0
DA:14,0
DA:15,0
DA:17,0
DA:21,0
DA:23,0
DA:24,0
DA:25,0
DA:26,0
DA:31,0
DA:32,0
DA:34,0
DA:36,0
DA:37,0
DA:42,0
DA:44,0
DA:46,0
DA:53,0
DA:55,0
DA:56,0
DA:63,1
DA:64,0
DA:65,0
DA:66,0
DA:69,1
DA:70,0
DA:71,0
DA:72,0
DA:75,1
LF:36
LH:8
BRDA:14,0,0,0
BRDA:23,1,0,0
BRDA:23,1,1,0
BRDA:31,2,0,0
BRDA:42,3,0,0
BRDA:42,3,1,0
BRDA:44,4,0,0
BRDA:55,5,0,0
BRF:8
BRH:0
end_of_record
TN:
SF:src/services/local-storage/Storage.ts
FN:16,(anonymous_1)
FN:21,(anonymous_2)
FN:25,(anonymous_3)
FN:44,(anonymous_4)
FN:58,(anonymous_5)
FN:67,(anonymous_6)
FN:69,(anonymous_7)
FN:70,(anonymous_8)
FN:73,(anonymous_9)
FN:80,(anonymous_10)
FNF:10
FNH:3
FNDA:2,(anonymous_1)
FNDA:66,(anonymous_2)
FNDA:66,(anonymous_3)
FNDA:0,(anonymous_4)
FNDA:0,(anonymous_5)
FNDA:0,(anonymous_6)
FNDA:0,(anonymous_7)
FNDA:0,(anonymous_8)
FNDA:0,(anonymous_9)
FNDA:0,(anonymous_10)
DA:1,1
DA:2,1
DA:3,1
DA:4,1
DA:17,2
DA:18,2
DA:21,2
DA:22,66
DA:25,2
DA:26,66
DA:27,66
DA:28,66
DA:29,66
DA:31,0
DA:34,66
DA:36,0
DA:37,0
DA:39,0
DA:41,0
DA:44,2
DA:45,0
DA:47,0
DA:48,0
DA:49,0
DA:51,0
DA:54,0
DA:58,2
DA:59,0
DA:60,0
DA:61,0
DA:63,0
DA:67,2
DA:68,0
DA:69,0
DA:70,0
DA:73,2
DA:74,0
DA:80,2
DA:81,0
DA:82,0
DA:83,0
DA:86,0
DA:87,0
DA:88,0
DA:91,0
DA:95,2
LF:46
LH:20
BRDA:16,0,0,2
BRDA:29,1,0,66
BRDA:29,1,1,66
BRDA:34,2,0,66
BRDA:48,3,0,0
BRDA:48,3,1,0
BRDA:68,4,0,0
BRDA:68,4,1,0
BRDA:82,5,0,0
BRDA:86,6,0,0
BRF:10
BRH:4
end_of_record
TN:
SF:src/services/local-storage/local.ts
FN:5,(anonymous_4)
FN:6,(anonymous_5)
FN:7,(anonymous_6)
FN:8,(anonymous_7)
FNF:4
FNH:2
FNDA:2,(anonymous_4)
FNDA:1,(anonymous_5)
FNDA:0,(anonymous_6)
FNDA:0,(anonymous_7)
DA:1,1
DA:3,1
DA:5,2
DA:6,1
DA:7,0
DA:8,0
DA:11,64
LF:7
LH:5
BRDA:3,0,0,1
BRDA:3,0,1,0
BRF:2
BRH:1
end_of_record
TN:
SF:src/services/local-storage/session.ts
FN:5,(anonymous_4)
FN:6,(anonymous_5)
FN:7,(anonymous_6)
FN:8,(anonymous_7)
FNF:4
FNH:2
FNDA:1,(anonymous_4)
FNDA:1,(anonymous_5)
FNDA:0,(anonymous_6)
FNDA:0,(anonymous_7)
DA:1,1
DA:3,1
DA:5,1
DA:6,1
DA:7,0
DA:8,0
DA:11,1
LF:7
LH:5
BRDA:3,0,0,1
BRDA:3,0,1,0
BRF:2
BRH:1
end_of_record
TN:
SF:src/services/local-storage/storageHelpers.ts
FN:13,isBigIntSerialized
FN:17,replacer
FN:33,reviver
FNF:3
FNH:0
FNDA:0,isBigIntSerialized
FNDA:0,replacer
FNDA:0,reviver
DA:14,0
DA:17,0
DA:18,0
DA:19,0
DA:20,0
DA:21,0
DA:24,0
DA:29,0
DA:33,0
DA:34,0
DA:35,0
DA:37,0
LF:12
LH:0
BRDA:18,0,0,0
BRDA:18,0,1,0
BRDA:20,1,0,0
BRDA:34,2,0,0
BRF:4
BRH:0
end_of_record
TN:
SF:src/services/ls-migration/batch.ts
FN:4,(anonymous_1)
FN:6,(anonymous_2)
FN:8,(anonymous_3)
FN:9,(anonymous_4)
FNF:4
FNH:1
FNDA:4,(anonymous_1)
FNDA:0,(anonymous_2)
FNDA:0,(anonymous_3)
FNDA:0,(anonymous_4)
DA:2,1
DA:4,4
DA:6,4
DA:7,0
DA:8,0
DA:9,0
DA:10,0
DA:11,0
DA:17,0
DA:23,4
LF:10
LH:4
BRDA:7,0,0,0
BRDA:10,1,0,0
BRDA:10,2,0,0
BRDA:10,2,1,0
BRDA:10,2,2,0
BRDA:13,3,0,0
BRDA:13,3,1,0
BRDA:14,4,0,0
BRDA:14,4,1,0
BRF:9
BRH:0
end_of_record
TN:
SF:src/services/private-key-module/index.ts
FN:10,getPrivateKey
FN:19,(anonymous_8)
FN:20,(anonymous_9)
FN:30,(anonymous_10)
FN:34,(anonymous_11)
FN:37,(anonymous_12)
FN:37,(anonymous_13)
FN:38,(anonymous_14)
FN:48,(anonymous_15)
FN:54,(anonymous_16)
FN:55,(anonymous_17)
FN:64,(anonymous_18)
FN:74,(anonymous_19)
FN:78,(anonymous_20)
FN:86,(anonymous_21)
FN:89,(anonymous_22)
FN:91,(anonymous_23)
FN:93,(anonymous_24)
FN:95,(anonymous_25)
FN:97,(anonymous_26)
FN:102,(anonymous_27)
FN:106,(anonymous_28)
FN:116,(anonymous_29)
FN:142,(anonymous_30)
FNF:24
FNH:0
FNDA:0,getPrivateKey
FNDA:0,(anonymous_8)
FNDA:0,(anonymous_9)
FNDA:0,(anonymous_10)
FNDA:0,(anonymous_11)
FNDA:0,(anonymous_12)
FNDA:0,(anonymous_13)
FNDA:0,(anonymous_14)
FNDA:0,(anonymous_15)
FNDA:0,(anonymous_16)
FNDA:0,(anonymous_17)
FNDA:0,(anonymous_18)
FNDA:0,(anonymous_19)
FNDA:0,(anonymous_20)
FNDA:0,(anonymous_21)
FNDA:0,(anonymous_22)
FNDA:0,(anonymous_23)
FNDA:0,(anonymous_24)
FNDA:0,(anonymous_25)
FNDA:0,(anonymous_26)
FNDA:0,(anonymous_27)
FNDA:0,(anonymous_28)
FNDA:0,(anonymous_29)
FNDA:0,(anonymous_30)
DA:1,1
DA:3,1
DA:4,1
DA:5,1
DA:6,1
DA:8,1
DA:11,0
DA:12,0
DA:14,0
DA:19,0
DA:20,0
DA:21,0
DA:22,0
DA:27,1
DA:28,1
DA:30,1
DA:31,0
DA:32,0
DA:34,0
DA:35,0
DA:37,0
DA:39,0
DA:40,0
DA:41,0
DA:46,0
DA:48,0
DA:49,0
DA:50,0
DA:51,0
DA:52,0
DA:54,0
DA:55,0
DA:59,0
DA:61,0
DA:65,0
DA:66,0
DA:67,0
DA:68,0
DA:70,0
DA:75,0
DA:79,0
DA:86,0
DA:89,0
DA:91,0
DA:93,0
DA:95,0
DA:98,0
DA:103,0
DA:107,0
DA:108,0
DA:117,0
DA:120,0
DA:121,0
DA:123,0
DA:124,0
DA:126,0
DA:130,0
DA:131,0
DA:134,0
DA:143,0
DA:144,0
DA:155,1
LF:62
LH:10
BRDA:12,0,0,0
BRDA:22,1,0,0
BRDA:22,1,1,0
BRDA:40,2,0,0
BRDA:65,3,0,0
BRDA:65,3,1,0
BRDA:67,4,0,0
BRDA:67,4,1,0
BRDA:123,5,0,0
BRDA:123,5,1,0
BRDA:130,6,0,0
BRDA:130,7,0,0
BRDA:130,7,1,0
BRDA:130,7,2,0
BRDA:130,7,3,0
BRF:15
BRH:0
end_of_record
TN:
SF:src/services/private-key-module/pk-popup-store.ts
FN:19,(anonymous_2)
FNF:1
FNH:0
FNDA:0,(anonymous_2)
DA:1,1
DA:2,1
DA:9,1
DA:14,1
DA:15,1
DA:17,1
DA:19,1
DA:20,0
DA:23,1
LF:9
LH:8
BRDA:17,0,0,1
BRDA:17,0,1,1
BRDA:20,1,0,0
BRDA:20,1,1,0
BRF:4
BRH:2
end_of_record
TN:
SF:src/services/safe-messages/safeMsgEvents.ts
FN:40,(anonymous_6)
FN:41,(anonymous_7)
FNF:2
FNH:1
FNDA:6,(anonymous_6)
FNDA:0,(anonymous_7)
DA:3,1
DA:5,1
DA:33,1
DA:35,1
DA:37,1
DA:40,1
DA:41,6
DA:42,0
LF:8
LH:7
BRF:0
BRH:0
end_of_record
TN:
SF:src/services/safe-wallet-provider/index.ts
FN:100,(anonymous_4)
FN:119,(anonymous_5)
FN:130,(anonymous_6)
FN:135,(anonymous_7)
FN:214,(anonymous_8)
FN:253,(anonymous_9)
FN:284,(anonymous_10)
FN:297,(anonymous_11)
FN:301,(anonymous_12)
FN:305,(anonymous_13)
FN:316,(anonymous_14)
FN:327,(anonymous_15)
FN:339,(anonymous_16)
FN:378,(anonymous_17)
FN:392,(anonymous_18)
FN:402,(anonymous_19)
FN:411,(anonymous_20)
FN:440,(anonymous_21)
FN:479,(anonymous_22)
FN:490,(anonymous_23)
FN:495,(anonymous_24)
FN:512,(anonymous_25)
FNF:22
FNH:1
FNDA:1,(anonymous_4)
FNDA:0,(anonymous_5)
FNDA:0,(anonymous_6)
FNDA:0,(anonymous_7)
FNDA:0,(anonymous_8)
FNDA:0,(anonymous_9)
FNDA:0,(anonymous_10)
FNDA:0,(anonymous_11)
FNDA:0,(anonymous_12)
FNDA:0,(anonymous_13)
FNDA:0,(anonymous_14)
FNDA:0,(anonymous_15)
FNDA:0,(anonymous_16)
FNDA:0,(anonymous_17)
FNDA:0,(anonymous_18)
FNDA:0,(anonymous_19)
FNDA:0,(anonymous_20)
FNDA:0,(anonymous_21)
FNDA:0,(anonymous_22)
FNDA:0,(anonymous_23)
FNDA:0,(anonymous_24)
FNDA:0,(anonymous_25)
DA:1,1
DA:4,1
DA:93,1
DA:100,1
DA:108,1
DA:120,0
DA:121,0
DA:125,0
DA:128,0
DA:131,0
DA:132,0
DA:136,0
DA:138,0
DA:140,0
DA:145,0
DA:150,0
DA:154,0
DA:158,0
DA:163,0
DA:167,0
DA:173,0
DA:177,0
DA:181,0
DA:187,0
DA:191,0
DA:195,0
DA:196,0
DA:200,0
DA:205,0
DA:209,0
DA:233,0
DA:234,0
DA:240,0
DA:242,0
DA:254,0
DA:255,0
DA:257,0
DA:258,0
DA:261,0
DA:262,0
DA:264,0
DA:265,0
DA:267,0
DA:268,0
DA:275,0
DA:276,0
DA:279,0
DA:285,0
DA:286,0
DA:288,0
DA:289,0
DA:292,0
DA:294,0
DA:298,0
DA:302,0
DA:306,0
DA:307,0
DA:310,0
DA:311,0
DA:313,0
DA:317,0
DA:318,0
DA:321,0
DA:322,0
DA:324,0
DA:328,0
DA:330,0
DA:331,0
DA:334,0
DA:335,0
DA:336,0
DA:346,0
DA:347,0
DA:350,0
DA:358,0
DA:361,0
DA:375,0
DA:379,0
DA:380,0
DA:381,0
DA:385,0
DA:386,0
DA:389,0
DA:393,0
DA:394,0
DA:395,0
DA:397,0
DA:403,0
DA:404,0
DA:407,0
DA:408,0
DA:411,0
DA:412,0
DA:413,0
DA:415,0
DA:418,0
DA:420,0
DA:422,0
DA:424,0
DA:430,0
DA:438,0
DA:443,0
DA:444,0
DA:447,0
DA:448,0
DA:451,0
DA:459,0
DA:460,0
DA:463,0
DA:466,0
DA:467,0
DA:470,0
DA:471,0
DA:472,0
DA:476,0
DA:477,0
DA:479,0
DA:488,0
DA:491,0
DA:492,0
DA:496,0
DA:497,0
DA:508,0
DA:513,0
LF:124
LH:5
BRDA:100,0,0,1
BRDA:100,0,1,1
BRDA:136,1,0,0
BRDA:138,2,0,0
BRDA:138,2,1,0
BRDA:138,2,2,0
BRDA:138,2,3,0
BRDA:138,2,4,0
BRDA:138,2,5,0
BRDA:138,2,6,0
BRDA:138,2,7,0
BRDA:138,2,8,0
BRDA:138,2,9,0
BRDA:138,2,10,0
BRDA:138,2,11,0
BRDA:138,2,12,0
BRDA:138,2,13,0
BRDA:138,2,14,0
BRDA:138,2,15,0
BRDA:138,2,16,0
BRDA:138,2,17,0
BRDA:257,3,0,0
BRDA:261,4,0,0
BRDA:261,5,0,0
BRDA:261,5,1,0
BRDA:264,6,0,0
BRDA:264,6,1,0
BRDA:265,7,0,0
BRDA:265,7,1,0
BRDA:267,8,0,0
BRDA:267,9,0,0
BRDA:267,9,1,0
BRDA:269,10,0,0
BRDA:269,10,1,0
BRDA:270,11,0,0
BRDA:270,11,1,0
BRDA:275,12,0,0
BRDA:288,13,0,0
BRDA:288,14,0,0
BRDA:288,14,1,0
BRDA:288,14,2,0
BRDA:288,14,3,0
BRDA:306,15,0,0
BRDA:311,16,0,0
BRDA:311,16,1,0
BRDA:313,17,0,0
BRDA:313,17,1,0
BRDA:317,18,0,0
BRDA:317,19,0,0
BRDA:317,19,1,0
BRDA:322,20,0,0
BRDA:322,20,1,0
BRDA:324,21,0,0
BRDA:324,21,1,0
BRDA:328,22,0,0
BRDA:328,22,1,0
BRDA:330,23,0,0
BRDA:335,24,0,0
BRDA:335,24,1,0
BRDA:336,25,0,0
BRDA:336,25,1,0
BRDA:346,26,0,0
BRDA:346,27,0,0
BRDA:346,27,1,0
BRDA:358,28,0,0
BRDA:381,29,0,0
BRDA:381,29,1,0
BRDA:385,30,0,0
BRDA:395,31,0,0
BRDA:395,31,1,0
BRDA:403,32,0,0
BRDA:407,33,0,0
BRDA:412,34,0,0
BRDA:412,35,0,0
BRDA:412,35,1,0
BRDA:412,35,2,0
BRDA:415,36,0,0
BRDA:415,37,0,0
BRDA:415,37,1,0
BRDA:415,37,2,0
BRDA:420,38,0,0
BRDA:426,39,0,0
BRDA:426,39,1,0
BRDA:427,40,0,0
BRDA:427,40,1,0
BRDA:447,41,0,0
BRDA:459,42,0,0
BRDA:466,43,0,0
BRDA:471,44,0,0
BRDA:472,45,0,0
BRDA:472,45,1,0
BRDA:481,46,0,0
BRDA:481,46,1,0
BRDA:496,47,0,0
BRF:94
BRH:2
end_of_record
TN:
SF:src/services/tracking/abTesting.ts
FN:8,(anonymous_3)
FN:12,(anonymous_4)
FNF:2
FNH:0
FNDA:0,(anonymous_3)
FNDA:0,(anonymous_4)
DA:6,1
DA:8,1
DA:9,0
DA:12,1
DA:13,0
LF:5
LH:3
BRF:0
BRH:0
end_of_record
TN:
SF:src/services/tx/extractTxInfo.ts
FN:12,(anonymous_1)
FN:23,(anonymous_2)
FNF:2
FNH:0
FNDA:0,(anonymous_1)
FNDA:0,(anonymous_2)
DA:4,1
DA:5,1
DA:7,1
DA:12,1
DA:15,0
DA:18,0
DA:22,0
DA:24,0
DA:25,0
DA:30,0
DA:31,0
DA:32,0
DA:33,0
DA:34,0
DA:35,0
DA:37,0
DA:38,0
DA:39,0
DA:40,0
DA:42,0
DA:59,1
LF:21
LH:5
BRDA:15,0,0,0
BRDA:15,0,1,0
BRDA:22,1,0,0
BRDA:22,1,1,0
BRDA:24,2,0,0
BRDA:24,2,1,0
BRDA:30,3,0,0
BRDA:30,3,1,0
BRDA:31,4,0,0
BRDA:31,4,1,0
BRDA:32,5,0,0
BRDA:32,5,1,0
BRDA:33,6,0,0
BRDA:33,6,1,0
BRDA:34,7,0,0
BRDA:34,7,1,0
BRDA:35,8,0,0
BRDA:35,8,1,0
BRDA:37,9,0,0
BRDA:37,9,1,0
BRDA:38,10,0,0
BRDA:38,10,1,0
BRDA:39,11,0,0
BRDA:39,11,1,0
BRDA:40,12,0,0
BRDA:40,12,1,0
BRF:26
BRH:0
end_of_record
TN:
SF:src/services/tx/proposeTransaction.ts
FN:8,(anonymous_1)
FNF:1
FNH:0
FNDA:0,(anonymous_1)
DA:3,1
DA:5,1
DA:6,1
DA:8,1
DA:16,0
DA:18,0
DA:35,0
DA:37,0
DA:45,0
DA:46,0
DA:49,0
DA:52,1
LF:12
LH:5
BRDA:16,0,0,0
BRDA:16,0,1,0
BRDA:20,1,0,0
BRDA:20,1,1,0
BRDA:21,2,0,0
BRDA:21,2,1,0
BRDA:24,3,0,0
BRDA:24,3,1,0
BRDA:25,4,0,0
BRDA:25,4,1,0
BRDA:26,5,0,0
BRDA:26,5,1,0
BRDA:45,6,0,0
BRF:13
BRH:0
end_of_record
TN:
SF:src/services/tx/txEvents.ts
FN:67,(anonymous_6)
FN:68,(anonymous_7)
FNF:2
FNH:1
FNDA:22,(anonymous_6)
FNDA:0,(anonymous_7)
DA:1,1
DA:4,1
DA:60,1
DA:62,1
DA:64,1
DA:67,1
DA:68,22
DA:69,0
LF:8
LH:7
BRF:0
BRH:0
end_of_record
TN:
SF:src/services/tx/txMonitor.ts
FN:12,_getRemainingTimeout
FN:20,(anonymous_7)
FN:30,(anonymous_8)
FN:32,(anonymous_9)
FN:40,(anonymous_10)
FN:48,(anonymous_11)
FN:59,(anonymous_12)
FN:62,(anonymous_13)
FN:75,(anonymous_14)
FN:122,(anonymous_16)
FN:124,(anonymous_17)
FN:130,(anonymous_18)
FN:136,(anonymous_19)
FN:150,(anonymous_20)
FN:160,(anonymous_21)
FN:170,(anonymous_22)
FN:180,(anonymous_23)
FN:190,(anonymous_24)
FN:200,(anonymous_25)
FN:210,(anonymous_26)
FN:228,(anonymous_27)
FN:229,(anonymous_28)
FNF:22
FNH:0
FNDA:0,_getRemainingTimeout
FNDA:0,(anonymous_7)
FNDA:0,(anonymous_8)
FNDA:0,(anonymous_9)
FNDA:0,(anonymous_10)
FNDA:0,(anonymous_11)
FNDA:0,(anonymous_12)
FNDA:0,(anonymous_13)
FNDA:0,(anonymous_14)
FNDA:0,(anonymous_16)
FNDA:0,(anonymous_17)
FNDA:0,(anonymous_18)
FNDA:0,(anonymous_19)
FNDA:0,(anonymous_20)
FNDA:0,(anonymous_21)
FNDA:0,(anonymous_22)
FNDA:0,(anonymous_23)
FNDA:0,(anonymous_24)
FNDA:0,(anonymous_25)
FNDA:0,(anonymous_26)
FNDA:0,(anonymous_27)
FNDA:0,(anonymous_28)
DA:1,1
DA:3,1
DA:5,1
DA:6,1
DA:7,1
DA:8,1
DA:10,1
DA:12,0
DA:13,0
DA:14,0
DA:16,0
DA:20,1
DA:30,0
DA:31,0
DA:32,0
DA:33,0
DA:39,0
DA:40,0
DA:41,0
DA:48,0
DA:49,0
DA:59,0
DA:60,0
DA:62,0
DA:63,0
DA:71,0
DA:72,0
DA:73,0
DA:75,0
DA:76,0
DA:77,0
DA:79,0
DA:81,0
DA:87,0
DA:90,0
DA:91,0
DA:94,0
DA:98,1
DA:121,1
DA:122,1
DA:124,1
DA:125,0
DA:129,0
DA:130,0
DA:132,0
DA:133,0
DA:136,0
DA:137,0
DA:141,0
DA:142,0
DA:145,0
DA:148,1
DA:150,1
DA:160,0
DA:161,0
DA:164,0
DA:165,0
DA:168,0
DA:170,0
DA:171,0
DA:178,0
DA:180,0
DA:181,0
DA:188,0
DA:190,0
DA:191,0
DA:198,0
DA:200,0
DA:201,0
DA:208,0
DA:210,0
DA:211,0
DA:218,0
DA:221,0
DA:224,0
DA:225,0
DA:228,0
DA:229,0
DA:230,0
DA:242,0
LF:80
LH:14
BRDA:14,0,0,0
BRDA:14,0,1,0
BRDA:31,1,0,0
BRDA:31,1,1,0
BRDA:39,2,0,0
BRDA:39,2,1,0
BRDA:73,3,0,0
BRDA:73,3,1,0
BRDA:77,4,0,0
BRDA:132,5,0,0
BRDA:132,6,0,0
BRDA:132,6,1,0
BRDA:164,7,0,0
BRDA:168,8,0,0
BRDA:168,8,1,0
BRDA:168,8,2,0
BRDA:168,8,3,0
BRDA:168,8,4,0
BRDA:168,8,5,0
BRF:19
BRH:0
end_of_record
TN:
SF:src/services/tx/tx-sender/sdk.ts
FN:22,(anonymous_13)
FN:32,(anonymous_14)
FN:41,switchOrAddChain
FN:77,(anonymous_16)
FN:94,(anonymous_17)
FN:95,(anonymous_18)
FN:104,(anonymous_19)
FN:111,(anonymous_20)
FN:131,(anonymous_21)
FN:136,(anonymous_22)
FN:141,(anonymous_23)
FN:147,(anonymous_24)
FN:151,(anonymous_25)
FN:156,(anonymous_26)
FN:202,(anonymous_27)
FN:216,(anonymous_28)
FNF:16
FNH:0
FNDA:0,(anonymous_13)
FNDA:0,(anonymous_14)
FNDA:0,switchOrAddChain
FNDA:0,(anonymous_16)
FNDA:0,(anonymous_17)
FNDA:0,(anonymous_18)
FNDA:0,(anonymous_19)
FNDA:0,(anonymous_20)
FNDA:0,(anonymous_21)
FNDA:0,(anonymous_22)
FNDA:0,(anonymous_23)
FNDA:0,(anonymous_24)
FNDA:0,(anonymous_25)
FNDA:0,(anonymous_26)
FNDA:0,(anonymous_27)
FNDA:0,(anonymous_28)
DA:1,1
DA:3,1
DA:8,1
DA:10,1
DA:11,1
DA:12,1
DA:13,1
DA:14,1
DA:15,1
DA:18,1
DA:19,1
DA:20,1
DA:22,1
DA:23,0
DA:24,0
DA:25,0
DA:29,0
DA:32,1
DA:33,0
DA:34,0
DA:35,0
DA:38,0
DA:42,0
DA:43,0
DA:45,0
DA:46,0
DA:51,0
DA:54,0
DA:56,0
DA:57,0
DA:59,0
DA:73,0
DA:77,1
DA:78,0
DA:79,0
DA:82,0
DA:83,0
DA:87,0
DA:88,0
DA:89,0
DA:90,0
DA:94,0
DA:95,0
DA:96,0
DA:97,0
DA:98,0
DA:99,0
DA:104,0
DA:105,0
DA:106,0
DA:111,1
DA:112,0
DA:114,0
DA:115,0
DA:118,0
DA:120,0
DA:121,0
DA:124,0
DA:125,0
DA:128,0
DA:131,1
DA:132,0
DA:133,0
DA:136,1
DA:137,0
DA:138,0
DA:141,1
DA:142,0
DA:144,0
DA:147,1
DA:148,0
DA:151,1
DA:152,0
DA:156,1
DA:157,0
DA:159,0
DA:160,0
DA:163,0
DA:167,0
DA:169,0
DA:170,0
DA:171,0
DA:172,0
DA:174,0
DA:175,0
DA:176,0
DA:177,0
DA:178,0
DA:181,0
DA:182,0
DA:183,0
DA:190,0
DA:191,0
DA:192,0
DA:193,0
DA:194,0
DA:198,0
DA:202,1
DA:203,0
DA:205,0
DA:207,0
DA:208,0
DA:211,0
DA:212,0
DA:213,0
DA:214,0
DA:216,0
DA:217,0
DA:218,0
DA:222,0
LF:110
LH:23
BRDA:24,0,0,0
BRDA:34,1,0,0
BRDA:56,2,0,0
BRDA:56,3,0,0
BRDA:56,3,1,0
BRDA:79,4,0,0
BRDA:82,5,0,0
BRDA:82,6,0,0
BRDA:82,6,1,0
BRDA:87,7,0,0
BRDA:90,8,0,0
BRDA:90,8,1,0
BRDA:97,9,0,0
BRDA:97,10,0,0
BRDA:97,10,1,0
BRDA:114,11,0,0
BRDA:120,12,0,0
BRDA:124,13,0,0
BRDA:159,14,0,0
BRDA:163,15,0,0
BRDA:163,15,1,0
BRDA:177,16,0,0
BRDA:177,17,0,0
BRDA:177,17,1,0
BRDA:177,17,2,0
BRDA:181,18,0,0
BRDA:184,19,0,0
BRDA:184,19,1,0
BRDA:191,20,0,0
BRDA:193,21,0,0
BRDA:207,22,0,0
BRDA:213,23,0,0
BRDA:216,24,0,0
BRDA:216,24,1,0
BRDA:217,25,0,0
BRF:35
BRH:0
end_of_record
TN:
SF:src/store/addedSafesSlice.ts
FN:23,(anonymous_9)
FN:29,(anonymous_10)
FN:32,(anonymous_11)
FN:43,(anonymous_12)
FN:52,(anonymous_13)
FN:57,(anonymous_14)
FN:71,(anonymous_15)
FN:75,(anonymous_16)
FN:77,(anonymous_17)
FN:82,(anonymous_18)
FN:83,(anonymous_19)
FNF:11
FNH:0
FNDA:0,(anonymous_9)
FNDA:0,(anonymous_10)
FNDA:0,(anonymous_11)
FNDA:0,(anonymous_12)
FNDA:0,(anonymous_13)
FNDA:0,(anonymous_14)
FNDA:0,(anonymous_15)
FNDA:0,(anonymous_16)
FNDA:0,(anonymous_17)
FNDA:0,(anonymous_18)
FNDA:0,(anonymous_19)
DA:1,1
DA:17,1
DA:19,3
DA:25,0
DA:27,0
DA:30,0
DA:33,0
DA:35,0
DA:36,0
DA:44,0
DA:46,0
DA:48,0
DA:49,0
DA:53,0
DA:54,0
DA:55,0
DA:58,0
DA:60,0
DA:62,0
DA:63,0
DA:69,1
DA:71,1
DA:72,0
DA:75,1
DA:76,0
DA:77,0
DA:81,1
DA:82,0
DA:84,0
LF:29
LH:7
BRDA:25,0,0,0
BRDA:38,1,0,0
BRDA:38,1,1,0
BRDA:48,2,0,0
BRDA:55,3,0,0
BRDA:55,3,1,0
BRDA:62,4,0,0
BRDA:62,5,0,0
BRDA:62,5,1,0
BRF:9
BRH:0
end_of_record
TN:
SF:src/store/addressBookSlice.ts
FN:16,(anonymous_8)
FN:23,(anonymous_9)
FN:27,(anonymous_10)
FN:32,(anonymous_11)
FN:38,(anonymous_12)
FN:50,(anonymous_13)
FN:55,(anonymous_14)
FN:56,(anonymous_15)
FN:58,(anonymous_16)
FNF:9
FNH:0
FNDA:0,(anonymous_8)
FNDA:0,(anonymous_9)
FNDA:0,(anonymous_10)
FNDA:0,(anonymous_11)
FNDA:0,(anonymous_12)
FNDA:0,(anonymous_13)
FNDA:0,(anonymous_14)
FNDA:0,(anonymous_15)
FNDA:0,(anonymous_16)
DA:1,1
DA:2,1
DA:3,1
DA:10,1
DA:12,3
DA:18,0
DA:20,0
DA:24,0
DA:28,0
DA:29,0
DA:30,0
DA:32,0
DA:33,0
DA:34,0
DA:39,0
DA:40,0
DA:41,0
DA:42,0
DA:43,0
DA:48,1
DA:50,1
DA:51,0
DA:54,1
DA:55,0
DA:57,0
DA:58,0
DA:59,0
LF:27
LH:8
BRDA:18,0,0,0
BRDA:29,1,0,0
BRDA:33,2,0,0
BRDA:40,3,0,0
BRDA:42,4,0,0
BRDA:59,5,0,0
BRDA:59,5,1,0
BRDA:59,6,0,0
BRDA:59,6,1,0
BRF:9
BRH:0
end_of_record
TN:
SF:src/store/authSlice.ts
FN:19,(anonymous_8)
FN:23,(anonymous_9)
FN:27,(anonymous_10)
FN:35,(anonymous_11)
FN:39,(anonymous_12)
FN:43,(anonymous_13)
FN:46,(anonymous_14)
FNF:7
FNH:1
FNDA:0,(anonymous_8)
FNDA:0,(anonymous_9)
FNDA:0,(anonymous_10)
FNDA:0,(anonymous_11)
FNDA:0,(anonymous_12)
FNDA:4,(anonymous_13)
FNDA:0,(anonymous_14)
DA:2,1
DA:3,1
DA:10,1
DA:15,3
DA:20,0
DA:24,0
DA:28,0
DA:33,1
DA:35,1
DA:36,0
DA:39,1
DA:40,0
DA:43,1
DA:44,4
DA:48,0
LF:15
LH:9
BRDA:36,0,0,0
BRDA:36,0,1,0
BRF:2
BRH:0
end_of_record
TN:
SF:src/store/balancesSlice.ts
FN:17,(anonymous_5)
FN:18,(anonymous_6)
FNF:2
FNH:0
FNDA:0,(anonymous_5)
FNDA:0,(anonymous_6)
DA:3,1
DA:4,1
DA:7,1
DA:12,1
DA:14,2
DA:15,1
DA:17,1
DA:18,0
LF:8
LH:7
BRF:0
BRH:0
end_of_record
TN:
SF:src/store/batchSlice.ts
FN:30,(anonymous_5)
FN:49,(anonymous_6)
FN:60,(anonymous_7)
FN:67,(anonymous_8)
FN:73,(anonymous_9)
FNF:5
FNH:0
FNDA:0,(anonymous_5)
FNDA:0,(anonymous_6)
FNDA:0,(anonymous_7)
FNDA:0,(anonymous_8)
FNDA:0,(anonymous_9)
DA:2,1
DA:4,1
DA:23,1
DA:25,15
DA:38,0
DA:39,0
DA:40,0
DA:41,0
DA:57,0
DA:58,0
DA:59,0
DA:60,0
DA:65,1
DA:67,1
DA:68,0
DA:71,1
DA:74,0
LF:17
LH:7
BRDA:39,0,0,0
BRDA:39,0,1,0
BRDA:40,1,0,0
BRDA:40,1,1,0
BRDA:58,2,0,0
BRDA:58,2,1,0
BRDA:59,3,0,0
BRDA:59,3,1,0
BRDA:68,4,0,0
BRDA:68,4,1,0
BRDA:74,5,0,0
BRDA:74,5,1,0
BRF:12
BRH:0
end_of_record
TN:
SF:src/store/broadcast.ts
FN:9,(anonymous_3)
FN:10,(anonymous_4)
FN:10,(anonymous_5)
FN:10,(anonymous_6)
FN:28,(anonymous_7)
FN:31,(anonymous_8)
FNF:6
FNH:4
FNDA:1,(anonymous_3)
FNDA:4,(anonymous_4)
FNDA:4,(anonymous_5)
FNDA:20,(anonymous_6)
FNDA:0,(anonymous_7)
FNDA:0,(anonymous_8)
DA:5,1
DA:6,1
DA:9,1
DA:10,4
DA:11,20
DA:14,20
DA:15,20
DA:16,20
DA:17,20
DA:18,20
DA:19,0
DA:24,20
DA:28,1
DA:29,0
DA:31,0
DA:32,0
DA:33,0
LF:17
LH:12
BRDA:14,0,0,20
BRDA:14,1,0,20
BRDA:14,1,1,20
BRDA:16,2,0,20
BRDA:16,3,0,20
BRDA:16,3,1,20
BRDA:18,4,0,0
BRDA:29,5,0,0
BRDA:29,5,1,0
BRDA:32,6,0,0
BRF:10
BRH:6
end_of_record
TN:
SF:src/store/common.ts
FN:11,(anonymous_4)
FN:24,(anonymous_5)
FN:32,(anonymous_6)
FN:42,(anonymous_7)
FN:42,(anonymous_8)
FN:43,(anonymous_9)
FN:48,(anonymous_10)
FN:49,(anonymous_11)
FNF:8
FNH:1
FNDA:5,(anonymous_4)
FNDA:0,(anonymous_5)
FNDA:0,(anonymous_6)
FNDA:0,(anonymous_7)
FNDA:0,(anonymous_8)
FNDA:0,(anonymous_9)
FNDA:0,(anonymous_10)
FNDA:0,(anonymous_11)
DA:1,1
DA:11,5
DA:14,5
DA:20,5
DA:24,0
DA:32,5
DA:34,5
DA:41,3
DA:42,0
DA:43,0
DA:47,1
DA:48,0
DA:49,0
LF:13
LH:8
BRDA:26,0,0,0
BRDA:26,0,1,0
BRF:2
BRH:0
end_of_record
TN:
SF:src/store/cookiesAndTermsSlice.ts
FN:33,(anonymous_9)
FN:37,(anonymous_10)
FN:39,(anonymous_11)
FN:44,(anonymous_12)
FNF:4
FNH:0
FNDA:0,(anonymous_9)
FNDA:0,(anonymous_10)
FNDA:0,(anonymous_11)
FNDA:0,(anonymous_12)
DA:2,1
DA:4,1
DA:6,1
DA:21,4
DA:29,15
DA:33,0
DA:37,1
DA:39,1
DA:40,0
DA:41,0
DA:44,1
DA:45,0
DA:46,0
DA:49,1
LF:14
LH:9
BRDA:41,0,0,0
BRDA:41,0,1,0
BRDA:46,1,0,0
BRDA:46,1,1,0
BRF:4
BRH:0
end_of_record
TN:
SF:src/store/index.ts
FN:83,(anonymous_14)
FN:107,(anonymous_15)
FN:140,(anonymous_16)
FN:145,(anonymous_17)
FN:146,(anonymous_18)
FN:167,(anonymous_19)
FN:176,(anonymous_20)
FN:180,(anonymous_21)
FNF:8
FNH:6
FNDA:4,(anonymous_14)
FNDA:24,(anonymous_15)
FNDA:4,(anonymous_16)
FNDA:4,(anonymous_17)
FNDA:24,(anonymous_18)
FNDA:0,(anonymous_19)
FNDA:4,(anonymous_20)
FNDA:0,(anonymous_21)
DA:8,1
DA:9,1
DA:10,1
DA:11,1
DA:12,1
DA:13,1
DA:23,1
DA:25,1
DA:26,1
DA:27,1
DA:28,1
DA:29,1
DA:30,1
DA:31,1
DA:32,1
DA:34,1
DA:64,1
DA:83,4
DA:84,4
DA:87,1
DA:89,1
DA:98,1
DA:107,1
DA:108,24
DA:117,4
DA:120,4
DA:122,4
DA:128,4
DA:129,4
DA:132,4
DA:134,20
DA:140,4
DA:141,4
DA:143,4
DA:146,24
DA:147,4
DA:153,4
DA:154,0
DA:157,4
DA:159,4
DA:167,1
DA:168,1
DA:170,4
DA:174,1
DA:176,4
DA:177,4
DA:180,1
DA:181,0
DA:182,0
DA:184,0
LF:50
LH:46
BRDA:108,0,0,4
BRDA:120,1,0,4
BRDA:120,2,0,4
BRDA:120,2,1,4
BRDA:128,3,0,4
BRDA:153,4,0,0
BRDA:181,5,0,0
BRF:7
BRH:5
end_of_record
TN:
SF:src/store/notificationsSlice.ts
FN:30,(anonymous_9)
FN:33,(anonymous_10)
FN:34,(anonymous_11)
FN:38,(anonymous_12)
FN:39,(anonymous_13)
FN:43,(anonymous_14)
FN:44,(anonymous_15)
FN:46,(anonymous_16)
FN:49,(anonymous_17)
FN:50,(anonymous_18)
FN:60,(anonymous_19)
FN:61,(anonymous_20)
FN:76,(anonymous_21)
FNF:13
FNH:0
FNDA:0,(anonymous_9)
FNDA:0,(anonymous_10)
FNDA:0,(anonymous_11)
FNDA:0,(anonymous_12)
FNDA:0,(anonymous_13)
FNDA:0,(anonymous_14)
FNDA:0,(anonymous_15)
FNDA:0,(anonymous_16)
FNDA:0,(anonymous_17)
FNDA:0,(anonymous_18)
FNDA:0,(anonymous_19)
FNDA:0,(anonymous_20)
FNDA:0,(anonymous_21)
DA:1,1
DA:24,1
DA:26,2
DA:31,0
DA:34,0
DA:35,0
DA:39,0
DA:40,0
DA:44,0
DA:47,0
DA:50,0
DA:51,0
DA:57,0
DA:58,1
DA:60,1
DA:61,0
DA:62,0
DA:64,0
DA:70,0
DA:72,0
DA:76,1
DA:77,0
LF:22
LH:6
BRDA:35,0,0,0
BRDA:35,0,1,0
BRDA:40,1,0,0
BRDA:40,1,1,0
BRDA:51,2,0,0
BRDA:51,2,1,0
BRF:6
BRH:0
end_of_record
TN:
SF:src/store/orderByPreferenceSlice.ts
FN:18,(anonymous_6)
FN:27,(anonymous_7)
FNF:2
FNH:0
FNDA:0,(anonymous_6)
FNDA:0,(anonymous_7)
DA:2,1
DA:5,1
DA:12,1
DA:14,3
DA:19,0
DA:20,0
DA:25,1
DA:27,1
DA:28,0
LF:9
LH:6
BRDA:28,0,0,0
BRDA:28,0,1,0
BRF:2
BRH:0
end_of_record
TN:
SF:src/store/pendingSafeMessagesSlice.ts
FN:18,(anonymous_6)
FN:21,(anonymous_7)
FN:29,(anonymous_8)
FN:34,(anonymous_9)
FN:35,(anonymous_10)
FNF:5
FNH:0
FNDA:0,(anonymous_6)
FNDA:0,(anonymous_7)
FNDA:0,(anonymous_8)
FNDA:0,(anonymous_9)
FNDA:0,(anonymous_10)
DA:1,1
DA:12,1
DA:14,3
DA:19,0
DA:22,0
DA:27,1
DA:29,1
DA:30,0
DA:33,1
DA:34,0
DA:35,0
LF:11
LH:6
BRF:0
BRH:0
end_of_record
TN:
SF:src/store/pendingTxsSlice.ts
FN:95,(anonymous_11)
FN:99,(anonymous_12)
FN:107,(anonymous_13)
FN:112,(anonymous_14)
FN:113,(anonymous_15)
FN:118,(anonymous_16)
FN:120,(anonymous_17)
FNF:7
FNH:0
FNDA:0,(anonymous_11)
FNDA:0,(anonymous_12)
FNDA:0,(anonymous_13)
FNDA:0,(anonymous_14)
FNDA:0,(anonymous_15)
FNDA:0,(anonymous_16)
FNDA:0,(anonymous_17)
DA:1,1
DA:4,1
DA:5,1
DA:7,3
DA:16,1
DA:89,1
DA:91,3
DA:96,0
DA:97,0
DA:100,0
DA:105,1
DA:107,1
DA:108,0
DA:111,1
DA:112,0
DA:113,0
DA:116,1
DA:119,0
DA:120,0
LF:19
LH:11
BRDA:120,0,0,0
BRDA:120,0,1,0
BRF:2
BRH:0
end_of_record
TN:
SF:src/store/persistStore.ts
FN:6,(anonymous_4)
FN:7,(anonymous_5)
FN:18,(anonymous_6)
FN:19,(anonymous_7)
FN:19,(anonymous_8)
FN:19,(anonymous_9)
FN:27,(anonymous_10)
FNF:7
FNH:7
FNDA:4,(anonymous_4)
FNDA:64,(anonymous_5)
FNDA:1,(anonymous_6)
FNDA:4,(anonymous_7)
FNDA:4,(anonymous_8)
FNDA:20,(anonymous_9)
FNDA:320,(anonymous_10)
DA:3,1
DA:6,4
DA:7,4
DA:8,64
DA:10,64
DA:11,0
DA:14,64
DA:18,1
DA:19,4
DA:20,20
DA:22,20
DA:24,20
DA:26,20
DA:27,320
DA:29,20
DA:30,0
DA:31,0
DA:33,0
DA:34,0
DA:36,0
DA:41,20
LF:21
LH:15
BRDA:10,0,0,0
BRDA:22,1,0,20
BRDA:22,2,0,20
BRDA:22,2,1,20
BRDA:22,2,2,20
BRDA:24,3,0,0
BRDA:24,4,0,20
BRDA:24,4,1,0
BRDA:29,5,0,0
BRDA:33,6,0,0
BRDA:33,6,1,0
BRF:11
BRH:5
end_of_record
TN:
SF:src/store/popupSlice.ts
FN:34,(anonymous_10)
FN:40,(anonymous_11)
FN:43,(anonymous_12)
FN:46,(anonymous_13)
FN:54,(anonymous_14)
FN:55,(anonymous_15)
FNF:6
FNH:0
FNDA:0,(anonymous_10)
FNDA:0,(anonymous_11)
FNDA:0,(anonymous_12)
FNDA:0,(anonymous_13)
FNDA:0,(anonymous_14)
FNDA:0,(anonymous_15)
DA:2,1
DA:6,1
DA:21,1
DA:30,2
DA:35,0
DA:41,0
DA:44,0
DA:47,0
DA:52,1
DA:54,1
DA:55,1
LF:11
LH:7
BRF:0
BRH:0
end_of_record
TN:
SF:src/store/safeAppsSlice.ts
FN:22,(anonymous_7)
FN:32,(anonymous_8)
FN:44,(anonymous_9)
FN:53,(anonymous_10)
FN:58,(anonymous_11)
FN:59,(anonymous_12)
FN:64,(anonymous_13)
FN:68,(anonymous_14)
FNF:8
FNH:0
FNDA:0,(anonymous_7)
FNDA:0,(anonymous_8)
FNDA:0,(anonymous_9)
FNDA:0,(anonymous_10)
FNDA:0,(anonymous_11)
FNDA:0,(anonymous_12)
FNDA:0,(anonymous_13)
FNDA:0,(anonymous_14)
DA:2,1
DA:16,1
DA:18,3
DA:23,0
DA:26,0
DA:28,0
DA:30,0
DA:33,0
DA:36,0
DA:38,0
DA:40,0
DA:41,0
DA:46,0
DA:51,1
DA:53,1
DA:54,0
DA:57,1
DA:58,0
DA:60,0
DA:64,1
DA:65,0
DA:68,1
DA:69,0
LF:23
LH:8
BRDA:40,0,0,0
BRDA:65,1,0,0
BRDA:65,1,1,0
BRDA:69,2,0,0
BRDA:69,2,1,0
BRF:5
BRH:0
end_of_record
TN:
SF:src/store/safeInfoSlice.ts
FNF:0
FNH:0
DA:1,1
DA:4,1
DA:6,2
DA:7,1
LF:4
LH:4
BRF:0
BRH:0
end_of_record
TN:
SF:src/store/safeMessagesSlice.ts
FN:12,(anonymous_1)
FN:20,(anonymous_2)
FNF:2
FNH:1
FNDA:4,(anonymous_1)
FNDA:0,(anonymous_2)
DA:2,1
DA:4,1
DA:5,1
DA:6,1
DA:12,1
DA:14,4
DA:15,0
DA:18,4
DA:21,0
DA:22,0
DA:25,0
DA:27,0
DA:28,0
DA:29,0
DA:32,0
DA:33,0
DA:34,0
LF:17
LH:7
BRDA:14,0,0,0
BRDA:21,1,0,0
BRDA:28,2,0,0
BRDA:33,3,0,0
BRF:4
BRH:0
end_of_record
TN:
SF:src/store/sessionSlice.ts
FN:18,(anonymous_6)
FN:21,(anonymous_7)
FN:36,(anonymous_8)
FN:41,(anonymous_9)
FN:42,(anonymous_10)
FNF:5
FNH:0
FNDA:0,(anonymous_6)
FNDA:0,(anonymous_7)
FNDA:0,(anonymous_8)
FNDA:0,(anonymous_9)
FNDA:0,(anonymous_10)
DA:1,1
DA:9,1
DA:14,3
DA:19,0
DA:28,0
DA:29,0
DA:34,1
DA:36,1
DA:37,0
DA:40,1
DA:41,0
DA:43,0
LF:12
LH:6
BRF:0
BRH:0
end_of_record
TN:
SF:src/store/settingsSlice.ts
FN:76,(anonymous_27)
FN:79,(anonymous_28)
FN:82,(anonymous_29)
FN:85,(anonymous_30)
FN:88,(anonymous_31)
FN:91,(anonymous_32)
FN:95,(anonymous_33)
FN:98,(anonymous_34)
FN:101,(anonymous_35)
FN:109,(anonymous_36)
FN:112,(anonymous_37)
FN:115,(anonymous_38)
FN:118,(anonymous_39)
FN:141,(anonymous_40)
FN:143,(anonymous_41)
FN:147,(anonymous_42)
FN:152,(anonymous_43)
FN:153,(anonymous_44)
FN:158,(anonymous_45)
FN:160,(anonymous_46)
FN:162,(anonymous_47)
FN:162,(anonymous_48)
FN:166,(anonymous_49)
FN:167,(anonymous_50)
FNF:24
FNH:0
FNDA:0,(anonymous_27)
FNDA:0,(anonymous_28)
FNDA:0,(anonymous_29)
FNDA:0,(anonymous_30)
FNDA:0,(anonymous_31)
FNDA:0,(anonymous_32)
FNDA:0,(anonymous_33)
FNDA:0,(anonymous_34)
FNDA:0,(anonymous_35)
FNDA:0,(anonymous_36)
FNDA:0,(anonymous_37)
FNDA:0,(anonymous_38)
FNDA:0,(anonymous_39)
FNDA:0,(anonymous_40)
FNDA:0,(anonymous_41)
FNDA:0,(anonymous_42)
FNDA:0,(anonymous_43)
FNDA:0,(anonymous_44)
FNDA:0,(anonymous_45)
FNDA:0,(anonymous_46)
FNDA:0,(anonymous_47)
FNDA:0,(anonymous_48)
FNDA:0,(anonymous_49)
FNDA:0,(anonymous_50)
DA:2,1
DA:3,1
DA:6,1
DA:9,1
DA:40,1
DA:72,3
DA:77,0
DA:80,0
DA:83,0
DA:86,0
DA:89,0
DA:92,0
DA:93,0
DA:96,0
DA:99,0
DA:102,0
DA:103,0
DA:104,0
DA:106,0
DA:110,0
DA:113,0
DA:116,0
DA:121,0
DA:127,0
DA:128,0
DA:129,0
DA:130,0
DA:131,0
DA:132,0
DA:133,0
DA:134,0
DA:135,0
DA:136,0
DA:137,0
DA:138,0
DA:139,1
DA:141,1
DA:143,1
DA:144,0
DA:147,1
DA:148,0
DA:151,1
DA:152,0
DA:154,0
DA:158,1
DA:160,1
DA:162,1
DA:163,0
DA:166,1
DA:167,1
LF:50
LH:16
BRDA:103,0,0,0
BRDA:103,0,1,0
BRDA:144,1,0,0
BRDA:144,1,1,0
BRDA:148,2,0,0
BRDA:148,2,1,0
BRDA:154,3,0,0
BRDA:154,3,1,0
BRDA:163,4,0,0
BRDA:163,4,1,0
BRF:10
BRH:0
end_of_record
TN:
SF:src/store/slices.ts
FNF:0
FNH:0
DA:1,1
DA:2,1
DA:3,1
DA:4,1
DA:5,1
DA:6,1
DA:7,1
DA:8,1
DA:9,1
DA:10,1
DA:11,1
DA:12,1
DA:13,1
DA:14,1
DA:15,1
DA:16,1
DA:17,1
DA:18,1
DA:19,1
DA:20,1
DA:21,1
DA:22,1
DA:23,1
DA:24,1
DA:25,1
DA:26,1
LF:26
LH:26
BRF:0
BRH:0
end_of_record
TN:
SF:src/store/spendingLimitsSlice.ts
FN:25,(anonymous_4)
FN:26,(anonymous_5)
FNF:2
FNH:0
FNDA:0,(anonymous_4)
FNDA:0,(anonymous_5)
DA:1,1
DA:2,1
DA:19,1
DA:21,1
DA:23,2
DA:25,1
DA:26,1
LF:7
LH:7
BRF:0
BRH:0
end_of_record
TN:
SF:src/store/swapOrderSlice.ts
FN:29,(anonymous_8)
FN:38,(anonymous_9)
FN:47,(anonymous_10)
FN:52,(anonymous_11)
FN:53,(anonymous_12)
FN:73,(anonymous_13)
FN:76,(anonymous_14)
FN:193,(anonymous_15)
FN:196,(anonymous_16)
FNF:9
FNH:2
FNDA:0,(anonymous_8)
FNDA:0,(anonymous_9)
FNDA:0,(anonymous_10)
FNDA:0,(anonymous_11)
FNDA:0,(anonymous_12)
FNDA:4,(anonymous_13)
FNDA:0,(anonymous_14)
FNDA:4,(anonymous_15)
FNDA:0,(anonymous_16)
DA:3,1
DA:5,1
DA:6,1
DA:7,1
DA:8,1
DA:9,1
DA:10,1
DA:23,1
DA:25,1
DA:30,0
DA:39,0
DA:40,0
DA:41,0
DA:46,1
DA:47,1
DA:48,3
DA:49,1
DA:51,1
DA:52,0
DA:54,0
DA:58,1
DA:73,1
DA:74,4
DA:77,0
DA:78,0
DA:79,0
DA:80,0
DA:82,0
DA:83,0
DA:85,0
DA:87,0
DA:88,0
DA:89,0
DA:90,0
DA:93,0
DA:96,0
DA:97,0
DA:101,0
DA:103,0
DA:116,0
DA:118,0
DA:127,0
DA:129,0
DA:138,0
DA:140,0
DA:141,0
DA:142,0
DA:144,0
DA:153,0
DA:155,0
DA:156,0
DA:157,0
DA:159,0
DA:168,0
DA:170,0
DA:171,0
DA:172,0
DA:174,0
DA:183,0
DA:193,1
DA:194,4
DA:197,0
DA:198,0
DA:201,0
DA:202,0
DA:203,0
DA:206,0
DA:207,0
DA:208,0
DA:210,0
DA:211,0
DA:212,0
DA:215,0
LF:73
LH:19
BRDA:54,0,0,0
BRDA:54,0,1,0
BRDA:82,1,0,0
BRDA:82,2,0,0
BRDA:82,2,1,0
BRDA:88,3,0,0
BRDA:88,4,0,0
BRDA:88,4,1,0
BRDA:88,4,2,0
BRDA:93,5,0,0
BRDA:93,5,1,0
BRDA:96,6,0,0
BRDA:101,7,0,0
BRDA:101,7,1,0
BRDA:101,7,2,0
BRDA:101,7,3,0
BRDA:101,7,4,0
BRDA:101,7,5,0
BRDA:107,8,0,0
BRDA:107,8,1,0
BRDA:141,9,0,0
BRDA:156,10,0,0
BRDA:171,11,0,0
BRDA:197,12,0,0
BRDA:202,13,0,0
BRDA:206,14,0,0
BRDA:211,15,0,0
BRDA:211,16,0,0
BRDA:211,16,1,0
BRDA:211,16,2,0
BRF:30
BRH:0
end_of_record
TN:
SF:src/store/txHistorySlice.ts
FN:22,(anonymous_5)
FN:23,(anonymous_6)
FN:28,(anonymous_7)
FN:31,(anonymous_8)
FN:43,(anonymous_9)
FNF:5
FNH:1
FNDA:0,(anonymous_5)
FNDA:0,(anonymous_6)
FNDA:4,(anonymous_7)
FNDA:0,(anonymous_8)
FNDA:0,(anonymous_9)
DA:3,1
DA:10,1
DA:11,1
DA:12,1
DA:13,1
DA:14,1
DA:15,1
DA:17,1
DA:19,6
DA:20,1
DA:22,1
DA:23,0
DA:24,0
DA:28,1
DA:29,4
DA:32,0
DA:33,0
DA:36,0
DA:38,0
DA:39,0
DA:40,0
DA:43,0
DA:44,0
DA:49,0
DA:52,0
DA:53,0
DA:54,0
DA:55,0
DA:57,0
DA:58,0
DA:59,0
DA:60,0
DA:62,0
DA:63,0
DA:74,0
DA:76,0
DA:78,0
DA:79,0
DA:80,0
DA:88,0
LF:40
LH:13
BRDA:24,0,0,0
BRDA:24,0,1,0
BRDA:32,1,0,0
BRDA:39,2,0,0
BRDA:44,3,0,0
BRDA:44,3,1,0
BRDA:49,4,0,0
BRDA:52,5,0,0
BRDA:57,6,0,0
BRDA:57,7,0,0
BRDA:57,7,1,0
BRDA:62,8,0,0
BRDA:62,9,0,0
BRDA:62,9,1,0
BRDA:78,10,0,0
BRDA:78,10,1,0
BRDA:79,11,0,0
BRDA:79,11,1,0
BRF:18
BRH:0
end_of_record
TN:
SF:src/store/txQueueSlice.ts
FN:18,(anonymous_6)
FN:24,(anonymous_7)
FN:25,(anonymous_8)
FN:26,(anonymous_9)
FN:32,(anonymous_10)
FN:35,(anonymous_11)
FN:57,(anonymous_12)
FNF:7
FNH:1
FNDA:0,(anonymous_6)
FNDA:0,(anonymous_7)
FNDA:0,(anonymous_8)
FNDA:0,(anonymous_9)
FNDA:4,(anonymous_10)
FNDA:0,(anonymous_11)
FNDA:0,(anonymous_12)
DA:3,1
DA:5,1
DA:6,1
DA:7,1
DA:8,1
DA:9,1
DA:11,1
DA:13,1
DA:15,2
DA:16,1
DA:18,1
DA:19,0
DA:22,1
DA:24,0
DA:26,0
DA:27,0
DA:32,1
DA:33,4
DA:36,0
DA:37,0
DA:40,0
DA:42,0
DA:43,0
DA:44,0
DA:47,0
DA:49,0
DA:50,0
DA:51,0
DA:55,0
DA:58,0
DA:61,0
LF:31
LH:14
BRDA:26,0,0,0
BRDA:26,0,1,0
BRDA:27,1,0,0
BRDA:27,1,1,0
BRDA:36,2,0,0
BRDA:43,3,0,0
BRDA:50,4,0,0
BRDA:50,5,0,0
BRDA:50,5,1,0
BRDA:50,5,2,0
BRDA:55,6,0,0
BRDA:56,7,0,0
BRDA:56,7,1,0
BRF:13
BRH:0
end_of_record
TN:
SF:src/store/useHydrateStore.ts
FN:6,(anonymous_3)
FN:7,(anonymous_4)
FNF:2
FNH:2
FNDA:4,(anonymous_3)
FNDA:4,(anonymous_4)
DA:1,1
DA:2,1
DA:4,24
DA:6,1
DA:7,4
DA:8,4
LF:6
LH:6
BRF:0
BRH:0
end_of_record
TN:
SF:src/store/visitedSafesSlice.ts
FN:19,(anonymous_4)
FN:27,(anonymous_5)
FN:36,(anonymous_6)
FNF:3
FNH:0
FNDA:0,(anonymous_4)
FNDA:0,(anonymous_5)
FNDA:0,(anonymous_6)
DA:2,1
DA:13,1
DA:15,3
DA:23,0
DA:24,0
DA:25,0
DA:29,0
DA:34,1
DA:36,1
DA:37,0
LF:10
LH:5
BRDA:37,0,0,0
BRDA:37,0,1,0
BRF:2
BRH:0
end_of_record
TN:
SF:src/store/api/ofac.ts
FN:37,(anonymous_4)
FN:39,(anonymous_5)
FN:46,(anonymous_6)
FN:48,(anonymous_7)
FNF:4
FNH:1
FNDA:0,(anonymous_4)
FNDA:0,(anonymous_5)
FNDA:1,(anonymous_6)
FNDA:0,(anonymous_7)
DA:1,1
DA:2,1
DA:3,1
DA:4,1
DA:6,1
DA:7,1
DA:10,1
DA:37,1
DA:39,1
DA:43,3
DA:46,1
DA:49,0
DA:51,0
DA:52,0
DA:55,0
DA:56,0
DA:58,0
DA:59,0
DA:62,0
DA:66,0
DA:68,0
DA:69,0
DA:71,0
DA:72,0
DA:73,0
DA:75,0
DA:85,1
LF:27
LH:12
BRDA:49,0,0,0
BRDA:55,1,0,0
BRDA:62,2,0,0
BRDA:62,2,1,0
BRDA:66,3,0,0
BRF:5
BRH:0
end_of_record
TN:
SF:src/store/api/safePass.ts
FN:20,(anonymous_3)
FN:25,(anonymous_4)
FNF:2
FNH:1
FNDA:1,(anonymous_3)
FNDA:0,(anonymous_4)
DA:1,1
DA:2,1
DA:4,1
DA:17,3
DA:20,1
DA:25,0
DA:34,1
LF:7
LH:6
BRF:0
BRH:0
end_of_record
TN:
SF:src/store/api/gateway/index.ts
FN:6,buildQueryFn
FN:14,makeSafeTag
FN:22,(anonymous_8)
FNF:3
FNH:1
FNDA:0,buildQueryFn
FNDA:0,makeSafeTag
FNDA:1,(anonymous_8)
DA:1,1
DA:3,1
DA:4,1
DA:6,0
DA:7,0
DA:8,0
DA:10,0
DA:14,0
DA:15,0
DA:18,3
DA:22,1
DA:27,1
LF:12
LH:6
BRF:0
BRH:0
end_of_record
TN:
SF:src/store/api/gateway/safeOverviews.ts
FN:33,(anonymous_1)
FN:60,(anonymous_2)
FN:75,(anonymous_3)
FN:80,(anonymous_4)
FN:84,(anonymous_5)
FN:86,(anonymous_6)
FN:93,(anonymous_7)
FN:102,(anonymous_8)
FN:108,(anonymous_9)
FN:109,(anonymous_10)
FN:112,(anonymous_11)
FN:131,(anonymous_13)
FN:134,(anonymous_14)
FN:137,(anonymous_15)
FN:159,(anonymous_16)
FN:161,(anonymous_17)
FN:164,(anonymous_18)
FNF:17
FNH:1
FNDA:0,(anonymous_1)
FNDA:0,(anonymous_2)
FNDA:0,(anonymous_3)
FNDA:0,(anonymous_4)
FNDA:0,(anonymous_5)
FNDA:0,(anonymous_6)
FNDA:0,(anonymous_7)
FNDA:0,(anonymous_8)
FNDA:0,(anonymous_9)
FNDA:0,(anonymous_10)
FNDA:0,(anonymous_11)
FNDA:1,(anonymous_13)
FNDA:0,(anonymous_14)
FNDA:0,(anonymous_15)
FNDA:0,(anonymous_16)
FNDA:0,(anonymous_17)
FNDA:0,(anonymous_18)
DA:4,1
DA:6,1
DA:8,1
DA:9,1
DA:10,1
DA:25,1
DA:26,1
DA:29,1
DA:31,1
DA:44,0
DA:51,0
DA:53,0
DA:54,0
DA:56,0
DA:62,0
DA:63,0
DA:66,0
DA:67,0
DA:68,0
DA:70,0
DA:72,0
DA:75,0
DA:76,0
DA:77,0
DA:80,0
DA:81,0
DA:84,0
DA:85,0
DA:86,0
DA:89,0
DA:94,0
DA:96,0
DA:97,0
DA:101,0
DA:102,0
DA:103,0
DA:109,0
DA:110,0
DA:113,0
DA:114,0
DA:116,0
DA:123,1
DA:131,1
DA:135,0
DA:136,0
DA:137,0
DA:139,0
DA:140,0
DA:143,0
DA:144,0
DA:151,0
DA:153,0
DA:160,0
DA:161,0
DA:163,0
DA:164,0
DA:165,0
DA:173,0
DA:174,0
DA:176,0
LF:60
LH:11
BRDA:67,0,0,0
BRDA:67,0,1,0
BRDA:70,1,0,0
BRDA:86,2,0,0
BRDA:86,2,1,0
BRDA:96,3,0,0
BRDA:101,4,0,0
BRDA:113,5,0,0
BRDA:139,6,0,0
BRDA:151,7,0,0
BRDA:151,7,1,0
BRF:11
BRH:0
end_of_record
TN:
SF:src/utils/SimpleTxWatcher.ts
FNF:0
FNH:0
DA:1,1
LF:1
LH:1
BRF:0
BRH:0
end_of_record
TN:
SF:src/utils/chains.ts
FN:19,(anonymous_5)
FN:25,(anonymous_6)
FN:37,(anonymous_7)
FNF:3
FNH:0
FNDA:0,(anonymous_5)
FNDA:0,(anonymous_6)
FNDA:0,(anonymous_7)
DA:1,1
DA:3,1
DA:4,1
DA:5,1
DA:6,1
DA:8,1
DA:19,1
DA:20,0
DA:21,0
DA:25,1
DA:26,0
DA:27,0
DA:28,0
DA:37,1
DA:38,0
DA:40,0
DA:46,0
DA:48,0
DA:49,0
DA:51,0
LF:20
LH:9
BRDA:20,0,0,0
BRDA:26,1,0,0
BRDA:28,2,0,0
BRDA:28,2,1,0
BRF:4
BRH:0
end_of_record
TN:
SF:src/utils/ethers-utils.ts
FN:15,(anonymous_8)
FN:19,(anonymous_9)
FN:28,(anonymous_10)
FN:32,(anonymous_11)
FN:35,(anonymous_12)
FNF:5
FNH:0
FNDA:0,(anonymous_8)
FNDA:0,(anonymous_9)
FNDA:0,(anonymous_10)
FNDA:0,(anonymous_11)
FNDA:0,(anonymous_12)
DA:3,1
DA:6,1
DA:15,1
DA:16,0
DA:19,1
DA:20,0
DA:28,1
DA:29,0
DA:32,1
DA:33,0
DA:35,1
DA:36,0
LF:12
LH:7
BRDA:29,0,0,0
BRDA:29,0,1,0
BRDA:29,0,2,0
BRDA:29,0,3,0
BRF:4
BRH:0
end_of_record
TN:
SF:src/utils/helpers.ts
FN:9,assertTx
FN:13,assertWallet
FN:17,assertOnboard
FN:21,assertChainInfo
FN:25,assertProvider
FN:29,(anonymous_12)
FN:30,(anonymous_13)
FNF:7
FNH:0
FNDA:0,assertTx
FNDA:0,assertWallet
FNDA:0,assertOnboard
FNDA:0,assertChainInfo
FNDA:0,assertProvider
FNDA:0,(anonymous_12)
FNDA:0,(anonymous_13)
DA:7,1
DA:9,0
DA:10,0
DA:13,0
DA:14,0
DA:17,0
DA:18,0
DA:21,0
DA:22,0
DA:25,0
DA:26,0
DA:29,1
DA:30,0
LF:13
LH:2
BRF:0
BRH:0
end_of_record
TN:
SF:src/utils/hex.ts
FN:1,(anonymous_3)
FN:3,(anonymous_4)
FNF:2
FNH:0
FNDA:0,(anonymous_3)
FNDA:0,(anonymous_4)
DA:1,1
DA:3,1
LF:2
LH:2
BRDA:1,0,0,0
BRDA:1,0,1,0
BRF:2
BRH:0
end_of_record
TN:
SF:src/utils/nested-safe-wallet.ts
FN:23,(anonymous_2)
FN:31,(anonymous_3)
FN:34,(anonymous_4)
FN:37,(anonymous_5)
FN:41,(anonymous_6)
FN:45,(anonymous_7)
FN:49,(anonymous_8)
FN:65,(anonymous_9)
FN:115,(anonymous_10)
FN:119,(anonymous_11)
FN:129,(anonymous_12)
FN:144,(anonymous_13)
FNF:12
FNH:0
FNDA:0,(anonymous_2)
FNDA:0,(anonymous_3)
FNDA:0,(anonymous_4)
FNDA:0,(anonymous_5)
FNDA:0,(anonymous_6)
FNDA:0,(anonymous_7)
FNDA:0,(anonymous_8)
FNDA:0,(anonymous_9)
FNDA:0,(anonymous_10)
FNDA:0,(anonymous_11)
FNDA:0,(anonymous_12)
FNDA:0,(anonymous_13)
DA:1,1
DA:2,1
DA:3,1
DA:6,1
DA:7,1
DA:8,1
DA:10,1
DA:11,1
DA:12,1
DA:13,1
DA:23,1
DA:29,0
DA:30,0
DA:32,0
DA:35,0
DA:38,0
DA:42,0
DA:46,0
DA:50,0
DA:59,0
DA:61,0
DA:62,0
DA:65,0
DA:66,0
DA:74,0
DA:79,0
DA:81,0
DA:83,0
DA:84,0
DA:89,0
DA:90,0
DA:93,0
DA:95,0
DA:98,0
DA:100,0
DA:101,0
DA:105,0
DA:106,0
DA:109,0
DA:116,0
DA:120,0
DA:130,0
DA:134,0
DA:142,0
DA:145,0
DA:152,0
DA:153,0
DA:156,0
DA:157,0
LF:49
LH:11
BRDA:46,0,0,0
BRDA:46,0,1,0
BRDA:61,1,0,0
BRDA:84,2,0,0
BRDA:84,2,1,0
BRDA:93,3,0,0
BRDA:93,3,1,0
BRDA:152,4,0,0
BRDA:156,5,0,0
BRF:9
BRH:0
end_of_record
TN:
SF:src/utils/rtkQuery.ts
FN:7,(anonymous_1)
FNF:1
FNH:0
FNDA:0,(anonymous_1)
DA:7,1
DA:8,0
DA:10,0
DA:11,0
DA:13,0
DA:14,0
DA:15,0
DA:16,0
DA:19,0
DA:22,0
LF:10
LH:1
BRDA:8,0,0,0
BRDA:10,1,0,0
BRDA:13,2,0,0
BRDA:13,3,0,0
BRDA:13,3,1,0
BRDA:13,3,2,0
BRDA:15,4,0,0
BRDA:15,5,0,0
BRDA:15,5,1,0
BRDA:22,6,0,0
BRDA:22,6,1,0
BRF:11
BRH:0
end_of_record
TN:
SF:src/utils/safe-message-guards.ts
FN:4,(anonymous_3)
FN:8,(anonymous_4)
FNF:2
FNH:0
FNDA:0,(anonymous_3)
FNDA:0,(anonymous_4)
DA:4,1
DA:5,0
DA:8,1
DA:9,0
LF:4
LH:2
BRF:0
BRH:0
end_of_record
TN:
SF:src/utils/transaction-calldata.ts
FN:11,(anonymous_8)
FN:20,(anonymous_9)
FN:27,(anonymous_10)
FN:32,(anonymous_11)
FN:37,(anonymous_12)
FN:45,isAddOwnerWithThresholdCalldata
FN:50,isRemoveOwnerCalldata
FN:55,isSwapOwnerCalldata
FN:60,isChangeThresholdCalldata
FN:67,(anonymous_17)
FN:71,(anonymous_18)
FNF:11
FNH:0
FNDA:0,(anonymous_8)
FNDA:0,(anonymous_9)
FNDA:0,(anonymous_10)
FNDA:0,(anonymous_11)
FNDA:0,(anonymous_12)
FNDA:0,isAddOwnerWithThresholdCalldata
FNDA:0,isRemoveOwnerCalldata
FNDA:0,isSwapOwnerCalldata
FNDA:0,isChangeThresholdCalldata
FNDA:0,(anonymous_17)
FNDA:0,(anonymous_18)
DA:1,1
DA:5,1
DA:6,1
DA:7,1
DA:8,1
DA:9,1
DA:11,1
DA:12,0
DA:13,0
DA:14,0
DA:18,1
DA:19,1
DA:20,1
DA:21,0
DA:25,1
DA:26,1
DA:27,1
DA:28,0
DA:31,1
DA:32,1
DA:33,0
DA:36,1
DA:37,1
DA:38,0
DA:42,1
DA:44,1
DA:45,0
DA:46,0
DA:49,1
DA:50,0
DA:51,0
DA:54,1
DA:55,0
DA:56,0
DA:59,1
DA:60,0
DA:61,0
DA:65,1
DA:66,1
DA:67,1
DA:68,0
DA:71,1
DA:73,0
DA:74,0
DA:75,0
DA:79,0
DA:80,0
DA:81,0
DA:84,0
DA:85,0
DA:86,0
DA:89,0
DA:90,0
DA:91,0
DA:95,0
DA:96,0
DA:100,0
LF:57
LH:26
BRDA:73,0,0,0
BRDA:79,1,0,0
BRDA:84,2,0,0
BRDA:89,3,0,0
BRDA:95,4,0,0
BRF:5
BRH:0
end_of_record
TN:
SF:src/utils/transaction-guards.ts
FN:84,(anonymous_61)
FN:88,(anonymous_62)
FN:90,(anonymous_63)
FN:91,(anonymous_64)
FN:94,(anonymous_65)
FN:96,(anonymous_66)
FN:99,(anonymous_67)
FN:102,(anonymous_68)
FN:108,(anonymous_69)
FN:114,(anonymous_70)
FN:130,(anonymous_71)
FN:151,(anonymous_72)
FN:166,(anonymous_73)
FN:176,(anonymous_74)
FN:180,(anonymous_75)
FN:184,(anonymous_76)
FN:188,(anonymous_77)
FN:192,(anonymous_78)
FN:196,(anonymous_79)
FN:203,(anonymous_80)
FN:207,(anonymous_81)
FN:211,(anonymous_82)
FN:215,(anonymous_83)
FN:219,(anonymous_84)
FN:223,(anonymous_85)
FN:227,(anonymous_86)
FN:231,(anonymous_87)
FN:235,(anonymous_88)
FN:239,(anonymous_89)
FN:243,(anonymous_90)
FN:247,(anonymous_91)
FN:251,(anonymous_92)
FN:255,(anonymous_93)
FN:260,(anonymous_94)
FN:266,(anonymous_95)
FN:270,(anonymous_96)
FN:274,(anonymous_97)
FN:278,(anonymous_98)
FN:282,isRecoveryQueueItem
FN:289,(anonymous_100)
FN:295,(anonymous_101)
FN:299,(anonymous_102)
FN:301,(anonymous_103)
FN:304,(anonymous_104)
FN:315,(anonymous_105)
FN:331,(anonymous_106)
FN:340,(anonymous_107)
FN:344,(anonymous_108)
FN:348,(anonymous_109)
FN:352,(anonymous_110)
FN:359,(anonymous_111)
FN:360,(anonymous_112)
FN:361,(anonymous_113)
FN:363,(anonymous_114)
FN:367,(anonymous_115)
FN:371,(anonymous_116)
FN:375,(anonymous_117)
FN:384,(anonymous_118)
FN:389,(anonymous_119)
FN:396,(anonymous_120)
FN:409,(anonymous_121)
FN:414,(anonymous_122)
FN:421,(anonymous_123)
FN:425,(anonymous_124)
FN:444,(anonymous_125)
FN:449,(anonymous_126)
FN:458,(anonymous_127)
FN:462,(anonymous_128)
FN:466,(anonymous_129)
FNF:69
FNH:1
FNDA:0,(anonymous_61)
FNDA:0,(anonymous_62)
FNDA:0,(anonymous_63)
FNDA:0,(anonymous_64)
FNDA:0,(anonymous_65)
FNDA:0,(anonymous_66)
FNDA:0,(anonymous_67)
FNDA:0,(anonymous_68)
FNDA:0,(anonymous_69)
FNDA:0,(anonymous_70)
FNDA:0,(anonymous_71)
FNDA:0,(anonymous_72)
FNDA:0,(anonymous_73)
FNDA:0,(anonymous_74)
FNDA:0,(anonymous_75)
FNDA:0,(anonymous_76)
FNDA:0,(anonymous_77)
FNDA:0,(anonymous_78)
FNDA:0,(anonymous_79)
FNDA:0,(anonymous_80)
FNDA:0,(anonymous_81)
FNDA:0,(anonymous_82)
FNDA:0,(anonymous_83)
FNDA:0,(anonymous_84)
FNDA:0,(anonymous_85)
FNDA:0,(anonymous_86)
FNDA:0,(anonymous_87)
FNDA:0,(anonymous_88)
FNDA:0,(anonymous_89)
FNDA:0,(anonymous_90)
FNDA:0,(anonymous_91)
FNDA:0,(anonymous_92)
FNDA:0,(anonymous_93)
FNDA:0,(anonymous_94)
FNDA:0,(anonymous_95)
FNDA:0,(anonymous_96)
FNDA:0,(anonymous_97)
FNDA:0,(anonymous_98)
FNDA:0,isRecoveryQueueItem
FNDA:0,(anonymous_100)
FNDA:0,(anonymous_101)
FNDA:0,(anonymous_102)
FNDA:0,(anonymous_103)
FNDA:0,(anonymous_104)
FNDA:0,(anonymous_105)
FNDA:1,(anonymous_106)
FNDA:0,(anonymous_107)
FNDA:0,(anonymous_108)
FNDA:0,(anonymous_109)
FNDA:0,(anonymous_110)
FNDA:0,(anonymous_111)
FNDA:0,(anonymous_112)
FNDA:0,(anonymous_113)
FNDA:0,(anonymous_114)
FNDA:0,(anonymous_115)
FNDA:0,(anonymous_116)
FNDA:0,(anonymous_117)
FNDA:0,(anonymous_118)
FNDA:0,(anonymous_119)
FNDA:0,(anonymous_120)
FNDA:0,(anonymous_121)
FNDA:0,(anonymous_122)
FNDA:0,(anonymous_123)
FNDA:0,(anonymous_124)
FNDA:0,(anonymous_125)
FNDA:0,(anonymous_126)
FNDA:0,(anonymous_127)
FNDA:0,(anonymous_128)
FNDA:0,(anonymous_129)
DA:18,1
DA:55,1
DA:56,1
DA:59,1
DA:65,1
DA:70,1
DA:71,1
DA:72,1
DA:73,1
DA:74,1
DA:75,1
DA:84,1
DA:85,0
DA:88,1
DA:90,1
DA:91,0
DA:94,1
DA:95,0
DA:96,0
DA:99,0
DA:102,1
DA:105,0
DA:108,1
DA:111,0
DA:114,1
DA:119,0
DA:120,0
DA:121,0
DA:123,0
DA:124,0
DA:125,0
DA:127,0
DA:130,1
DA:134,0
DA:135,0
DA:138,0
DA:145,0
DA:146,0
DA:149,0
DA:151,0
DA:153,0
DA:154,0
DA:158,0
DA:159,0
DA:162,0
DA:166,1
DA:167,0
DA:176,1
DA:177,0
DA:180,1
DA:181,0
DA:184,1
DA:185,0
DA:188,1
DA:189,0
DA:192,1
DA:193,0
DA:196,1
DA:197,0
DA:198,0
DA:200,0
DA:203,1
DA:204,0
DA:207,1
DA:208,0
DA:211,1
DA:212,0
DA:215,1
DA:216,0
DA:219,1
DA:220,0
DA:223,1
DA:224,0
DA:227,1
DA:228,0
DA:231,1
DA:232,0
DA:235,1
DA:236,0
DA:239,1
DA:240,0
DA:243,1
DA:244,0
DA:247,1
DA:248,0
DA:251,1
DA:252,0
DA:255,1
DA:256,0
DA:260,1
DA:263,0
DA:266,1
DA:267,0
DA:270,1
DA:271,0
DA:274,1
DA:275,0
DA:278,1
DA:279,0
DA:282,0
DA:283,0
DA:284,0
DA:289,1
DA:292,0
DA:295,1
DA:297,0
DA:299,1
DA:300,0
DA:301,0
DA:304,1
DA:305,0
DA:306,0
DA:308,0
DA:309,0
DA:315,1
DA:320,0
DA:325,0
DA:327,0
DA:331,1
DA:340,1
DA:341,0
DA:344,1
DA:345,0
DA:348,1
DA:349,0
DA:352,1
DA:353,0
DA:354,0
DA:355,0
DA:359,1
DA:360,1
DA:361,1
DA:363,1
DA:364,0
DA:367,1
DA:368,0
DA:371,1
DA:372,0
DA:375,1
DA:376,0
DA:379,1
DA:380,1
DA:384,1
DA:385,0
DA:386,0
DA:389,1
DA:390,0
DA:391,0
DA:393,0
DA:396,1
DA:397,0
DA:398,0
DA:399,0
DA:401,0
DA:403,0
DA:409,1
DA:410,0
DA:411,0
DA:414,1
DA:415,0
DA:416,0
DA:418,0
DA:421,1
DA:422,0
DA:425,1
DA:426,0
DA:429,0
DA:430,0
DA:434,0
DA:435,0
DA:436,0
DA:440,0
DA:444,0
DA:449,1
DA:450,0
DA:451,0
DA:458,1
DA:459,0
DA:462,1
DA:463,0
DA:466,1
DA:469,0
LF:182
LH:75
BRDA:94,0,0,0
BRDA:95,1,0,0
BRDA:123,2,0,0
BRDA:123,3,0,0
BRDA:123,3,1,0
BRDA:125,4,0,0
BRDA:125,4,1,0
BRDA:125,5,0,0
BRDA:125,5,1,0
BRDA:134,6,0,0
BRDA:138,7,0,0
BRDA:139,8,0,0
BRDA:139,8,1,0
BRDA:139,8,2,0
BRDA:139,8,3,0
BRDA:153,9,0,0
BRDA:153,10,0,0
BRDA:153,10,1,0
BRDA:153,10,2,0
BRDA:158,11,0,0
BRDA:167,12,0,0
BRDA:167,12,1,0
BRDA:189,13,0,0
BRDA:189,13,1,0
BRDA:193,14,0,0
BRDA:193,14,1,0
BRDA:200,15,0,0
BRDA:200,15,1,0
BRDA:232,16,0,0
BRDA:232,16,1,0
BRDA:232,16,2,0
BRDA:236,17,0,0
BRDA:236,17,1,0
BRDA:240,18,0,0
BRDA:240,18,1,0
BRDA:244,19,0,0
BRDA:244,19,1,0
BRDA:252,20,0,0
BRDA:252,20,1,0
BRDA:256,21,0,0
BRDA:256,21,1,0
BRDA:275,22,0,0
BRDA:275,22,1,0
BRDA:284,23,0,0
BRDA:284,23,1,0
BRDA:300,24,0,0
BRDA:300,24,1,0
BRDA:305,25,0,0
BRDA:305,26,0,0
BRDA:305,26,1,0
BRDA:310,27,0,0
BRDA:310,27,1,0
BRDA:310,27,2,0
BRDA:320,28,0,0
BRDA:321,29,0,0
BRDA:321,29,1,0
BRDA:321,29,2,0
BRDA:331,30,0,1
BRDA:331,30,1,1
BRDA:349,31,0,0
BRDA:349,31,1,0
BRDA:353,32,0,0
BRDA:353,32,1,0
BRDA:364,33,0,0
BRDA:364,33,1,0
BRDA:386,34,0,0
BRDA:386,34,1,0
BRDA:390,35,0,0
BRDA:391,36,0,0
BRDA:391,36,1,0
BRDA:401,37,0,0
BRDA:401,37,1,0
BRDA:403,38,0,0
BRDA:403,38,1,0
BRDA:403,38,2,0
BRDA:403,38,3,0
BRDA:411,39,0,0
BRDA:411,39,1,0
BRDA:415,40,0,0
BRDA:422,41,0,0
BRDA:422,41,1,0
BRDA:422,41,2,0
BRDA:426,42,0,0
BRDA:426,43,0,0
BRDA:426,43,1,0
BRDA:429,44,0,0
BRDA:429,45,0,0
BRDA:429,45,1,0
BRDA:435,46,0,0
BRDA:435,47,0,0
BRDA:435,47,1,0
BRDA:441,48,0,0
BRDA:441,48,1,0
BRDA:443,49,0,0
BRDA:443,49,1,0
BRDA:450,50,0,0
BRDA:450,51,0,0
BRDA:450,51,1,0
BRDA:469,52,0,0
BRDA:469,52,1,0
BRF:100
BRH:2
end_of_record
TN:
SF:src/utils/transactions.ts
FN:58,(anonymous_22)
FN:88,(anonymous_23)
FN:116,(anonymous_24)
FN:164,(anonymous_25)
FN:218,(anonymous_26)
FN:280,(anonymous_27)
FN:326,(anonymous_28)
FN:357,(anonymous_29)
FN:377,(anonymous_30)
FN:378,(anonymous_31)
FN:385,(anonymous_32)
FN:386,(anonymous_33)
FN:393,(anonymous_34)
FN:434,(anonymous_35)
FN:442,(anonymous_36)
FN:444,(anonymous_37)
FN:445,(anonymous_38)
FN:446,(anonymous_39)
FN:451,(anonymous_40)
FN:460,(anonymous_41)
FN:490,(anonymous_42)
FN:508,(anonymous_43)
FN:515,(anonymous_44)
FN:526,(anonymous_45)
FN:549,(anonymous_46)
FN:564,(anonymous_47)
FN:568,(anonymous_48)
FN:578,(anonymous_49)
FN:582,(anonymous_50)
FN:602,(anonymous_51)
FNF:30
FNH:0
FNDA:0,(anonymous_22)
FNDA:0,(anonymous_23)
FNDA:0,(anonymous_24)
FNDA:0,(anonymous_25)
FNDA:0,(anonymous_26)
FNDA:0,(anonymous_27)
FNDA:0,(anonymous_28)
FNDA:0,(anonymous_29)
FNDA:0,(anonymous_30)
FNDA:0,(anonymous_31)
FNDA:0,(anonymous_32)
FNDA:0,(anonymous_33)
FNDA:0,(anonymous_34)
FNDA:0,(anonymous_35)
FNDA:0,(anonymous_36)
FNDA:0,(anonymous_37)
FNDA:0,(anonymous_38)
FNDA:0,(anonymous_39)
FNDA:0,(anonymous_40)
FNDA:0,(anonymous_41)
FNDA:0,(anonymous_42)
FNDA:0,(anonymous_43)
FNDA:0,(anonymous_44)
FNDA:0,(anonymous_45)
FNDA:0,(anonymous_46)
FNDA:0,(anonymous_47)
FNDA:0,(anonymous_48)
FNDA:0,(anonymous_49)
FNDA:0,(anonymous_50)
FNDA:0,(anonymous_51)
DA:16,1
DA:19,1
DA:20,1
DA:21,1
DA:32,1
DA:33,1
DA:34,1
DA:37,1
DA:38,1
DA:39,1
DA:41,1
DA:42,1
DA:43,1
DA:44,1
DA:45,1
DA:46,1
DA:58,1
DA:59,0
DA:61,0
DA:75,0
DA:88,1
DA:89,0
DA:91,0
DA:116,1
DA:126,0
DA:129,0
DA:131,0
DA:149,0
DA:164,1
DA:177,0
DA:180,0
DA:182,0
DA:203,0
DA:218,1
DA:231,0
DA:234,0
DA:238,0
DA:244,0
DA:265,0
DA:280,1
DA:290,0
DA:293,0
DA:295,0
DA:313,0
DA:326,1
DA:327,0
DA:329,0
DA:343,0
DA:357,1
DA:362,0
DA:364,0
DA:374,0
DA:377,1
DA:378,0
DA:383,0
DA:385,0
DA:386,0
DA:387,0
DA:390,0
DA:393,0
DA:396,0
DA:398,0
DA:407,0
DA:412,0
DA:413,0
DA:419,0
DA:434,1
DA:435,0
DA:436,0
DA:439,0
DA:442,1
DA:443,0
DA:444,0
DA:445,0
DA:447,0
DA:451,1
DA:457,0
DA:459,0
DA:461,0
DA:463,0
DA:464,0
DA:467,0
DA:480,0
DA:490,1
DA:491,0
DA:499,0
DA:500,0
DA:501,0
DA:502,0
DA:505,0
DA:508,1
DA:509,0
DA:510,0
DA:513,0
DA:515,0
DA:516,0
DA:519,0
DA:520,0
DA:523,0
DA:526,1
DA:527,0
DA:529,0
DA:530,0
DA:533,0
DA:535,0
DA:536,0
DA:538,0
DA:539,0
DA:541,0
DA:543,0
DA:546,0
DA:549,1
DA:550,0
DA:551,0
DA:552,0
DA:553,0
DA:555,0
DA:561,0
DA:564,1
DA:565,0
DA:568,1
DA:569,0
DA:578,1
DA:579,0
DA:582,1
DA:583,0
DA:585,0
DA:586,0
DA:588,0
DA:602,1
DA:603,0
DA:605,0
DA:619,0
LF:133
LH:37
BRDA:129,0,0,0
BRDA:129,0,1,0
BRDA:129,1,0,0
BRDA:129,1,1,0
BRDA:180,2,0,0
BRDA:180,2,1,0
BRDA:180,3,0,0
BRDA:180,3,1,0
BRDA:234,4,0,0
BRDA:234,4,1,0
BRDA:234,5,0,0
BRDA:234,5,1,0
BRDA:238,6,0,0
BRDA:238,6,1,0
BRDA:239,7,0,0
BRDA:239,7,1,0
BRDA:293,8,0,0
BRDA:293,8,1,0
BRDA:293,9,0,0
BRDA:293,9,1,0
BRDA:383,10,0,0
BRDA:390,11,0,0
BRDA:390,11,1,0
BRDA:396,12,0,0
BRDA:402,13,0,0
BRDA:402,13,1,0
BRDA:407,14,0,0
BRDA:407,14,1,0
BRDA:413,15,0,0
BRDA:413,15,1,0
BRDA:414,16,0,0
BRDA:414,16,1,0
BRDA:417,17,0,0
BRDA:417,17,1,0
BRDA:428,18,0,0
BRDA:428,18,1,0
BRDA:435,19,0,0
BRDA:461,20,0,0
BRDA:499,21,0,0
BRDA:499,22,0,0
BRDA:499,22,1,0
BRDA:509,23,0,0
BRDA:516,24,0,0
BRDA:516,24,1,0
BRDA:519,25,0,0
BRDA:527,26,0,0
BRDA:530,27,0,0
BRDA:530,28,0,0
BRDA:552,29,0,0
BRDA:552,29,1,0
BRDA:565,30,0,0
BRDA:565,30,1,0
BRDA:565,30,2,0
BRDA:565,30,3,0
BRDA:570,31,0,0
BRDA:570,31,1,0
BRDA:570,31,2,0
BRDA:570,31,3,0
BRDA:570,31,4,0
BRDA:579,32,0,0
BRDA:579,32,1,0
BRDA:579,32,2,0
BRF:62
BRH:0
end_of_record
TN:
SF:src/utils/tx-link.ts
FN:5,(anonymous_1)
FNF:1
FNH:0
FNDA:0,(anonymous_1)
DA:3,1
DA:5,1
DA:10,0
LF:3
LH:2
BRF:0
BRH:0
end_of_record
TN:
SF:src/utils/url.ts
FN:1,(anonymous_8)
FN:5,(anonymous_9)
FN:13,(anonymous_10)
FN:17,(anonymous_11)
FN:37,(anonymous_12)
FN:48,(anonymous_13)
FNF:6
FNH:0
FNDA:0,(anonymous_8)
FNDA:0,(anonymous_9)
FNDA:0,(anonymous_10)
FNDA:0,(anonymous_11)
FNDA:0,(anonymous_12)
FNDA:0,(anonymous_13)
DA:1,1
DA:2,0
DA:5,1
DA:6,0
DA:8,1
DA:9,1
DA:10,1
DA:11,1
DA:12,1
DA:13,1
DA:14,0
DA:17,1
DA:18,0
DA:20,0
DA:21,0
DA:24,0
DA:25,0
DA:26,0
DA:29,0
DA:30,0
DA:31,0
DA:34,0
DA:37,1
DA:38,0
DA:39,0
DA:40,0
DA:42,0
DA:43,0
DA:48,1
DA:49,0
DA:50,0
DA:51,0
DA:53,0
LF:33
LH:11
BRDA:20,0,0,0
BRDA:25,1,0,0
BRDA:30,2,0,0
BRDA:40,3,0,0
BRDA:40,3,1,0
BRF:5
BRH:0
end_of_record
TN:
SF:src/utils/wallets.ts
FN:14,(anonymous_14)
FN:18,(anonymous_15)
FN:22,(anonymous_16)
FN:26,(anonymous_17)
FN:30,(anonymous_18)
FN:34,(anonymous_19)
FN:38,(anonymous_20)
FN:42,(anonymous_21)
FN:48,(anonymous_22)
FN:52,(anonymous_23)
FN:62,(anonymous_24)
FN:67,(anonymous_25)
FN:73,(anonymous_26)
FN:78,(anonymous_27)
FN:82,(anonymous_28)
FNF:15
FNH:0
FNDA:0,(anonymous_14)
FNDA:0,(anonymous_15)
FNDA:0,(anonymous_16)
FNDA:0,(anonymous_17)
FNDA:0,(anonymous_18)
FNDA:0,(anonymous_19)
FNDA:0,(anonymous_20)
FNDA:0,(anonymous_21)
FNDA:0,(anonymous_22)
FNDA:0,(anonymous_23)
FNDA:0,(anonymous_24)
FNDA:0,(anonymous_25)
FNDA:0,(anonymous_26)
FNDA:0,(anonymous_27)
FNDA:0,(anonymous_28)
DA:2,1
DA:3,1
DA:4,1
DA:5,1
DA:6,1
DA:7,1
DA:10,1
DA:11,1
DA:12,1
DA:14,1
DA:15,0
DA:18,1
DA:19,0
DA:22,1
DA:23,0
DA:26,1
DA:27,0
DA:30,1
DA:31,0
DA:34,1
DA:35,0
DA:38,1
DA:39,0
DA:42,1
DA:43,0
DA:48,1
DA:49,0
DA:52,1
DA:53,0
DA:55,0
DA:56,0
DA:59,0
DA:62,1
DA:63,0
DA:64,0
DA:67,1
DA:68,0
DA:69,0
DA:72,1
DA:74,0
DA:75,0
DA:76,0
DA:78,0
DA:82,1
DA:83,0
DA:85,0
DA:88,0
DA:89,0
DA:90,0
DA:91,0
DA:93,0
DA:97,0
LF:52
LH:23
BRDA:23,0,0,0
BRDA:23,0,1,0
BRDA:35,1,0,0
BRDA:35,1,1,0
BRDA:53,2,0,0
BRDA:53,2,1,0
BRDA:55,3,0,0
BRDA:76,4,0,0
BRDA:76,4,1,0
BRDA:83,5,0,0
BRDA:88,6,0,0
BRDA:89,7,0,0
BRDA:89,8,0,0
BRDA:89,8,1,0
BRF:14
BRH:0
end_of_record
TN:
SF:src/utils/providers/UncheckedJsonRpcSigner.ts
FN:17,(anonymous_1)
FN:18,(anonymous_2)
FN:29,(anonymous_3)
FNF:3
FNH:0
FNDA:0,(anonymous_1)
FNDA:0,(anonymous_2)
FNDA:0,(anonymous_3)
DA:1,1
DA:16,0
DA:18,0
DA:19,0
DA:30,0
LF:5
LH:1
BRF:0
BRH:0
end_of_record
