TN:
SF:mocks/svg.js
FNF:0
FNH:0
DA:1,86
DA:2,86
DA:3,3025
LF:3
LH:3
BRF:0
BRH:0
end_of_record
TN:
SF:src/components/address-book/EntryDialog/index.tsx
FN:18,EntryDialog
FN:46,(anonymous_3)
FN:51,(anonymous_4)
FNF:3
FNH:3
FNDA:6,EntryDialog
FNDA:1,(anonymous_3)
FNDA:1,(anonymous_4)
DA:2,23
DA:3,23
DA:5,23
DA:6,23
DA:7,23
DA:8,23
DA:9,23
DA:10,23
DA:11,23
DA:34,6
DA:35,6
DA:36,6
DA:37,6
DA:39,6
DA:44,6
DA:46,6
DA:47,1
DA:48,1
DA:51,6
DA:52,1
DA:53,1
DA:106,23
LF:22
LH:22
BRDA:20,0,0,0
BRDA:24,1,0,6
BRDA:35,2,0,6
BRDA:35,2,1,6
BRDA:47,3,0,1
BRDA:47,3,1,1
BRDA:61,4,0,0
BRDA:61,4,1,6
BRDA:62,5,0,6
BRDA:62,5,1,0
BRF:10
BRH:7
end_of_record
TN:
SF:src/components/address-book/ExportDialog/index.tsx
FN:23,(anonymous_4)
FN:24,(anonymous_5)
FN:25,(anonymous_6)
FN:39,ExportDialog
FN:46,(anonymous_8)
FN:51,(anonymous_9)
FN:53,(anonymous_10)
FN:58,(anonymous_11)
FN:96,(anonymous_12)
FNF:9
FNH:6
FNDA:3,(anonymous_4)
FNDA:2,(anonymous_5)
FNDA:4,(anonymous_6)
FNDA:2,ExportDialog
FNDA:0,(anonymous_8)
FNDA:2,(anonymous_9)
FNDA:0,(anonymous_10)
FNDA:0,(anonymous_11)
FNDA:2,(anonymous_12)
DA:1,1
DA:2,1
DA:3,1
DA:4,1
DA:5,1
DA:7,1
DA:9,1
DA:10,1
DA:11,1
DA:12,1
DA:13,1
DA:14,1
DA:15,1
DA:17,1
DA:18,1
DA:19,1
DA:23,1
DA:24,3
DA:25,2
DA:26,4
DA:33,2
DA:36,3
DA:46,2
DA:47,2
DA:49,2
DA:51,2
DA:53,2
DA:54,0
DA:56,0
DA:58,0
DA:59,0
DA:96,2
DA:98,1
LF:33
LH:29
BRDA:69,0,0,0
BRDA:69,0,1,2
BRF:2
BRH:1
end_of_record
TN:
SF:src/components/address-book/ImportDialog/validation.ts
FN:5,(anonymous_6)
FN:11,(anonymous_7)
FN:15,(anonymous_8)
FN:16,(anonymous_9)
FN:19,(anonymous_10)
FN:20,(anonymous_11)
FN:23,(anonymous_12)
FN:50,(anonymous_13)
FN:56,(anonymous_14)
FNF:9
FNH:9
FNDA:2,(anonymous_6)
FNDA:10,(anonymous_7)
FNDA:7,(anonymous_8)
FNDA:10,(anonymous_9)
FNDA:4,(anonymous_10)
FNDA:5,(anonymous_11)
FNDA:7,(anonymous_12)
FNDA:1,(anonymous_13)
FNDA:1,(anonymous_14)
DA:3,1
DA:5,2
DA:6,2
DA:7,1
DA:11,5
DA:12,10
DA:15,4
DA:16,10
DA:19,2
DA:20,5
DA:23,7
DA:24,7
DA:27,7
DA:28,1
DA:32,6
DA:33,1
DA:37,5
DA:38,1
DA:42,4
DA:43,1
DA:49,3
DA:50,1
DA:51,1
DA:55,2
DA:56,1
DA:57,1
LF:26
LH:26
BRDA:6,0,0,1
BRDA:12,1,0,10
BRDA:12,1,1,7
BRDA:12,1,2,5
BRDA:12,1,3,5
BRDA:16,2,0,10
BRDA:16,2,1,9
BRDA:20,3,0,5
BRDA:20,3,1,5
BRDA:27,4,0,1
BRDA:32,5,0,1
BRDA:37,6,0,1
BRDA:42,7,0,1
BRDA:49,8,0,1
BRDA:50,9,0,1
BRDA:50,9,1,0
BRDA:55,10,0,1
BRDA:56,11,0,1
BRDA:56,11,1,0
BRF:19
BRH:17
end_of_record
TN:
SF:src/components/balances/AssetsTable/FiatBalance.tsx
FN:6,(anonymous_2)
FNF:1
FNH:1
FNDA:44,(anonymous_2)
DA:1,1
DA:2,1
DA:3,1
DA:6,44
DA:7,44
LF:5
LH:5
BRDA:7,0,0,44
BRDA:7,0,1,0
BRDA:11,1,0,0
BRDA:11,1,1,44
BRDA:13,2,0,44
BRF:5
BRH:3
end_of_record
TN:
SF:src/components/balances/AssetsTable/FiatChange.tsx
FN:7,(anonymous_2)
FNF:1
FNH:1
FNDA:6,(anonymous_2)
DA:1,2
DA:3,2
DA:4,2
DA:5,2
DA:7,6
DA:8,6
DA:16,5
DA:17,5
DA:18,5
DA:21,5
DA:22,5
LF:11
LH:11
BRDA:7,0,0,6
BRDA:8,1,0,1
BRDA:18,2,0,1
BRDA:18,2,1,4
BRDA:18,3,0,3
BRDA:18,3,1,1
BRDA:21,4,0,1
BRDA:21,4,1,4
BRDA:21,5,0,3
BRDA:21,5,1,1
BRDA:22,6,0,1
BRDA:22,6,1,4
BRDA:22,7,0,3
BRDA:22,7,1,1
BRDA:29,8,0,0
BRDA:29,8,1,5
BRDA:31,9,0,0
BRDA:31,9,1,5
BRDA:32,10,0,0
BRDA:32,10,1,5
BRDA:33,11,0,0
BRDA:33,11,1,5
BRDA:38,12,0,1
BRDA:40,13,0,3
BRF:24
BRH:20
end_of_record
TN:
SF:src/components/balances/AssetsTable/SendButton.tsx
FN:12,(anonymous_2)
FN:16,(anonymous_3)
FNF:2
FNH:1
FNDA:44,(anonymous_2)
FNDA:0,(anonymous_3)
DA:1,1
DA:3,1
DA:4,1
DA:5,1
DA:6,1
DA:7,1
DA:8,1
DA:9,1
DA:10,1
DA:12,1
DA:13,44
DA:14,44
DA:16,44
DA:42,44
LF:14
LH:14
BRDA:27,0,0,0
BRDA:27,0,1,48
BRF:2
BRH:1
end_of_record
TN:
SF:src/components/balances/AssetsTable/index.tsx
FN:89,(anonymous_2)
FN:137,(anonymous_3)
FN:152,(anonymous_4)
FN:159,(anonymous_5)
FN:163,(anonymous_6)
FN:285,(anonymous_7)
FN:292,(anonymous_8)
FNF:7
FNH:7
FNDA:44,(anonymous_2)
FNDA:30,(anonymous_3)
FNDA:4,(anonymous_4)
FNDA:44,(anonymous_5)
FNDA:44,(anonymous_6)
FNDA:6,(anonymous_7)
FNDA:3,(anonymous_8)
DA:1,1
DA:2,1
DA:3,1
DA:4,1
DA:5,1
DA:6,1
DA:7,1
DA:8,1
DA:9,1
DA:10,1
DA:12,1
DA:13,1
DA:14,1
DA:15,1
DA:16,1
DA:17,1
DA:18,1
DA:19,1
DA:20,1
DA:21,1
DA:22,1
DA:23,1
DA:24,1
DA:26,1
DA:27,1
DA:28,1
DA:29,1
DA:30,1
DA:31,1
DA:32,1
DA:33,1
DA:34,1
DA:36,1
DA:87,1
DA:89,1
DA:90,44
DA:93,1
DA:137,1
DA:144,30
DA:145,30
DA:147,30
DA:148,30
DA:149,30
DA:150,30
DA:152,30
DA:153,4
DA:156,30
DA:157,30
DA:158,30
DA:159,44
DA:161,30
DA:164,44
DA:165,44
DA:166,44
DA:167,44
DA:168,44
DA:169,44
DA:171,44
DA:285,6
DA:292,3
DA:332,19
LF:61
LH:61
BRDA:157,0,0,11
BRDA:157,0,1,19
BRDA:158,1,0,30
BRDA:158,1,1,30
BRDA:158,1,2,0
BRDA:159,2,0,30
BRDA:159,2,1,23
BRDA:161,3,0,0
BRDA:161,3,1,30
BRDA:163,4,0,30
BRDA:163,4,1,0
BRDA:168,5,0,44
BRDA:168,5,1,0
BRDA:169,6,0,30
BRDA:169,6,1,14
BRDA:186,7,0,44
BRDA:193,8,0,44
BRDA:193,8,1,0
BRDA:197,9,0,44
BRDA:197,9,1,0
BRDA:207,10,0,0
BRDA:207,10,1,44
BRDA:212,11,0,44
BRDA:212,11,1,0
BRDA:232,12,0,44
BRDA:242,13,0,30
BRDA:242,13,1,14
BRDA:280,14,0,44
BRDA:285,15,0,22
BRDA:318,16,0,0
BRF:30
BRH:21
end_of_record
TN:
SF:src/components/balances/AssetsTable/useHideAssets.ts
FN:11,(anonymous_5)
FN:22,(anonymous_6)
FN:24,(anonymous_7)
FN:29,(anonymous_8)
FN:46,(anonymous_9)
FN:49,(anonymous_10)
FN:49,(anonymous_11)
FN:55,(anonymous_12)
FN:60,(anonymous_13)
FN:67,(anonymous_14)
FN:69,(anonymous_15)
FN:78,(anonymous_16)
FN:79,(anonymous_17)
FN:95,(anonymous_18)
FN:99,(anonymous_19)
FN:99,(anonymous_20)
FNF:16
FNH:15
FNDA:30,(anonymous_5)
FNDA:6,(anonymous_6)
FNDA:0,(anonymous_7)
FNDA:3,(anonymous_8)
FNDA:1,(anonymous_9)
FNDA:3,(anonymous_10)
FNDA:5,(anonymous_11)
FNDA:88,(anonymous_12)
FNDA:4,(anonymous_13)
FNDA:3,(anonymous_14)
FNDA:3,(anonymous_15)
FNDA:3,(anonymous_16)
FNDA:6,(anonymous_17)
FNDA:30,(anonymous_18)
FNDA:14,(anonymous_19)
FNDA:28,(anonymous_20)
DA:1,1
DA:2,1
DA:3,1
DA:4,1
DA:5,1
DA:6,1
DA:9,2
DA:11,30
DA:12,30
DA:13,30
DA:14,30
DA:16,30
DA:17,30
DA:18,30
DA:19,30
DA:21,30
DA:23,6
DA:24,0
DA:25,0
DA:28,6
DA:29,3
DA:30,2
DA:33,4
DA:34,4
DA:35,0
DA:37,4
DA:46,30
DA:47,1
DA:48,1
DA:49,5
DA:54,30
DA:56,88
DA:60,30
DA:61,4
DA:62,4
DA:63,4
DA:66,30
DA:68,3
DA:69,3
DA:70,3
DA:71,3
DA:72,3
DA:78,30
DA:79,6
DA:80,3
DA:81,3
DA:84,30
DA:95,30
DA:96,30
DA:97,30
DA:98,30
DA:99,28
LF:52
LH:49
BRDA:23,0,0,0
BRDA:28,1,0,2
BRDA:34,2,0,0
BRDA:34,2,1,4
BRDA:56,3,0,88
BRDA:56,3,1,36
BRDA:56,3,2,68
BRF:7
BRH:5
end_of_record
TN:
SF:src/components/balances/CurrencySelect/index.tsx
FN:9,(anonymous_2)
FN:14,(anonymous_3)
FN:25,(anonymous_4)
FN:43,(anonymous_5)
FN:44,(anonymous_6)
FN:46,(anonymous_7)
FNF:6
FNH:4
FNDA:3,(anonymous_2)
FNDA:0,(anonymous_3)
FNDA:1,(anonymous_4)
FNDA:1,(anonymous_5)
FNDA:0,(anonymous_6)
FNDA:5,(anonymous_7)
DA:3,1
DA:4,1
DA:5,1
DA:6,1
DA:7,1
DA:9,1
DA:10,3
DA:11,3
DA:12,3
DA:14,3
DA:15,0
DA:17,0
DA:22,0
DA:25,3
DA:26,1
DA:43,1
DA:44,0
DA:47,5
DA:56,1
LF:19
LH:15
BRDA:12,0,0,3
BRDA:12,0,1,2
BRF:2
BRH:2
end_of_record
TN:
SF:src/components/balances/CurrencySelect/useCurrencies.ts
FN:5,(anonymous_1)
FNF:1
FNH:1
FNDA:3,(anonymous_1)
DA:3,1
DA:5,1
DA:6,3
DA:8,3
DA:11,3
LF:5
LH:5
BRF:0
BRH:0
end_of_record
TN:
SF:src/components/balances/HiddenTokenButton/index.tsx
FN:12,(anonymous_2)
FN:23,(anonymous_3)
FN:33,(anonymous_4)
FNF:3
FNH:2
FNDA:3,(anonymous_2)
FNDA:0,(anonymous_3)
FNDA:3,(anonymous_4)
DA:2,1
DA:3,1
DA:4,1
DA:5,1
DA:6,1
DA:7,1
DA:9,1
DA:10,1
DA:12,1
DA:19,3
DA:20,3
DA:23,3
DA:33,3
DA:54,2
LF:14
LH:14
BRDA:23,0,0,3
BRDA:23,0,1,3
BRDA:43,1,0,3
BRDA:43,1,1,0
BRF:4
BRH:3
end_of_record
TN:
SF:src/components/balances/TokenMenu/index.tsx
FN:9,(anonymous_2)
FNF:1
FNH:1
FNDA:30,(anonymous_2)
DA:1,1
DA:2,1
DA:3,1
DA:5,1
DA:7,1
DA:9,1
DA:22,30
DA:23,19
DA:56,30
LF:9
LH:9
BRDA:22,0,0,19
BRDA:22,1,0,30
BRDA:22,1,1,23
BRDA:31,2,0,4
BRDA:31,2,1,7
BRF:5
BRH:5
end_of_record
TN:
SF:src/components/batch/BatchIndicator/BatchTooltip.tsx
FN:8,(anonymous_2)
FN:12,(anonymous_3)
FN:13,(anonymous_4)
FN:15,(anonymous_5)
FN:19,(anonymous_6)
FN:20,(anonymous_7)
FN:26,(anonymous_8)
FNF:7
FNH:4
FNDA:4,(anonymous_2)
FNDA:2,(anonymous_3)
FNDA:0,(anonymous_4)
FNDA:2,(anonymous_5)
FNDA:2,(anonymous_6)
FNDA:0,(anonymous_7)
FNDA:0,(anonymous_8)
DA:1,1
DA:2,1
DA:4,1
DA:5,1
DA:6,1
DA:8,1
DA:9,4
DA:12,4
DA:13,2
DA:14,2
DA:15,2
DA:19,4
DA:20,2
DA:26,0
DA:41,4
LF:15
LH:14
BRF:0
BRH:0
end_of_record
TN:
SF:src/components/batch/BatchIndicator/index.tsx
FN:8,(anonymous_2)
FNF:1
FNH:1
FNDA:4,(anonymous_2)
DA:1,1
DA:2,1
DA:3,1
DA:4,1
DA:5,1
DA:6,1
DA:8,1
DA:9,4
DA:32,3
LF:9
LH:9
BRF:0
BRH:0
end_of_record
TN:
SF:src/components/batch/BatchSidebar/BatchTxItem.tsx
FN:21,(anonymous_2)
FN:31,(anonymous_3)
FN:45,(anonymous_4)
FNF:3
FNH:2
FNDA:4,(anonymous_2)
FNDA:4,(anonymous_3)
FNDA:0,(anonymous_4)
DA:2,6
DA:3,6
DA:4,6
DA:7,6
DA:8,6
DA:9,6
DA:10,6
DA:21,6
DA:30,4
DA:31,4
DA:44,4
DA:46,0
DA:47,0
DA:48,0
DA:49,0
DA:80,6
LF:16
LH:12
BRDA:47,0,0,0
BRDA:59,1,0,2
BRDA:65,2,0,0
BRDA:65,2,1,2
BRF:4
BRH:2
end_of_record
TN:
SF:src/components/batch/BatchSidebar/BatchTxList.tsx
FN:17,(anonymous_2)
FN:56,(anonymous_3)
FN:57,(anonymous_4)
FN:58,(anonymous_5)
FN:61,(anonymous_6)
FN:76,(anonymous_7)
FNF:6
FNH:6
FNDA:2,(anonymous_2)
FNDA:2,(anonymous_3)
FNDA:1,(anonymous_4)
FNDA:1,(anonymous_5)
FNDA:2,(anonymous_6)
FNDA:4,(anonymous_7)
DA:7,6
DA:9,6
DA:10,6
DA:11,6
DA:12,6
DA:13,6
DA:14,6
DA:17,6
DA:18,2
DA:19,0
DA:22,2
DA:23,2
DA:25,2
DA:32,2
DA:43,0
DA:44,0
DA:45,0
DA:48,0
DA:49,0
DA:50,0
DA:53,0
DA:56,6
DA:57,2
DA:58,1
DA:59,1
DA:60,1
DA:61,2
DA:63,0
DA:66,1
DA:69,2
DA:71,2
DA:77,4
DA:93,6
LF:33
LH:24
BRDA:18,0,0,0
BRDA:23,1,0,2
BRDA:23,2,0,2
BRDA:23,2,1,2
BRDA:25,3,0,0
BRDA:25,3,1,2
BRDA:28,4,0,0
BRDA:28,4,1,0
BRDA:34,5,0,2
BRDA:34,5,1,0
BRDA:37,6,0,2
BRDA:37,6,1,0
BRDA:44,7,0,0
BRDA:48,8,0,0
BRDA:60,9,0,1
BRDA:60,9,1,0
BRDA:83,10,0,4
BRDA:83,10,1,0
BRDA:85,11,0,4
BRDA:85,11,1,4
BRF:20
BRH:10
end_of_record
TN:
SF:src/components/common/AddFunds/index.tsx
FN:9,(anonymous_2)
FN:45,(anonymous_3)
FNF:2
FNH:0
FNDA:0,(anonymous_2)
FNDA:0,(anonymous_3)
DA:1,1
DA:2,1
DA:3,1
DA:4,1
DA:5,1
DA:6,1
DA:7,1
DA:9,1
DA:10,0
DA:11,0
DA:12,0
DA:13,0
DA:14,0
DA:15,0
DA:45,0
DA:89,1
LF:16
LH:9
BRDA:14,0,0,0
BRDA:14,0,1,0
BRF:2
BRH:0
end_of_record
TN:
SF:src/components/common/AddressBookInput/index.tsx
FN:16,(anonymous_5)
FN:22,(anonymous_6)
FN:31,(anonymous_7)
FN:32,(anonymous_8)
FN:40,(anonymous_9)
FN:40,(anonymous_10)
FN:45,(anonymous_11)
FN:45,(anonymous_12)
FN:49,(anonymous_13)
FN:55,(anonymous_14)
FN:56,(anonymous_15)
FN:60,(anonymous_16)
FN:80,(anonymous_18)
FN:81,(anonymous_19)
FN:88,(anonymous_20)
FN:127,(anonymous_22)
FNF:16
FNH:13
FNDA:0,(anonymous_5)
FNDA:56,(anonymous_6)
FNDA:35,(anonymous_7)
FNDA:10,(anonymous_8)
FNDA:42,(anonymous_9)
FNDA:19,(anonymous_10)
FNDA:42,(anonymous_11)
FNDA:18,(anonymous_12)
FNDA:20,(anonymous_13)
FNDA:0,(anonymous_14)
FNDA:0,(anonymous_15)
FNDA:1,(anonymous_16)
FNDA:2,(anonymous_18)
FNDA:8,(anonymous_19)
FNDA:6,(anonymous_20)
FNDA:1,(anonymous_22)
DA:1,5
DA:2,5
DA:3,5
DA:4,5
DA:5,5
DA:6,5
DA:7,5
DA:8,5
DA:9,5
DA:10,5
DA:11,5
DA:12,5
DA:13,5
DA:15,5
DA:16,0
DA:22,5
DA:23,56
DA:24,56
DA:25,56
DA:27,56
DA:28,56
DA:30,56
DA:32,35
DA:39,56
DA:40,42
DA:44,56
DA:45,42
DA:49,56
DA:51,20
DA:52,9
DA:55,56
DA:56,0
DA:59,56
DA:61,1
DA:80,2
DA:81,8
DA:89,6
DA:127,1
DA:135,47
LF:39
LH:37
BRDA:51,0,0,11
BRDA:59,1,0,8
BRDA:59,1,1,48
BRDA:80,2,0,0
BRDA:80,2,1,2
BRDA:101,3,0,62
BRDA:101,3,1,62
BRDA:103,4,0,21
BRDA:103,4,1,41
BRDA:105,5,0,7
BRDA:105,5,1,55
BRDA:105,6,0,62
BRDA:105,6,1,9
BRDA:112,7,0,7
BRDA:112,7,1,49
BRDA:112,8,0,56
BRDA:112,8,1,8
BRDA:125,9,0,56
BRF:18
BRH:17
end_of_record
TN:
SF:src/components/common/AddressBookSourceProvider/index.tsx
FN:10,(anonymous_3)
FN:12,(anonymous_4)
FN:29,(anonymous_5)
FNF:3
FNH:1
FNDA:907,(anonymous_3)
FNDA:0,(anonymous_4)
FNDA:0,(anonymous_5)
DA:1,58
DA:2,58
DA:6,58
DA:8,58
DA:10,907
DA:12,58
DA:13,0
DA:14,0
DA:16,0
DA:29,58
DA:36,0
DA:37,0
LF:12
LH:7
BRDA:14,0,0,0
BRDA:14,0,1,0
BRDA:16,1,0,0
BRDA:16,1,1,0
BRDA:37,2,0,0
BRDA:37,2,1,0
BRF:6
BRH:0
end_of_record
TN:
SF:src/components/common/AddressInput/index.tsx
FN:43,(anonymous_2)
FN:84,(anonymous_3)
FN:87,(anonymous_4)
FN:105,(anonymous_5)
FN:110,(anonymous_6)
FN:117,(anonymous_7)
FN:152,(anonymous_8)
FN:205,(anonymous_9)
FN:213,(anonymous_10)
FN:213,(anonymous_11)
FNF:10
FNH:10
FNDA:191,(anonymous_2)
FNDA:37,(anonymous_3)
FNDA:119,(anonymous_4)
FNDA:26,(anonymous_5)
FNDA:39,(anonymous_6)
FNDA:58,(anonymous_7)
FNDA:2,(anonymous_8)
FNDA:108,(anonymous_9)
FNDA:7,(anonymous_10)
FNDA:7,(anonymous_11)
DA:1,24
DA:2,24
DA:5,24
DA:15,24
DA:16,24
DA:17,24
DA:18,24
DA:19,24
DA:20,24
DA:21,24
DA:22,24
DA:23,24
DA:24,24
DA:25,24
DA:26,24
DA:27,24
DA:28,24
DA:43,24
DA:62,191
DA:64,191
DA:65,191
DA:66,191
DA:67,191
DA:69,191
DA:72,191
DA:73,191
DA:76,191
DA:79,191
DA:80,191
DA:81,191
DA:84,191
DA:86,191
DA:89,119
DA:90,119
DA:92,119
DA:94,61
DA:97,58
DA:104,191
DA:105,26
DA:110,191
DA:111,39
DA:112,1
DA:117,191
DA:118,58
DA:120,57
DA:121,25
DA:122,25
DA:152,191
DA:153,2
DA:154,2
DA:155,2
DA:206,108
DA:207,108
DA:208,70
DA:213,7
DA:223,176
LF:56
LH:56
BRDA:46,0,0,114
BRDA:52,1,0,186
BRDA:67,2,0,191
BRDA:67,2,1,191
BRDA:67,2,2,82
BRDA:72,3,0,191
BRDA:72,3,1,109
BRDA:73,4,0,101
BRDA:73,4,1,90
BRDA:76,5,0,191
BRDA:76,5,1,188
BRDA:80,6,0,3
BRDA:81,7,0,148
BRDA:81,8,0,191
BRDA:81,8,1,43
BRDA:92,9,0,61
BRDA:92,9,1,58
BRDA:111,10,0,1
BRDA:118,11,0,1
BRDA:120,12,0,25
BRDA:128,13,0,63
BRDA:128,13,1,128
BRDA:128,14,0,191
BRDA:128,14,1,191
BRDA:130,15,0,126
BRDA:130,15,1,2
BRDA:132,16,0,126
BRDA:138,17,0,126
BRDA:153,18,0,2
BRDA:153,19,0,2
BRDA:153,19,1,2
BRDA:166,20,0,191
BRDA:166,20,1,160
BRDA:166,20,2,10
BRDA:166,21,0,0
BRDA:166,21,1,10
BRDA:172,22,0,191
BRDA:172,22,1,125
BRDA:173,23,0,16
BRDA:173,23,1,175
BRDA:176,24,0,16
BRDA:182,25,0,40
BRDA:181,26,0,175
BRDA:181,26,1,76
BRDA:188,27,0,175
BRDA:188,27,1,170
BRDA:195,28,0,191
BRDA:195,28,1,125
BRDA:207,29,0,70
BRDA:208,30,0,70
BRDA:208,30,1,41
BRF:51
BRH:50
end_of_record
TN:
SF:src/components/common/AddressInput/useNameResolver.ts
FN:7,(anonymous_2)
FN:14,(anonymous_3)
FN:17,(anonymous_4)
FN:27,(anonymous_5)
FNF:4
FNH:3
FNDA:82,(anonymous_2)
FNDA:16,(anonymous_3)
FNDA:0,(anonymous_4)
FNDA:16,(anonymous_5)
DA:1,22
DA:2,22
DA:3,22
DA:4,22
DA:5,22
DA:7,22
DA:10,82
DA:11,82
DA:14,82
DA:15,16
DA:17,0
DA:18,0
DA:19,0
DA:23,82
DA:24,82
DA:26,82
DA:27,16
DA:36,82
LF:18
LH:15
BRDA:11,0,0,82
BRDA:11,0,1,82
BRDA:15,1,0,16
BRDA:15,2,0,16
BRDA:15,2,1,0
BRDA:15,2,2,0
BRDA:18,3,0,0
BRDA:23,4,0,82
BRDA:23,4,1,0
BRDA:23,4,2,0
BRDA:24,5,0,0
BRDA:24,5,1,82
BRDA:24,6,0,82
BRDA:24,6,1,0
BRF:14
BRH:7
end_of_record
TN:
SF:src/components/common/AddressInputReadOnly/index.tsx
FN:6,(anonymous_2)
FNF:1
FNH:1
FNDA:16,(anonymous_2)
DA:2,24
DA:3,24
DA:4,24
DA:6,24
DA:33,24
LF:5
LH:5
BRF:0
BRH:0
end_of_record
TN:
SF:src/components/common/BlockedAddress/index.tsx
FN:8,(anonymous_4)
FN:22,(anonymous_5)
FNF:2
FNH:1
FNDA:2,(anonymous_4)
FNDA:0,(anonymous_5)
DA:2,16
DA:3,16
DA:4,16
DA:5,16
DA:6,16
DA:8,16
DA:17,2
DA:18,2
DA:19,2
DA:20,2
DA:22,2
DA:23,0
DA:36,16
LF:13
LH:12
BRDA:19,0,0,0
BRDA:19,0,1,2
BRDA:19,1,0,2
BRDA:19,1,1,2
BRDA:31,2,0,2
BRDA:31,2,1,2
BRF:6
BRH:5
end_of_record
TN:
SF:src/components/common/ChainIndicator/index.tsx
FN:34,(anonymous_5)
FN:51,(anonymous_6)
FN:76,(anonymous_7)
FNF:3
FNH:3
FNDA:351,(anonymous_5)
FNDA:111,(anonymous_6)
FNDA:304,(anonymous_7)
DA:2,41
DA:3,41
DA:4,41
DA:5,41
DA:6,41
DA:7,41
DA:8,41
DA:9,41
DA:10,41
DA:24,41
DA:34,41
DA:45,351
DA:46,351
DA:47,351
DA:48,351
DA:49,351
DA:51,351
DA:52,111
DA:53,88
DA:55,88
DA:76,304
DA:82,351
DA:111,369
LF:23
LH:23
BRDA:38,0,0,13
BRDA:39,1,0,304
BRDA:40,2,0,351
BRDA:41,3,0,338
BRDA:42,4,0,296
BRDA:43,5,0,351
BRDA:46,6,0,351
BRDA:46,6,1,79
BRDA:48,7,0,351
BRDA:48,7,1,65
BRDA:48,8,0,36
BRDA:48,8,1,29
BRDA:49,9,0,351
BRDA:49,9,1,333
BRDA:52,10,0,23
BRDA:62,11,0,0
BRDA:63,12,0,0
BRDA:63,12,1,0
BRDA:82,13,0,18
BRDA:82,13,1,333
BRDA:84,14,0,304
BRDA:84,14,1,29
BRDA:87,15,0,304
BRDA:87,15,1,0
BRDA:88,16,0,304
BRDA:88,16,1,280
BRDA:96,17,0,304
BRDA:96,17,1,304
BRDA:97,18,0,304
BRDA:100,19,0,267
BRF:30
BRH:26
end_of_record
TN:
SF:src/components/common/ChainSwitcher/index.tsx
FN:9,(anonymous_2)
FN:21,(anonymous_3)
FNF:2
FNH:1
FNDA:14,(anonymous_2)
FNDA:0,(anonymous_3)
DA:2,20
DA:3,20
DA:4,20
DA:5,20
DA:6,20
DA:7,20
DA:9,20
DA:16,14
DA:17,14
DA:18,14
DA:19,14
DA:21,14
DA:22,0
DA:23,0
DA:24,0
DA:25,0
DA:28,14
DA:59,20
LF:18
LH:14
BRDA:11,0,0,14
BRDA:22,1,0,0
BRDA:22,2,0,0
BRDA:22,2,1,0
BRDA:28,3,0,11
BRDA:33,4,0,0
BRDA:33,4,1,3
BRDA:35,5,0,0
BRDA:35,5,1,3
BRDA:41,6,0,0
BRDA:46,7,0,3
BRDA:46,7,1,3
BRF:12
BRH:6
end_of_record
TN:
SF:src/components/common/CheckWallet/index.tsx
FN:23,(anonymous_2)
FN:30,(anonymous_3)
FN:53,(anonymous_4)
FNF:3
FNH:3
FNDA:25,(anonymous_2)
FNDA:172,(anonymous_3)
FNDA:77,(anonymous_4)
DA:1,25
DA:2,25
DA:3,25
DA:4,25
DA:5,25
DA:6,25
DA:7,25
DA:8,25
DA:9,25
DA:10,25
DA:11,25
DA:23,25
DA:30,25
DA:39,172
DA:40,172
DA:41,172
DA:42,172
DA:43,172
DA:44,172
DA:45,172
DA:47,172
DA:49,172
DA:51,172
DA:53,172
DA:54,77
DA:55,41
DA:57,36
DA:58,2
DA:61,34
DA:62,1
DA:65,33
DA:72,5
DA:75,28
DA:76,1
DA:93,172
DA:94,168
DA:95,134
DA:104,166
LF:38
LH:38
BRDA:23,0,0,25
BRDA:23,0,1,25
BRDA:35,1,0,94
BRDA:36,2,0,171
BRDA:37,3,0,170
BRDA:54,4,0,41
BRDA:57,5,0,2
BRDA:57,6,0,36
BRDA:57,6,1,3
BRDA:61,7,0,1
BRDA:61,8,0,34
BRDA:61,8,1,2
BRDA:65,9,0,5
BRDA:66,10,0,33
BRDA:66,10,1,32
BRDA:66,10,2,9
BRDA:66,10,3,7
BRDA:66,10,4,6
BRDA:66,10,5,2
BRDA:75,11,0,1
BRDA:75,12,0,28
BRDA:75,12,1,2
BRDA:75,12,2,2
BRDA:93,13,0,4
BRDA:93,14,0,172
BRDA:93,14,1,37
BRDA:94,15,0,34
BRDA:95,16,0,0
BRDA:99,17,0,10
BRDA:99,17,1,124
BRF:30
BRH:29
end_of_record
TN:
SF:src/components/common/CheckWalletWithPermission/index.tsx
FN:22,(anonymous_2)
FN:29,(anonymous_3)
FN:52,(anonymous_4)
FNF:3
FNH:3
FNDA:2,(anonymous_2)
FNDA:8,(anonymous_3)
FNDA:8,(anonymous_4)
DA:1,2
DA:2,2
DA:3,2
DA:4,2
DA:5,2
DA:6,2
DA:7,2
DA:9,2
DA:22,2
DA:29,2
DA:37,8
DA:38,8
DA:39,8
DA:40,8
DA:41,8
DA:48,8
DA:50,8
DA:52,8
DA:53,8
DA:54,1
DA:57,7
DA:58,1
DA:61,6
DA:62,1
DA:65,5
DA:66,1
DA:70,8
DA:71,7
DA:72,4
DA:81,8
LF:30
LH:30
BRDA:22,0,0,2
BRDA:22,0,1,2
BRDA:34,1,0,3
BRDA:35,2,0,7
BRDA:43,3,0,0
BRDA:43,3,1,8
BRDA:53,4,0,1
BRDA:57,5,0,1
BRDA:57,6,0,7
BRDA:57,6,1,2
BRDA:61,7,0,1
BRDA:61,8,0,6
BRDA:61,8,1,2
BRDA:65,9,0,1
BRDA:70,10,0,1
BRDA:70,11,0,8
BRDA:70,11,1,1
BRDA:71,12,0,3
BRDA:72,13,0,0
BRDA:76,14,0,3
BRDA:76,14,1,1
BRF:21
BRH:19
end_of_record
TN:
SF:src/components/common/Chip/index.tsx
FN:9,Chip
FNF:1
FNH:1
FNDA:7,Chip
DA:1,3
DA:9,17
LF:2
LH:2
BRDA:9,0,0,7
BRDA:9,1,0,0
BRF:2
BRH:1
end_of_record
TN:
SF:src/components/common/ConnectWallet/AccountCenter.tsx
FN:11,(anonymous_4)
FN:15,(anonymous_5)
FN:19,(anonymous_6)
FNF:3
FNH:3
FNDA:3,(anonymous_4)
FNDA:1,(anonymous_5)
FNDA:1,(anonymous_6)
DA:2,2
DA:3,2
DA:4,2
DA:5,2
DA:6,2
DA:8,2
DA:9,2
DA:11,2
DA:12,3
DA:13,3
DA:15,3
DA:16,1
DA:19,3
DA:20,1
DA:23,3
DA:24,3
DA:72,2
LF:17
LH:17
BRDA:24,0,0,1
BRDA:24,0,1,2
BRDA:39,1,0,1
BRF:3
BRH:3
end_of_record
TN:
SF:src/components/common/ConnectWallet/ConnectWalletButton.tsx
FN:4,(anonymous_2)
FN:17,(anonymous_3)
FNF:2
FNH:1
FNDA:23,(anonymous_2)
FNDA:0,(anonymous_3)
DA:1,3
DA:2,3
DA:4,3
DA:15,23
DA:17,23
DA:18,0
DA:19,0
DA:37,23
LF:8
LH:6
BRDA:6,0,0,23
BRDA:7,1,0,0
BRDA:26,2,0,23
BRDA:26,2,1,0
BRDA:27,3,0,23
BRDA:27,3,1,0
BRDA:30,4,0,23
BRDA:30,4,1,0
BRDA:32,5,0,23
BRDA:32,5,1,23
BRF:10
BRH:6
end_of_record
TN:
SF:src/components/common/ConnectWallet/ConnectionCenter.tsx
FN:6,(anonymous_2)
FNF:1
FNH:1
FNDA:23,(anonymous_2)
DA:1,2
DA:2,2
DA:4,2
DA:6,2
DA:14,23
LF:5
LH:5
BRF:0
BRH:0
end_of_record
TN:
SF:src/components/common/ConnectWallet/index.tsx
FN:6,(anonymous_2)
FNF:1
FNH:1
FNDA:22,(anonymous_2)
DA:2,1
DA:3,1
DA:4,1
DA:6,1
DA:7,22
DA:9,22
DA:12,22
LF:7
LH:7
BRDA:9,0,0,0
BRDA:9,0,1,22
BRF:2
BRH:1
end_of_record
TN:
SF:src/components/common/ConnectWallet/useConnectWallet.ts
FN:4,(anonymous_4)
FN:7,(anonymous_5)
FNF:2
FNH:1
FNDA:203,(anonymous_4)
FNDA:0,(anonymous_5)
DA:1,31
DA:2,31
DA:4,31
DA:5,203
DA:7,203
DA:8,0
DA:9,0
DA:12,0
DA:16,204
LF:9
LH:6
BRDA:8,0,0,0
BRF:1
BRH:0
end_of_record
TN:
SF:src/components/common/ContextMenu/index.tsx
FNF:0
FNH:0
DA:1,22
DA:2,22
DA:4,22
DA:8,34
LF:4
LH:4
BRF:0
BRH:0
end_of_record
TN:
SF:src/components/common/CooldownButton/index.tsx
FN:5,(anonymous_1)
FN:19,(anonymous_2)
FN:24,(anonymous_3)
FN:27,(anonymous_4)
FN:30,(anonymous_5)
FNF:5
FNH:5
FNDA:9,(anonymous_1)
FNDA:60,(anonymous_2)
FNDA:5,(anonymous_3)
FNDA:5,(anonymous_4)
FNDA:3,(anonymous_5)
DA:1,1
DA:2,1
DA:5,1
DA:16,9
DA:17,9
DA:19,9
DA:20,60
DA:21,60
DA:24,9
DA:26,5
DA:27,5
DA:30,9
DA:31,3
DA:32,3
DA:33,3
DA:36,9
DA:48,2
LF:17
LH:17
BRDA:8,0,0,4
BRDA:16,1,0,5
BRDA:16,1,1,4
BRDA:17,2,0,5
BRDA:17,2,1,4
BRDA:42,3,0,9
BRDA:42,3,1,6
BRF:7
BRH:7
end_of_record
TN:
SF:src/components/common/CopyAddressButton/index.tsx
FN:7,(anonymous_2)
FNF:1
FNH:1
FNDA:933,(anonymous_2)
DA:1,51
DA:2,51
DA:4,51
DA:5,51
DA:7,51
DA:20,933
DA:22,933
DA:47,933
LF:8
LH:8
BRDA:12,0,0,0
BRDA:20,1,0,23
BRDA:20,1,1,910
BRDA:20,2,0,933
BRDA:20,2,1,23
BRDA:24,3,0,911
BRF:6
BRH:5
end_of_record
TN:
SF:src/components/common/CopyButton/index.tsx
FN:17,(anonymous_2)
FNF:1
FNH:1
FNDA:1194,(anonymous_2)
DA:2,54
DA:3,54
DA:4,54
DA:5,54
DA:17,54
DA:36,1196
LF:6
LH:6
BRDA:21,0,0,1032
BRDA:27,1,0,1194
BRF:2
BRH:2
end_of_record
TN:
SF:src/components/common/CopyTooltip/ConfirmCopyModal.tsx
FN:28,(anonymous_2)
FN:29,(anonymous_3)
FNF:2
FNH:2
FNDA:26,(anonymous_2)
FNDA:15,(anonymous_3)
DA:13,54
DA:14,54
DA:15,54
DA:16,54
DA:17,54
DA:19,54
DA:28,54
DA:29,26
DA:30,15
DA:31,2
DA:69,54
LF:11
LH:11
BRDA:30,0,0,2
BRF:1
BRH:1
end_of_record
TN:
SF:src/components/common/CopyTooltip/index.tsx
FN:8,(anonymous_5)
FN:27,(anonymous_6)
FN:38,(anonymous_7)
FN:41,(anonymous_8)
FN:53,(anonymous_9)
FN:63,(anonymous_10)
FN:64,(anonymous_11)
FN:76,(anonymous_12)
FNF:8
FNH:4
FNDA:1220,(anonymous_5)
FNDA:9,(anonymous_6)
FNDA:5,(anonymous_7)
FNDA:0,(anonymous_8)
FNDA:0,(anonymous_9)
FNDA:0,(anonymous_10)
FNDA:0,(anonymous_11)
FNDA:1,(anonymous_12)
DA:2,54
DA:3,54
DA:4,54
DA:6,54
DA:8,54
DA:21,1220
DA:22,1220
DA:23,1220
DA:24,1220
DA:26,1220
DA:28,9
DA:29,9
DA:31,9
DA:32,2
DA:33,2
DA:37,7
DA:38,7
DA:39,5
DA:40,5
DA:41,5
DA:42,0
DA:43,0
DA:44,0
DA:47,5
DA:49,2
DA:50,2
DA:53,7
DA:63,0
DA:64,0
DA:76,1
DA:84,1210
LF:31
LH:26
BRDA:11,0,0,0
BRDA:31,1,0,2
BRDA:31,2,0,9
BRDA:31,2,1,3
BRDA:42,3,0,0
BRDA:75,4,0,1220
BRF:6
BRH:4
end_of_record
TN:
SF:src/components/common/Countdown/index.tsx
FN:4,_getCountdown
FN:18,Countdown
FN:42,TimeLeft
FNF:3
FNH:3
FNDA:6,_getCountdown
FNDA:12,Countdown
FNDA:6,TimeLeft
DA:1,4
DA:4,4
DA:5,6
DA:6,6
DA:7,6
DA:9,6
DA:11,6
DA:12,6
DA:13,6
DA:15,6
DA:18,12
DA:19,12
DA:20,9
DA:23,3
DA:31,2
DA:43,6
DA:44,0
LF:17
LH:16
BRDA:19,0,0,9
BRDA:23,1,0,1
BRDA:43,2,0,0
BRDA:53,3,0,0
BRDA:53,3,1,6
BRF:5
BRH:3
end_of_record
TN:
SF:src/components/common/CustomTooltip/index.tsx
FN:5,(anonymous_4)
FN:7,(anonymous_5)
FNF:2
FNH:2
FNDA:4,(anonymous_4)
FNDA:4,(anonymous_5)
DA:1,1
DA:2,1
DA:5,4
DA:6,4
DA:7,4
LF:5
LH:5
BRF:0
BRH:0
end_of_record
TN:
SF:src/components/common/DatePickerInput/index.tsx
FN:9,(anonymous_2)
FN:30,(anonymous_3)
FNF:2
FNH:2
FNDA:152,(anonymous_2)
FNDA:196,(anonymous_3)
DA:1,3
DA:2,3
DA:3,3
DA:4,3
DA:5,3
DA:7,3
DA:9,3
DA:22,152
DA:31,196
DA:32,85
DA:35,111
DA:36,0
DA:40,111
DA:41,13
DA:44,98
DA:65,152
LF:16
LH:15
BRDA:13,0,0,152
BRDA:31,1,0,85
BRDA:35,2,0,0
BRDA:40,3,0,13
BRDA:40,4,0,111
BRDA:40,4,1,111
BRDA:56,5,0,152
BRDA:56,5,1,131
BRF:8
BRH:7
end_of_record
TN:
SF:src/components/common/DateTime/DateTime.tsx
FN:11,(anonymous_1)
FNF:1
FNH:1
FNDA:30,(anonymous_1)
DA:2,16
DA:3,16
DA:11,30
DA:12,30
LF:4
LH:4
BRDA:12,0,0,30
BRDA:12,0,1,2
BRDA:15,1,0,30
BRDA:15,1,1,28
BRDA:16,2,0,1
BRDA:16,2,1,29
BRDA:16,3,0,2
BRDA:16,3,1,27
BRF:8
BRH:8
end_of_record
TN:
SF:src/components/common/DateTime/DateTimeContainer.tsx
FN:15,(anonymous_1)
FNF:1
FNH:1
FNDA:30,(anonymous_1)
DA:2,15
DA:3,15
DA:4,15
DA:5,15
DA:7,15
DA:15,15
DA:16,30
DA:17,30
DA:20,30
DA:22,30
DA:27,15
LF:11
LH:11
BRDA:20,0,0,30
BRDA:20,0,1,3
BRF:2
BRH:2
end_of_record
TN:
SF:src/components/common/DateTime/index.tsx
FNF:0
FNH:0
DA:1,15
DA:3,30
LF:2
LH:2
BRF:0
BRH:0
end_of_record
TN:
SF:src/components/common/Disclaimer/index.tsx
FN:6,(anonymous_4)
FN:30,(anonymous_5)
FNF:2
FNH:2
FNDA:4,(anonymous_4)
FNDA:4,(anonymous_5)
DA:2,17
DA:3,17
DA:4,17
DA:6,17
DA:30,4
DA:74,17
LF:6
LH:6
BRDA:33,0,0,4
BRDA:66,1,0,4
BRDA:66,1,1,2
BRF:3
BRH:3
end_of_record
TN:
SF:src/components/common/EnhancedTable/index.tsx
FN:43,descendingComparator
FN:53,getComparator
FN:54,(anonymous_7)
FN:75,EnhancedTableHead
FN:77,(anonymous_9)
FN:77,(anonymous_10)
FN:84,(anonymous_11)
FN:131,EnhancedTable
FN:137,(anonymous_13)
FN:143,(anonymous_14)
FN:147,(anonymous_15)
FN:175,(anonymous_16)
FN:186,(anonymous_17)
FNF:13
FNH:6
FNDA:0,descendingComparator
FNDA:0,getComparator
FNDA:0,(anonymous_7)
FNDA:30,EnhancedTableHead
FNDA:180,(anonymous_9)
FNDA:0,(anonymous_10)
FNDA:180,(anonymous_11)
FNDA:30,EnhancedTable
FNDA:0,(anonymous_13)
FNDA:0,(anonymous_14)
FNDA:0,(anonymous_15)
FNDA:44,(anonymous_16)
FNDA:264,(anonymous_17)
DA:2,1
DA:3,1
DA:4,1
DA:5,1
DA:7,1
DA:8,1
DA:9,1
DA:10,1
DA:11,1
DA:12,1
DA:13,1
DA:14,1
DA:15,1
DA:17,1
DA:18,1
DA:44,0
DA:45,0
DA:47,0
DA:48,0
DA:50,0
DA:54,0
DA:55,0
DA:56,0
DA:59,0
DA:60,0
DA:61,0
DA:64,0
DA:76,30
DA:77,180
DA:78,0
DA:85,180
DA:129,1
DA:132,30
DA:133,30
DA:134,30
DA:135,30
DA:137,30
DA:138,0
DA:139,0
DA:140,0
DA:143,30
DA:144,0
DA:147,30
DA:148,0
DA:149,0
DA:152,30
DA:153,30
DA:154,30
DA:176,44
DA:178,44
DA:187,264
DA:237,30
LF:52
LH:33
BRDA:44,0,0,0
BRDA:47,1,0,0
BRDA:59,2,0,0
BRDA:60,3,0,0
BRDA:61,4,0,0
BRDA:61,5,0,0
BRDA:61,5,1,0
BRDA:64,6,0,0
BRDA:64,6,1,0
BRDA:89,7,0,0
BRDA:89,7,1,180
BRDA:91,8,0,180
BRDA:91,8,1,0
BRDA:92,9,0,120
BRDA:92,9,1,60
BRDA:97,10,0,0
BRDA:102,11,0,0
BRDA:102,11,1,180
BRDA:107,12,0,0
BRDA:107,12,1,180
BRDA:109,13,0,0
BRDA:109,13,1,0
BRDA:138,14,0,0
BRDA:138,14,1,0
BRDA:139,15,0,0
BRDA:139,15,1,0
BRDA:152,16,0,0
BRDA:152,16,1,30
BRDA:154,17,0,30
BRDA:154,17,1,30
BRDA:164,18,0,0
BRDA:164,18,1,30
BRDA:165,19,0,0
BRDA:165,19,1,30
BRDA:175,20,0,24
BRDA:176,21,0,44
BRDA:176,21,1,0
BRDA:184,22,0,4
BRDA:184,22,1,40
BRDA:194,23,0,0
BRDA:194,23,1,264
BRDA:217,24,0,30
BRF:42
BRH:17
end_of_record
TN:
SF:src/components/common/EthHashInfo/index.tsx
FN:10,(anonymous_2)
FNF:1
FNH:1
FNDA:613,(anonymous_2)
DA:1,51
DA:3,51
DA:4,51
DA:5,51
DA:6,51
DA:7,51
DA:8,51
DA:10,51
DA:15,613
DA:16,613
DA:17,613
DA:18,613
DA:19,613
DA:20,613
DA:38,590
LF:15
LH:15
BRDA:11,0,0,522
BRDA:12,1,0,422
BRDA:17,2,0,613
BRDA:17,2,1,589
BRDA:19,3,0,16
BRDA:19,3,1,597
BRDA:19,4,0,613
BRDA:19,4,1,52
BRDA:20,5,0,538
BRDA:20,5,1,75
BRDA:20,6,0,538
BRDA:20,6,1,504
BRDA:28,7,0,613
BRDA:28,7,1,613
BRDA:30,8,0,613
BRDA:30,8,1,597
BRDA:30,9,0,613
BRDA:30,9,1,597
BRF:18
BRH:18
end_of_record
TN:
SF:src/components/common/EthHashInfo/SrcEthHashInfo/index.tsx
FN:39,(anonymous_2)
FN:41,(anonymous_3)
FNF:2
FNH:1
FNDA:0,(anonymous_2)
FNDA:612,(anonymous_3)
DA:1,51
DA:3,51
DA:4,51
DA:5,51
DA:6,51
DA:7,51
DA:8,51
DA:9,51
DA:10,51
DA:11,51
DA:12,51
DA:13,51
DA:14,51
DA:15,51
DA:39,51
DA:41,51
DA:61,612
DA:62,612
DA:63,612
DA:65,612
DA:67,612
DA:152,613
LF:22
LH:22
BRDA:44,0,0,555
BRDA:45,1,0,1
BRDA:46,2,0,502
BRDA:47,3,0,157
BRDA:48,4,0,540
BRDA:49,5,0,297
BRDA:50,6,0,573
BRDA:57,7,0,598
BRDA:59,8,0,577
BRDA:65,9,0,612
BRDA:65,9,1,318
BRDA:67,10,0,35
BRDA:67,10,1,577
BRDA:80,11,0,612
BRDA:80,11,1,518
BRDA:80,11,2,256
BRDA:81,12,0,202
BRDA:81,12,1,410
BRDA:81,13,0,612
BRDA:81,13,1,410
BRDA:87,14,0,612
BRDA:90,15,0,339
BRDA:90,15,1,0
BRDA:92,16,0,7
BRDA:92,16,1,332
BRDA:100,17,0,39
BRDA:100,17,1,573
BRDA:101,18,0,612
BRDA:107,19,0,100
BRDA:111,20,0,34
BRDA:111,20,1,0
BRDA:123,21,0,612
BRDA:123,21,1,39
BRDA:125,22,0,530
BRDA:125,22,1,72
BRDA:135,23,0,612
BRDA:139,24,0,612
BRDA:139,24,1,266
BRF:38
BRH:36
end_of_record
TN:
SF:src/components/common/ExplorerButton/index.tsx
FN:16,(anonymous_2)
FNF:1
FNH:1
FNDA:266,(anonymous_2)
DA:2,51
DA:3,51
DA:4,51
DA:16,51
DA:25,266
DA:62,266
LF:6
LH:6
BRDA:17,0,0,0
BRDA:18,1,0,0
BRDA:19,2,0,266
BRDA:22,3,0,266
BRDA:23,4,0,266
BRDA:25,5,0,250
BRDA:28,6,0,16
BRF:7
BRH:5
end_of_record
TN:
SF:src/components/common/ExternalLink/index.tsx
FN:9,(anonymous_2)
FNF:1
FNH:1
FNDA:203,(anonymous_2)
DA:3,42
DA:9,42
DA:43,255
LF:3
LH:3
BRDA:10,0,0,130
BRDA:13,1,0,203
BRDA:28,2,0,203
BRDA:28,2,1,0
BRDA:29,3,0,203
BRDA:33,4,0,203
BRF:6
BRH:5
end_of_record
TN:
SF:src/components/common/FiatValue/index.tsx
FN:10,(anonymous_1)
FN:21,(anonymous_2)
FN:25,(anonymous_3)
FN:29,(anonymous_4)
FNF:4
FNH:4
FNDA:94,(anonymous_1)
FNDA:26,(anonymous_2)
FNDA:26,(anonymous_3)
FNDA:26,(anonymous_4)
DA:2,42
DA:3,42
DA:4,42
DA:5,42
DA:6,42
DA:8,42
DA:10,42
DA:19,94
DA:21,94
DA:22,26
DA:25,94
DA:26,26
DA:29,94
DA:30,26
DA:31,26
DA:34,94
DA:63,94
LF:17
LH:17
BRDA:22,0,0,25
BRDA:22,0,1,1
BRDA:26,1,0,25
BRDA:26,1,1,1
BRDA:30,2,0,26
BRDA:30,2,1,1
BRDA:31,3,0,25
BRDA:31,3,1,1
BRDA:34,4,0,1
BRDA:43,5,0,2
BRDA:43,5,1,91
BRDA:45,6,0,2
BRDA:45,6,1,91
BRDA:48,7,0,2
BRF:14
BRH:14
end_of_record
TN:
SF:src/components/common/GeoblockingProvider/index.tsx
FN:7,(anonymous_4)
FN:15,(anonymous_5)
FNF:2
FNH:0
FNDA:0,(anonymous_4)
FNDA:0,(anonymous_5)
DA:1,3
DA:2,3
DA:3,3
DA:5,140
DA:7,3
DA:8,0
DA:9,0
DA:15,3
DA:16,0
DA:21,3
LF:10
LH:7
BRDA:16,0,0,0
BRF:1
BRH:0
end_of_record
TN:
SF:src/components/common/Header/index.tsx
FN:35,getLogoLink
FN:43,(anonymous_5)
FN:55,(anonymous_6)
FN:57,(anonymous_7)
FN:63,(anonymous_8)
FN:65,(anonymous_9)
FNF:6
FNH:3
FNDA:22,getLogoLink
FNDA:22,(anonymous_5)
FNDA:1,(anonymous_6)
FNDA:0,(anonymous_7)
FNDA:0,(anonymous_8)
FNDA:0,(anonymous_9)
DA:1,1
DA:2,1
DA:5,1
DA:7,1
DA:8,1
DA:9,1
DA:10,1
DA:11,1
DA:12,1
DA:13,1
DA:14,1
DA:15,1
DA:16,1
DA:17,1
DA:18,1
DA:19,1
DA:20,1
DA:21,1
DA:22,1
DA:23,1
DA:24,1
DA:25,1
DA:26,1
DA:27,1
DA:28,1
DA:35,0
DA:36,22
DA:43,1
DA:44,22
DA:45,22
DA:46,22
DA:47,22
DA:48,22
DA:49,22
DA:50,22
DA:53,22
DA:55,22
DA:56,1
DA:57,1
DA:59,0
DA:63,22
DA:64,0
DA:65,0
DA:69,22
DA:130,13
LF:45
LH:41
BRDA:36,0,0,22
BRDA:36,0,1,0
BRDA:36,1,0,22
BRDA:36,1,1,22
BRDA:37,2,0,0
BRDA:37,2,1,22
BRDA:56,3,0,1
BRDA:56,3,1,0
BRDA:64,4,0,0
BRDA:69,5,0,22
BRDA:69,5,1,3
BRDA:69,5,2,0
BRDA:74,6,0,22
BRDA:83,7,0,22
BRDA:83,7,1,0
BRDA:89,8,0,22
BRDA:89,9,0,0
BRDA:93,10,0,22
BRDA:103,11,0,22
BRDA:109,12,0,22
BRDA:121,13,0,22
BRF:21
BRH:14
end_of_record
TN:
SF:src/components/common/Identicon/index.tsx
FN:14,(anonymous_2)
FN:15,(anonymous_3)
FNF:2
FNH:2
FNDA:389,(anonymous_2)
FNDA:197,(anonymous_3)
DA:2,51
DA:3,51
DA:4,51
DA:6,51
DA:7,51
DA:14,51
DA:15,389
DA:16,197
DA:17,197
DA:18,40
DA:20,157
DA:21,157
DA:27,0
DA:38,669
LF:14
LH:13
BRDA:14,0,0,1
BRDA:17,1,0,40
BRDA:32,2,0,76
BRF:3
BRH:3
end_of_record
TN:
SF:src/components/common/IframeIcon/index.tsx
FN:3,(anonymous_1)
FN:17,(anonymous_2)
FNF:2
FNH:0
FNDA:0,(anonymous_1)
FNDA:0,(anonymous_2)
DA:3,14
DA:4,0
DA:17,14
DA:43,14
LF:4
LH:3
BRDA:20,0,0,0
BRDA:21,1,0,0
BRF:2
BRH:0
end_of_record
TN:
SF:src/components/common/ImageFallback/index.tsx
FN:18,(anonymous_1)
FN:28,(anonymous_2)
FNF:2
FNH:1
FNDA:311,(anonymous_1)
FNDA:0,(anonymous_2)
DA:2,57
DA:18,57
DA:19,311
DA:21,311
DA:28,0
DA:33,311
LF:6
LH:5
BRDA:21,0,0,0
BRDA:21,1,0,311
BRDA:21,1,1,0
BRDA:26,2,0,311
BRDA:26,2,1,7
BRDA:27,3,0,42
BRDA:27,3,1,269
BRDA:27,4,0,311
BRDA:27,4,1,311
BRF:9
BRH:7
end_of_record
TN:
SF:src/components/common/InfiniteScroll/index.tsx
FN:4,(anonymous_2)
FN:8,(anonymous_3)
FNF:2
FNH:0
FNDA:0,(anonymous_2)
FNDA:0,(anonymous_3)
DA:1,14
DA:2,14
DA:4,14
DA:5,0
DA:6,0
DA:8,0
DA:9,0
DA:10,0
DA:17,14
LF:9
LH:4
BRDA:9,0,0,0
BRF:1
BRH:0
end_of_record
TN:
SF:src/components/common/ModalDialog/index.tsx
FN:30,(anonymous_4)
FN:51,(anonymous_5)
FN:67,(anonymous_6)
FN:86,(anonymous_7)
FNF:4
FNH:3
FNDA:107,(anonymous_4)
FNDA:0,(anonymous_5)
FNDA:153,(anonymous_6)
FNDA:20,(anonymous_7)
DA:2,31
DA:10,31
DA:11,31
DA:12,31
DA:14,31
DA:30,31
DA:52,0
DA:67,31
DA:75,153
DA:76,153
DA:77,153
DA:86,20
DA:99,153
LF:13
LH:12
BRDA:33,0,0,79
BRDA:35,1,0,107
BRDA:46,2,0,107
BRDA:47,3,0,107
BRDA:47,3,1,0
BRDA:71,4,0,139
BRDA:77,5,0,153
BRDA:77,5,1,139
BRDA:84,6,0,14
BRDA:84,6,1,139
BRDA:88,7,0,153
BRF:11
BRH:10
end_of_record
TN:
SF:src/components/common/Mui/index.tsx
FN:9,Box
FN:112,Typography
FNF:2
FNH:1
FNDA:5,Box
FNDA:0,Typography
DA:1,1
DA:2,1
DA:3,1
DA:4,1
DA:5,1
DA:7,1
DA:9,5
DA:112,1
LF:8
LH:8
BRF:0
BRH:0
end_of_record
TN:
SF:src/components/common/NameInput/index.tsx
FN:7,(anonymous_2)
FN:26,(anonymous_3)
FN:40,(anonymous_5)
FN:41,(anonymous_6)
FN:47,(anonymous_7)
FNF:5
FNH:3
FNDA:5,(anonymous_2)
FNDA:3,(anonymous_3)
FNDA:1,(anonymous_5)
FNDA:0,(anonymous_6)
FNDA:0,(anonymous_7)
DA:2,24
DA:3,24
DA:4,24
DA:5,24
DA:7,24
DA:15,5
DA:17,5
DA:27,3
DA:28,3
DA:40,1
DA:42,0
DA:43,0
DA:47,0
DA:54,24
LF:14
LH:11
BRDA:9,0,0,0
BRDA:15,1,0,5
BRDA:15,1,1,0
BRDA:27,2,0,0
BRDA:27,3,0,3
BRDA:27,3,1,0
BRDA:37,4,0,0
BRDA:37,4,1,5
BRDA:37,5,0,5
BRDA:37,5,1,5
BRF:10
BRH:5
end_of_record
TN:
SF:src/components/common/NamedAddressInfo/index.tsx
FN:16,(anonymous_4)
FN:17,(anonymous_5)
FN:21,(anonymous_6)
FN:25,useAddressName
FN:45,(anonymous_8)
FN:54,(anonymous_9)
FNF:6
FNH:6
FNDA:140,(anonymous_4)
FNDA:62,(anonymous_5)
FNDA:140,(anonymous_6)
FNDA:140,useAddressName
FNDA:68,(anonymous_8)
FNDA:86,(anonymous_9)
DA:1,23
DA:2,23
DA:4,23
DA:5,23
DA:6,23
DA:7,23
DA:8,23
DA:9,23
DA:10,23
DA:11,23
DA:13,23
DA:14,23
DA:16,23
DA:17,140
DA:18,140
DA:21,23
DA:22,140
DA:25,55
DA:26,140
DA:27,140
DA:28,140
DA:29,140
DA:30,140
DA:32,140
DA:33,140
DA:37,140
DA:38,140
DA:40,140
DA:42,140
DA:44,140
DA:45,68
DA:54,23
DA:55,86
DA:60,71
LF:34
LH:34
BRDA:17,0,0,48
BRDA:17,0,1,14
BRDA:18,1,0,140
BRDA:18,1,1,132
BRDA:22,2,0,140
BRDA:22,2,1,6
BRDA:28,3,0,4
BRDA:28,3,1,136
BRDA:29,4,0,140
BRDA:29,4,1,130
BRDA:29,4,2,126
BRDA:30,5,0,30
BRDA:30,5,1,110
BRDA:32,6,0,140
BRDA:32,6,1,110
BRDA:37,7,0,133
BRDA:37,7,1,7
BRDA:38,8,0,140
BRDA:38,8,1,130
BRDA:38,8,2,125
BRDA:40,9,0,16
BRDA:40,9,1,124
BRDA:46,10,0,68
BRDA:46,10,1,57
BRDA:46,10,2,57
BRDA:46,11,0,0
BRDA:46,11,1,57
BRDA:47,12,0,68
BRDA:47,12,1,66
BRF:29
BRH:28
end_of_record
TN:
SF:src/components/common/NavTabs/index.tsx
FN:8,(anonymous_2)
FN:10,(anonymous_3)
FN:15,(anonymous_4)
FNF:3
FNH:3
FNDA:74,(anonymous_2)
FNDA:167,(anonymous_3)
FNDA:167,(anonymous_4)
DA:1,2
DA:2,2
DA:3,2
DA:4,2
DA:6,2
DA:8,2
DA:9,74
DA:10,167
DA:11,74
DA:16,167
DA:41,74
LF:11
LH:11
BRDA:11,0,0,70
BRDA:11,0,1,4
BRDA:27,1,0,74
BRDA:27,1,1,93
BRF:4
BRH:4
end_of_record
TN:
SF:src/components/common/Navigate/index.tsx
FN:4,Navigate
FN:7,(anonymous_2)
FNF:2
FNH:2
FNDA:3,Navigate
FNDA:3,(anonymous_2)
DA:1,2
DA:2,2
DA:4,3
DA:5,3
DA:7,3
DA:8,3
DA:9,2
DA:11,1
DA:15,3
LF:9
LH:9
BRDA:4,0,0,1
BRDA:8,1,0,2
BRDA:8,1,1,1
BRF:3
BRH:3
end_of_record
TN:
SF:src/components/common/NetworkInput/index.tsx
FN:12,(anonymous_2)
FN:23,(anonymous_3)
FN:23,(anonymous_4)
FN:27,(anonymous_5)
FN:28,(anonymous_6)
FN:65,(anonymous_8)
FN:81,(anonymous_9)
FN:85,(anonymous_10)
FNF:8
FNH:0
FNDA:0,(anonymous_2)
FNDA:0,(anonymous_3)
FNDA:0,(anonymous_4)
FNDA:0,(anonymous_5)
FNDA:0,(anonymous_6)
FNDA:0,(anonymous_8)
FNDA:0,(anonymous_9)
FNDA:0,(anonymous_10)
DA:1,3
DA:2,3
DA:3,3
DA:4,3
DA:5,3
DA:6,3
DA:7,3
DA:8,3
DA:9,3
DA:12,3
DA:21,0
DA:22,0
DA:23,0
DA:24,0
DA:26,0
DA:28,0
DA:29,0
DA:30,0
DA:65,0
DA:81,0
DA:85,0
DA:93,3
LF:22
LH:11
BRDA:14,0,0,0
BRDA:24,1,0,0
BRDA:24,1,1,0
BRDA:29,2,0,0
BRDA:38,3,0,0
BRDA:71,4,0,0
BRDA:71,4,1,0
BRDA:83,5,0,0
BRF:8
BRH:0
end_of_record
TN:
SF:src/components/common/NetworkSelector/NetworkMultiSelectorInput.tsx
FN:21,(anonymous_2)
FN:33,(anonymous_3)
FN:36,(anonymous_4)
FN:38,(anonymous_5)
FN:50,(anonymous_6)
FN:51,(anonymous_7)
FN:59,(anonymous_8)
FN:70,(anonymous_9)
FN:82,(anonymous_10)
FN:88,(anonymous_11)
FN:97,(anonymous_12)
FN:131,(anonymous_13)
FN:132,(anonymous_14)
FN:136,(anonymous_16)
FN:139,(anonymous_17)
FN:144,(anonymous_18)
FN:145,(anonymous_19)
FNF:17
FNH:13
FNDA:44,(anonymous_2)
FNDA:0,(anonymous_3)
FNDA:15,(anonymous_4)
FNDA:0,(anonymous_5)
FNDA:2,(anonymous_6)
FNDA:2,(anonymous_7)
FNDA:0,(anonymous_8)
FNDA:16,(anonymous_9)
FNDA:24,(anonymous_10)
FNDA:2,(anonymous_11)
FNDA:170,(anonymous_12)
FNDA:170,(anonymous_13)
FNDA:170,(anonymous_14)
FNDA:34,(anonymous_16)
FNDA:0,(anonymous_17)
FNDA:105,(anonymous_18)
FNDA:13,(anonymous_19)
DA:1,1
DA:2,1
DA:4,1
DA:5,1
DA:6,1
DA:7,1
DA:19,1
DA:21,1
DA:30,44
DA:31,44
DA:33,44
DA:35,44
DA:37,15
DA:38,0
DA:41,15
DA:42,15
DA:43,15
DA:49,44
DA:51,2
DA:52,2
DA:57,44
DA:59,44
DA:60,0
DA:61,0
DA:63,0
DA:67,44
DA:69,44
DA:71,16
DA:82,16
DA:83,24
DA:88,2
DA:96,44
DA:102,170
DA:104,170
DA:105,0
DA:113,170
DA:131,170
DA:133,170
DA:137,34
DA:138,0
DA:140,0
DA:144,105
DA:145,13
DA:150,44
LF:44
LH:37
BRDA:28,0,0,44
BRDA:33,1,0,44
BRDA:33,1,1,0
BRDA:37,2,0,0
BRDA:37,2,1,15
BRDA:42,3,0,15
BRDA:60,4,0,0
BRDA:60,4,1,0
BRDA:67,5,0,0
BRDA:67,5,1,44
BRDA:71,6,0,0
BRDA:71,7,0,16
BRDA:71,7,1,0
BRDA:104,8,0,0
BRDA:104,9,0,170
BRDA:104,9,1,0
BRDA:126,10,0,44
BRDA:126,10,1,0
BRDA:133,11,0,0
BRDA:133,11,1,170
BRDA:133,12,0,170
BRDA:133,12,1,0
BRDA:137,13,0,34
BRDA:140,14,0,0
BRDA:140,14,1,0
BRDA:140,14,2,0
BRF:26
BRH:11
end_of_record
TN:
SF:src/components/common/NetworkSelector/index.tsx
FN:49,(anonymous_8)
FN:58,(anonymous_9)
FN:71,(anonymous_10)
FN:117,(anonymous_11)
FN:134,(anonymous_12)
FN:153,(anonymous_13)
FN:169,(anonymous_14)
FN:184,(anonymous_15)
FN:202,(anonymous_16)
FN:202,(anonymous_17)
FN:212,(anonymous_18)
FN:214,(anonymous_19)
FN:220,(anonymous_20)
FN:220,(anonymous_21)
FN:224,(anonymous_22)
FN:224,(anonymous_23)
FN:226,(anonymous_24)
FN:288,(anonymous_25)
FN:293,(anonymous_26)
FN:295,(anonymous_27)
FN:330,(anonymous_28)
FN:334,(anonymous_29)
FN:354,(anonymous_30)
FN:376,(anonymous_31)
FN:379,(anonymous_32)
FN:384,(anonymous_33)
FN:385,(anonymous_34)
FN:390,(anonymous_35)
FN:392,(anonymous_36)
FN:393,(anonymous_37)
FN:399,(anonymous_38)
FN:400,(anonymous_39)
FN:403,(anonymous_40)
FN:429,(anonymous_41)
FN:433,(anonymous_42)
FN:448,(anonymous_43)
FN:471,(anonymous_44)
FN:475,(anonymous_45)
FNF:38
FNH:1
FNDA:0,(anonymous_8)
FNDA:0,(anonymous_9)
FNDA:15,(anonymous_10)
FNDA:0,(anonymous_11)
FNDA:0,(anonymous_12)
FNDA:0,(anonymous_13)
FNDA:0,(anonymous_14)
FNDA:0,(anonymous_15)
FNDA:0,(anonymous_16)
FNDA:0,(anonymous_17)
FNDA:0,(anonymous_18)
FNDA:0,(anonymous_19)
FNDA:0,(anonymous_20)
FNDA:0,(anonymous_21)
FNDA:0,(anonymous_22)
FNDA:0,(anonymous_23)
FNDA:0,(anonymous_24)
FNDA:0,(anonymous_25)
FNDA:0,(anonymous_26)
FNDA:0,(anonymous_27)
FNDA:0,(anonymous_28)
FNDA:0,(anonymous_29)
FNDA:0,(anonymous_30)
FNDA:0,(anonymous_31)
FNDA:0,(anonymous_32)
FNDA:0,(anonymous_33)
FNDA:0,(anonymous_34)
FNDA:0,(anonymous_35)
FNDA:0,(anonymous_36)
FNDA:0,(anonymous_37)
FNDA:0,(anonymous_38)
FNDA:0,(anonymous_39)
FNDA:0,(anonymous_40)
FNDA:0,(anonymous_41)
FNDA:0,(anonymous_42)
FNDA:0,(anonymous_43)
FNDA:0,(anonymous_44)
FNDA:0,(anonymous_45)
DA:1,1
DA:2,1
DA:3,1
DA:4,1
DA:5,1
DA:18,1
DA:19,1
DA:20,1
DA:21,1
DA:24,1
DA:25,1
DA:26,1
DA:27,1
DA:28,1
DA:29,1
DA:30,1
DA:31,1
DA:32,1
DA:33,1
DA:35,1
DA:36,1
DA:37,1
DA:38,1
DA:39,1
DA:40,1
DA:42,1
DA:43,1
DA:44,1
DA:45,1
DA:46,1
DA:47,1
DA:49,1
DA:58,0
DA:59,0
DA:60,0
DA:62,0
DA:63,0
DA:66,0
DA:71,15
DA:77,15
DA:78,15
DA:81,15
DA:93,15
DA:98,15
DA:100,15
DA:101,30
DA:102,8
DA:109,15
DA:110,0
DA:111,0
DA:114,15
DA:117,1
DA:126,0
DA:134,0
DA:153,1
DA:169,1
DA:184,1
DA:195,0
DA:196,0
DA:197,0
DA:198,0
DA:199,0
DA:201,0
DA:202,0
DA:205,0
DA:206,0
DA:208,0
DA:209,0
DA:211,0
DA:213,0
DA:214,0
DA:219,0
DA:220,0
DA:224,0
DA:226,0
DA:227,0
DA:230,0
DA:246,0
DA:267,0
DA:288,0
DA:289,0
DA:290,0
DA:293,0
DA:294,0
DA:295,0
DA:331,0
DA:335,0
DA:354,1
DA:361,0
DA:362,0
DA:363,0
DA:364,0
DA:365,0
DA:366,0
DA:367,0
DA:368,0
DA:369,0
DA:371,0
DA:373,0
DA:375,0
DA:376,0
DA:377,0
DA:379,0
DA:381,0
DA:384,0
DA:385,0
DA:389,0
DA:391,0
DA:392,0
DA:393,0
DA:398,0
DA:400,0
DA:401,0
DA:403,0
DA:404,0
DA:407,0
DA:429,0
DA:430,0
DA:433,0
DA:434,0
DA:435,0
DA:448,0
DA:471,0
DA:475,0
DA:491,1
LF:125
LH:49
BRDA:64,0,0,0
BRDA:64,0,1,0
BRDA:64,1,0,0
BRDA:64,1,1,0
BRDA:66,2,0,0
BRDA:66,2,1,0
BRDA:81,3,0,0
BRDA:81,3,1,15
BRDA:101,4,0,8
BRDA:109,5,0,0
BRDA:109,6,0,15
BRDA:109,6,1,0
BRDA:109,6,2,0
BRDA:119,7,0,0
BRDA:140,8,0,0
BRDA:213,9,0,0
BRDA:213,9,1,0
BRDA:214,10,0,0
BRDA:214,10,1,0
BRDA:230,11,0,0
BRDA:246,12,0,0
BRDA:246,12,1,0
BRDA:246,13,0,0
BRDA:246,13,1,0
BRDA:246,13,2,0
BRDA:254,14,0,0
BRDA:261,15,0,0
BRDA:261,15,1,0
BRDA:267,16,0,0
BRDA:294,17,0,0
BRDA:294,17,1,0
BRDA:313,18,0,0
BRDA:313,18,1,0
BRDA:320,19,0,0
BRDA:333,20,0,0
BRDA:333,20,1,0
BRDA:340,21,0,0
BRDA:340,21,1,0
BRDA:346,22,0,0
BRDA:346,22,1,0
BRDA:356,23,0,0
BRDA:377,24,0,0
BRDA:383,25,0,0
BRDA:383,25,1,0
BRDA:401,26,0,0
BRDA:412,27,0,0
BRDA:412,27,1,0
BRDA:435,28,0,0
BRDA:435,28,1,0
BRDA:439,29,0,0
BRDA:456,30,0,0
BRDA:456,30,1,0
BRDA:473,31,0,0
BRDA:473,31,1,0
BRDA:477,32,0,0
BRDA:477,32,1,0
BRDA:477,32,2,0
BRF:57
BRH:3
end_of_record
TN:
SF:src/components/common/Notifications/index.tsx
FN:18,(anonymous_7)
FN:38,(anonymous_9)
FN:66,(anonymous_10)
FN:81,(anonymous_11)
FN:117,(anonymous_12)
FN:118,(anonymous_13)
FN:121,(anonymous_14)
FN:130,(anonymous_15)
FN:138,(anonymous_16)
FN:141,(anonymous_17)
FN:153,(anonymous_18)
FN:155,(anonymous_19)
FNF:12
FNH:0
FNDA:0,(anonymous_7)
FNDA:0,(anonymous_9)
FNDA:0,(anonymous_10)
FNDA:0,(anonymous_11)
FNDA:0,(anonymous_12)
FNDA:0,(anonymous_13)
FNDA:0,(anonymous_14)
FNDA:0,(anonymous_15)
FNDA:0,(anonymous_16)
FNDA:0,(anonymous_17)
FNDA:0,(anonymous_18)
FNDA:0,(anonymous_19)
DA:2,1
DA:3,1
DA:4,1
DA:6,1
DA:8,1
DA:9,1
DA:10,1
DA:11,1
DA:12,1
DA:13,1
DA:14,1
DA:16,1
DA:18,1
DA:25,0
DA:26,0
DA:38,0
DA:39,0
DA:40,0
DA:42,0
DA:46,0
DA:66,1
DA:79,0
DA:81,0
DA:82,0
DA:85,0
DA:86,0
DA:89,0
DA:92,0
DA:117,1
DA:118,0
DA:121,1
DA:122,0
DA:123,0
DA:125,0
DA:127,0
DA:129,0
DA:131,0
DA:132,0
DA:138,0
DA:139,0
DA:141,0
DA:142,0
DA:143,0
DA:147,0
DA:148,0
DA:154,0
DA:155,0
DA:162,1
LF:48
LH:17
BRDA:25,0,0,0
BRDA:31,1,0,0
BRDA:39,2,0,0
BRDA:46,3,0,0
BRDA:46,3,1,0
BRDA:47,4,0,0
BRDA:47,4,1,0
BRDA:47,5,0,0
BRDA:47,5,1,0
BRDA:56,6,0,0
BRDA:56,6,1,0
BRDA:74,7,0,0
BRDA:82,8,0,0
BRDA:85,9,0,0
BRDA:92,10,0,0
BRDA:92,10,1,0
BRDA:92,11,0,0
BRDA:92,11,1,0
BRDA:96,12,0,0
BRDA:96,12,1,0
BRDA:97,13,0,0
BRDA:105,14,0,0
BRDA:147,15,0,0
BRF:23
BRH:0
end_of_record
TN:
SF:src/components/common/Notifications/useCounter.ts
FN:3,(anonymous_1)
FN:6,(anonymous_2)
FN:7,(anonymous_3)
FN:15,(anonymous_4)
FNF:4
FNH:0
FNDA:0,(anonymous_1)
FNDA:0,(anonymous_2)
FNDA:0,(anonymous_3)
FNDA:0,(anonymous_4)
DA:1,14
DA:3,14
DA:4,0
DA:6,0
DA:7,0
DA:8,0
DA:9,0
DA:13,0
DA:15,0
DA:18,0
LF:10
LH:2
BRDA:8,0,0,0
BRF:1
BRH:0
end_of_record
TN:
SF:src/components/common/NumberField/index.tsx
FN:7,(anonymous_3)
FN:21,(anonymous_4)
FN:39,(anonymous_5)
FN:42,(anonymous_6)
FN:51,(anonymous_7)
FN:62,(anonymous_8)
FN:71,(anonymous_9)
FNF:7
FNH:7
FNDA:163,(anonymous_3)
FNDA:37,(anonymous_4)
FNDA:126,(anonymous_5)
FNDA:252,(anonymous_6)
FNDA:126,(anonymous_7)
FNDA:10,(anonymous_8)
FNDA:10,(anonymous_9)
DA:1,13
DA:2,13
DA:5,13
DA:7,17
DA:8,163
DA:10,163
DA:11,81
DA:14,82
DA:17,82
DA:19,82
DA:21,82
DA:24,82
DA:26,82
DA:28,66
DA:32,82
DA:33,12
DA:36,82
DA:39,13
DA:40,126
DA:42,126
DA:43,252
DA:44,252
DA:45,252
DA:46,0
DA:47,0
DA:51,126
DA:52,126
DA:53,126
DA:54,126
DA:63,10
DA:64,10
DA:73,10
DA:74,10
DA:75,10
DA:83,13
DA:85,126
LF:36
LH:34
BRDA:10,0,0,81
BRDA:21,1,0,27
BRDA:21,1,1,10
BRDA:26,2,0,66
BRDA:32,3,0,12
BRDA:44,4,0,252
BRDA:44,4,1,0
BRDA:46,5,0,0
BRDA:53,6,0,126
BRDA:73,7,0,10
BRDA:73,8,0,10
BRDA:73,8,1,10
BRF:12
BRH:10
end_of_record
TN:
SF:src/components/common/OnboardingTooltip/index.tsx
FN:11,(anonymous_2)
FN:57,(anonymous_3)
FNF:2
FNH:2
FNDA:19,(anonymous_2)
FNDA:3,(anonymous_3)
DA:2,2
DA:4,2
DA:5,2
DA:11,19
DA:30,19
DA:57,3
LF:6
LH:6
BRDA:15,0,0,19
BRDA:16,1,0,8
BRDA:17,2,0,8
BRDA:30,3,0,15
BRDA:33,4,0,4
BRDA:32,5,0,19
BRDA:32,5,1,15
BRDA:50,6,0,15
BRF:8
BRH:8
end_of_record
TN:
SF:src/components/common/PageHeader/index.tsx
FN:8,(anonymous_2)
FNF:1
FNH:1
FNDA:4,(anonymous_2)
DA:1,1
DA:2,1
DA:6,1
DA:8,1
DA:27,4
LF:5
LH:5
BRF:0
BRH:0
end_of_record
TN:
SF:src/components/common/PagePlaceholder/index.tsx
FN:11,(anonymous_2)
FNF:1
FNH:1
FNDA:1,(anonymous_2)
DA:2,16
DA:3,16
DA:11,16
DA:29,16
LF:4
LH:4
BRDA:16,0,0,0
BRDA:16,0,1,1
BRF:2
BRH:1
end_of_record
TN:
SF:src/components/common/PaginatedTxns/SkeletonTxList.tsx
FN:3,(anonymous_1)
FN:6,(anonymous_2)
FNF:2
FNH:0
FNDA:0,(anonymous_1)
FNDA:0,(anonymous_2)
DA:1,14
DA:3,14
DA:6,0
DA:19,14
LF:4
LH:3
BRF:0
BRH:0
end_of_record
TN:
SF:src/components/common/PaginatedTxns/index.tsx
FN:18,(anonymous_2)
FN:22,(anonymous_3)
FN:28,(anonymous_4)
FN:64,(anonymous_5)
FN:71,(anonymous_6)
FN:77,(anonymous_7)
FN:82,(anonymous_8)
FN:83,(anonymous_9)
FN:88,(anonymous_10)
FNF:9
FNH:0
FNDA:0,(anonymous_2)
FNDA:0,(anonymous_3)
FNDA:0,(anonymous_4)
FNDA:0,(anonymous_5)
FNDA:0,(anonymous_6)
FNDA:0,(anonymous_7)
FNDA:0,(anonymous_8)
FNDA:0,(anonymous_9)
FNDA:0,(anonymous_10)
DA:2,14
DA:3,14
DA:4,14
DA:5,14
DA:7,14
DA:8,14
DA:9,14
DA:10,14
DA:11,14
DA:12,14
DA:13,14
DA:14,14
DA:15,14
DA:16,14
DA:18,14
DA:22,14
DA:23,0
DA:25,0
DA:28,14
DA:39,0
DA:40,0
DA:41,0
DA:42,0
DA:43,0
DA:64,0
DA:71,14
DA:72,0
DA:73,0
DA:74,0
DA:77,0
DA:78,0
DA:82,0
DA:83,0
DA:89,0
DA:101,14
LF:35
LH:19
BRDA:25,0,0,0
BRDA:25,0,1,0
BRDA:47,1,0,0
BRDA:47,1,1,0
BRDA:47,1,2,0
BRDA:53,2,0,0
BRDA:53,2,1,0
BRDA:55,3,0,0
BRDA:55,3,1,0
BRDA:55,3,2,0
BRDA:55,3,3,0
BRDA:55,3,4,0
BRDA:57,4,0,0
BRDA:60,5,0,0
BRDA:60,5,1,0
BRDA:60,5,2,0
BRDA:62,6,0,0
BRDA:62,6,1,0
BRDA:94,7,0,0
BRDA:94,7,1,0
BRF:20
BRH:0
end_of_record
TN:
SF:src/components/common/PaperViewToggle/index.tsx
FN:15,(anonymous_4)
FN:22,(anonymous_5)
FN:24,(anonymous_6)
FN:36,(anonymous_7)
FNF:4
FNH:2
FNDA:14,(anonymous_4)
FNDA:0,(anonymous_5)
FNDA:0,(anonymous_6)
FNDA:14,(anonymous_7)
DA:2,16
DA:3,16
DA:4,16
DA:15,16
DA:16,14
DA:18,14
DA:19,14
DA:21,14
DA:24,0
DA:25,0
DA:26,0
DA:28,0
DA:31,0
DA:36,14
LF:14
LH:9
BRDA:15,0,0,0
BRDA:25,1,0,0
BRDA:25,2,0,0
BRDA:25,2,1,0
BRDA:36,3,0,14
BRDA:36,3,1,0
BRDA:46,4,0,0
BRDA:46,4,1,14
BRDA:47,5,0,14
BRDA:47,5,1,0
BRF:10
BRH:3
end_of_record
TN:
SF:src/components/common/ProgressBar/index.tsx
FN:6,(anonymous_2)
FNF:1
FNH:1
FNDA:3,(anonymous_2)
DA:1,4
DA:4,4
DA:6,4
LF:3
LH:3
BRF:0
BRH:0
end_of_record
TN:
SF:src/components/common/PromoBanner/PromoBanner.tsx
FN:49,(anonymous_4)
FN:72,(anonymous_5)
FN:92,(anonymous_6)
FN:141,(anonymous_7)
FNF:4
FNH:4
FNDA:10,(anonymous_4)
FNDA:1,(anonymous_5)
FNDA:2,(anonymous_6)
FNDA:1,(anonymous_7)
DA:1,1
DA:2,1
DA:3,1
DA:4,1
DA:5,1
DA:8,1
DA:49,10
DA:72,10
DA:74,1
DA:75,1
DA:76,0
DA:80,1
DA:81,1
DA:84,1
DA:88,1
DA:89,1
DA:92,10
DA:93,2
DA:96,2
DA:97,2
DA:100,2
DA:142,1
DA:143,1
DA:145,1
DA:202,10
DA:205,1
LF:26
LH:25
BRDA:75,0,0,0
BRDA:81,1,0,1
BRDA:81,1,1,1
BRDA:81,2,0,0
BRDA:81,2,1,1
BRDA:88,3,0,1
BRDA:88,3,1,0
BRDA:96,4,0,2
BRDA:107,5,0,10
BRDA:107,5,1,0
BRDA:108,6,0,10
BRDA:108,6,1,0
BRDA:110,7,0,10
BRDA:110,7,1,0
BRDA:111,8,0,10
BRDA:111,8,1,0
BRDA:114,9,0,10
BRDA:114,9,1,0
BRDA:115,10,0,10
BRDA:115,10,1,0
BRDA:121,11,0,10
BRDA:121,11,1,0
BRDA:126,12,0,10
BRDA:126,12,1,0
BRDA:130,13,0,10
BRDA:130,13,1,0
BRDA:137,14,0,10
BRDA:136,15,0,10
BRDA:136,15,1,10
BRDA:138,16,0,10
BRDA:138,16,1,10
BRDA:139,17,0,10
BRDA:139,17,1,0
BRDA:140,18,0,10
BRDA:140,18,1,0
BRDA:142,19,0,1
BRDA:147,20,0,10
BRDA:147,20,1,0
BRDA:149,21,0,10
BRDA:149,21,1,0
BRDA:150,22,0,10
BRDA:150,22,1,0
BRDA:153,23,0,0
BRDA:153,23,1,0
BRDA:157,24,0,0
BRDA:157,24,1,10
BRDA:157,25,0,10
BRDA:157,25,1,10
BRDA:163,26,0,0
BRDA:165,27,0,0
BRDA:165,27,1,0
BRDA:169,28,0,0
BRDA:169,28,1,0
BRDA:170,29,0,0
BRDA:170,29,1,0
BRDA:177,30,0,0
BRDA:177,30,1,0
BRDA:181,31,0,0
BRDA:181,31,1,0
BRDA:182,32,0,0
BRDA:182,32,1,0
BRDA:190,33,0,10
BRDA:195,34,0,8
BRDA:195,34,1,0
BRF:64
BRH:30
end_of_record
TN:
SF:src/components/common/PromoBanner/index.ts
FNF:0
FNH:0
DA:1,1
LF:1
LH:1
BRF:0
BRH:0
end_of_record
TN:
SF:src/components/common/QRCode/index.tsx
FN:8,(anonymous_2)
FNF:1
FNH:0
FNDA:0,(anonymous_2)
DA:1,1
DA:2,1
DA:3,1
DA:6,1
DA:8,1
DA:9,0
DA:29,1
LF:7
LH:6
BRDA:12,0,0,0
BRF:1
BRH:0
end_of_record
TN:
SF:src/components/common/SafeIcon/index.tsx
FN:13,(anonymous_5)
FN:26,(anonymous_6)
FN:44,(anonymous_7)
FNF:3
FNH:1
FNDA:0,(anonymous_5)
FNDA:0,(anonymous_6)
FNDA:1,(anonymous_7)
DA:2,6
DA:4,6
DA:5,6
DA:6,6
DA:13,0
DA:26,6
DA:27,0
DA:29,0
DA:44,6
DA:60,6
LF:10
LH:7
BRDA:29,0,0,0
BRDA:35,1,0,0
BRDA:35,1,1,0
BRDA:50,2,0,1
BRDA:54,3,0,0
BRDA:54,3,1,1
BRDA:54,4,0,1
BRDA:54,4,1,0
BRDA:55,5,0,0
BRDA:55,6,0,1
BRDA:55,6,1,0
BRF:11
BRH:4
end_of_record
TN:
SF:src/components/common/SafeTokenWidget/index.tsx
FN:20,(anonymous_8)
FN:21,(anonymous_9)
FN:32,(anonymous_10)
FN:36,(anonymous_11)
FN:42,(anonymous_12)
FNF:5
FNH:4
FNDA:3,(anonymous_8)
FNDA:0,(anonymous_9)
FNDA:8,(anonymous_10)
FNDA:4,(anonymous_11)
FNDA:4,(anonymous_12)
DA:1,3
DA:2,3
DA:3,3
DA:4,3
DA:5,3
DA:7,3
DA:8,3
DA:9,3
DA:10,3
DA:11,3
DA:12,3
DA:13,3
DA:14,3
DA:15,3
DA:16,3
DA:18,3
DA:20,3
DA:21,3
DA:23,3
DA:24,3
DA:27,0
DA:30,3
DA:32,4
DA:33,8
DA:36,4
DA:37,4
DA:40,3
DA:42,3
DA:43,4
DA:44,4
DA:45,4
DA:47,4
DA:48,4
DA:50,4
DA:52,4
DA:53,4
DA:54,1
DA:57,3
DA:62,3
DA:63,3
DA:111,4
LF:41
LH:40
BRDA:23,0,0,3
BRDA:27,1,0,0
BRDA:27,1,1,0
BRDA:40,2,0,0
BRDA:40,2,1,3
BRDA:53,3,0,1
BRDA:53,4,0,4
BRDA:53,4,1,3
BRDA:62,5,0,3
BRDA:62,5,1,1
BRDA:63,6,0,3
BRDA:63,6,1,0
BRDA:69,7,0,3
BRDA:69,7,1,0
BRDA:70,8,0,0
BRDA:70,8,1,3
BRDA:95,9,0,0
BRDA:95,9,1,3
BRDA:95,10,0,3
BRDA:95,10,1,3
BRF:20
BRH:13
end_of_record
TN:
SF:src/components/common/SpendingLimitLabel/index.tsx
FN:6,(anonymous_2)
FNF:1
FNH:0
FNDA:0,(anonymous_2)
DA:1,14
DA:2,14
DA:3,14
DA:6,14
DA:19,14
LF:5
LH:5
BRDA:8,0,0,0
BRDA:13,1,0,0
BRDA:14,2,0,0
BRDA:14,2,1,0
BRF:4
BRH:0
end_of_record
TN:
SF:src/components/common/SplitMenuButton/index.tsx
FN:15,SplitMenuButton
FN:38,(anonymous_3)
FN:40,(anonymous_4)
FN:47,(anonymous_5)
FN:51,(anonymous_6)
FN:62,(anonymous_7)
FN:63,(anonymous_8)
FN:66,(anonymous_9)
FN:74,(anonymous_10)
FN:75,(anonymous_11)
FN:125,(anonymous_12)
FN:130,(anonymous_13)
FNF:12
FNH:7
FNDA:46,SplitMenuButton
FNDA:26,(anonymous_3)
FNDA:26,(anonymous_4)
FNDA:2,(anonymous_5)
FNDA:0,(anonymous_6)
FNDA:0,(anonymous_7)
FNDA:0,(anonymous_8)
FNDA:0,(anonymous_9)
FNDA:26,(anonymous_10)
FNDA:89,(anonymous_11)
FNDA:89,(anonymous_12)
FNDA:0,(anonymous_13)
DA:1,5
DA:2,5
DA:3,5
DA:4,5
DA:5,5
DA:6,5
DA:7,5
DA:8,5
DA:15,45
DA:34,46
DA:35,46
DA:36,46
DA:38,46
DA:39,26
DA:40,26
DA:41,26
DA:42,26
DA:47,46
DA:48,2
DA:51,46
DA:52,0
DA:54,0
DA:55,0
DA:56,0
DA:59,0
DA:62,46
DA:63,0
DA:66,46
DA:67,0
DA:68,0
DA:71,0
DA:74,46
DA:75,89
DA:126,89
DA:130,0
LF:35
LH:25
BRDA:17,0,0,0
BRDA:23,1,0,0
BRDA:39,2,0,26
BRDA:41,3,0,26
BRDA:54,4,0,0
BRDA:67,5,0,0
BRDA:67,6,0,0
BRDA:67,6,1,0
BRDA:74,7,0,26
BRDA:74,7,1,0
BRDA:75,8,0,89
BRDA:75,8,1,0
BRDA:89,9,0,5
BRDA:89,9,1,41
BRDA:89,10,0,41
BRDA:89,10,1,0
BRDA:94,11,0,46
BRDA:97,12,0,0
BRDA:97,12,1,43
BRDA:133,13,0,89
BRDA:133,13,1,0
BRDA:134,14,0,46
BRF:22
BRH:11
end_of_record
TN:
SF:src/components/common/Sticky/index.tsx
FNF:0
FNH:0
DA:1,2
DA:4,2
DA:5,16
LF:3
LH:3
BRF:0
BRH:0
end_of_record
TN:
SF:src/components/common/Table/DataRow.tsx
FN:11,(anonymous_2)
FNF:1
FNH:1
FNDA:97,(anonymous_2)
DA:2,20
DA:3,20
DA:11,20
DA:12,97
LF:4
LH:4
BRDA:12,0,0,0
BRDA:15,1,0,97
BRDA:15,1,1,97
BRF:3
BRH:2
end_of_record
TN:
SF:src/components/common/Table/DataTable.tsx
FN:10,(anonymous_1)
FN:22,(anonymous_2)
FNF:2
FNH:0
FNDA:0,(anonymous_1)
FNDA:0,(anonymous_2)
DA:2,14
DA:10,14
DA:23,0
LF:3
LH:2
BRDA:17,0,0,0
BRF:1
BRH:0
end_of_record
TN:
SF:src/components/common/Table/EmptyRow.tsx
FN:4,(anonymous_2)
FNF:1
FNH:0
FNDA:0,(anonymous_2)
DA:2,14
DA:4,14
LF:2
LH:2
BRF:0
BRH:0
end_of_record
TN:
SF:src/components/common/ToggleButtonGroup/index.tsx
FN:13,(anonymous_2)
FN:45,(anonymous_3)
FN:48,(anonymous_4)
FN:63,(anonymous_5)
FNF:4
FNH:3
FNDA:14,(anonymous_2)
FNDA:14,(anonymous_3)
FNDA:0,(anonymous_4)
FNDA:42,(anonymous_5)
DA:2,16
DA:10,16
DA:13,16
DA:45,16
DA:46,14
DA:48,14
DA:49,0
DA:50,0
DA:51,0
DA:64,42
LF:10
LH:7
BRDA:45,0,0,14
BRDA:49,1,0,0
BRF:2
BRH:1
end_of_record
TN:
SF:src/components/common/TokenAmount/index.tsx
FN:12,(anonymous_2)
FNF:1
FNH:1
FNDA:80,(anonymous_2)
DA:2,22
DA:3,22
DA:4,22
DA:5,22
DA:6,22
DA:7,22
DA:10,22
DA:12,22
DA:33,80
DA:35,80
DA:38,80
DA:61,80
LF:12
LH:12
BRDA:33,0,0,22
BRDA:33,0,1,58
BRDA:35,1,0,58
BRDA:35,1,1,22
BRDA:35,2,0,7
BRDA:35,2,1,51
BRDA:38,3,0,58
BRDA:38,3,1,22
BRDA:43,4,0,80
BRF:9
BRH:9
end_of_record
TN:
SF:src/components/common/TokenAmountInput/index.tsx
FN:22,(anonymous_6)
FN:34,(anonymous_7)
FN:61,(anonymous_8)
FN:74,(anonymous_9)
FN:84,(anonymous_10)
FN:94,(anonymous_11)
FN:133,(anonymous_12)
FN:160,(anonymous_13)
FNF:8
FNH:3
FNDA:20,(anonymous_6)
FNDA:10,(anonymous_7)
FNDA:0,(anonymous_8)
FNDA:0,(anonymous_9)
FNDA:0,(anonymous_10)
FNDA:0,(anonymous_11)
FNDA:5,(anonymous_12)
FNDA:0,(anonymous_13)
DA:1,2
DA:2,2
DA:3,2
DA:4,2
DA:5,2
DA:6,2
DA:7,2
DA:8,2
DA:10,2
DA:11,2
DA:12,2
DA:15,5
DA:20,2
DA:22,2
DA:23,20
DA:34,2
DA:49,10
DA:51,10
DA:53,10
DA:54,10
DA:56,10
DA:58,10
DA:60,10
DA:62,0
DA:63,0
DA:66,0
DA:68,0
DA:69,0
DA:73,0
DA:74,0
DA:75,0
DA:76,0
DA:79,0
DA:84,10
DA:85,0
DA:87,0
DA:91,0
DA:94,10
DA:95,0
DA:100,0
DA:102,0
DA:134,5
DA:135,0
DA:138,5
DA:161,0
DA:171,10
LF:46
LH:28
BRDA:23,0,0,20
BRDA:23,0,1,0
BRDA:58,1,0,10
BRDA:58,1,1,10
BRDA:66,2,0,0
BRDA:66,2,1,0
BRDA:68,3,0,0
BRDA:75,4,0,0
BRDA:75,4,1,0
BRDA:75,5,0,0
BRDA:75,5,1,0
BRDA:76,6,0,0
BRDA:76,6,1,0
BRDA:85,7,0,0
BRDA:85,8,0,0
BRDA:85,8,1,0
BRDA:97,9,0,0
BRDA:97,9,1,0
BRDA:112,10,0,10
BRDA:112,10,1,10
BRDA:112,10,2,10
BRDA:122,11,0,10
BRDA:134,12,0,0
BRDA:140,13,0,10
BRDA:140,13,1,10
BRF:25
BRH:9
end_of_record
TN:
SF:src/components/common/TokenExplorerLink/index.tsx
FN:7,(anonymous_2)
FNF:1
FNH:1
FNDA:44,(anonymous_2)
DA:2,1
DA:3,1
DA:4,1
DA:5,1
DA:7,1
DA:8,44
DA:9,44
DA:11,44
DA:20,44
LF:9
LH:9
BRDA:9,0,0,0
BRDA:9,0,1,44
BRDA:11,1,0,44
BRF:3
BRH:2
end_of_record
TN:
SF:src/components/common/TokenIcon/index.tsx
FN:10,(anonymous_2)
FN:23,(anonymous_3)
FNF:2
FNH:2
FNDA:90,(anonymous_2)
FNDA:22,(anonymous_3)
DA:1,26
DA:2,26
DA:3,26
DA:4,26
DA:5,26
DA:6,26
DA:8,26
DA:10,26
DA:23,90
DA:24,22
DA:47,90
LF:11
LH:11
BRDA:13,0,0,51
BRDA:28,1,0,0
BRDA:28,1,1,90
BRDA:31,2,0,90
BRDA:31,2,1,0
BRDA:32,3,0,90
BRDA:32,3,1,90
BRDA:38,4,0,90
BRF:8
BRH:6
end_of_record
TN:
SF:src/components/common/Track/index.tsx
FN:14,(anonymous_1)
FN:19,(anonymous_2)
FN:22,(anonymous_3)
FN:29,(anonymous_4)
FN:37,(anonymous_5)
FNF:5
FNH:5
FNDA:27,(anonymous_1)
FNDA:303,(anonymous_2)
FNDA:303,(anonymous_3)
FNDA:27,(anonymous_4)
FNDA:303,(anonymous_5)
DA:2,66
DA:3,66
DA:14,66
DA:15,27
DA:16,27
DA:19,66
DA:20,303
DA:22,303
DA:23,303
DA:24,0
DA:27,303
DA:29,303
DA:30,27
DA:31,27
DA:36,303
DA:37,303
DA:38,303
DA:42,303
DA:43,0
DA:53,354
LF:20
LH:18
BRDA:19,0,0,303
BRDA:23,1,0,0
BRDA:30,2,0,27
BRDA:42,3,0,0
BRF:4
BRH:2
end_of_record
TN:
SF:src/components/common/TxModalDialog/index.tsx
FN:7,(anonymous_2)
FN:20,(anonymous_3)
FN:31,(anonymous_4)
FNF:3
FNH:0
FNDA:0,(anonymous_2)
FNDA:0,(anonymous_3)
FNDA:0,(anonymous_4)
DA:1,34
DA:2,34
DA:4,34
DA:5,34
DA:7,34
DA:20,0
DA:31,0
DA:47,34
LF:8
LH:6
BRDA:10,0,0,0
BRDA:11,1,0,0
BRDA:18,2,0,0
BRDA:18,2,1,0
BRF:4
BRH:0
end_of_record
TN:
SF:src/components/common/UnreadBadge/index.tsx
FNF:0
FNH:0
DA:1,4
DA:2,4
DA:19,29
LF:3
LH:3
BRDA:10,0,0,26
BRDA:10,0,1,3
BRDA:12,1,0,26
BRDA:12,1,1,3
BRF:4
BRH:4
end_of_record
TN:
SF:src/components/common/WalletBalance/index.tsx
FN:5,(anonymous_1)
FNF:1
FNH:1
FNDA:20,(anonymous_1)
DA:1,9
DA:2,9
DA:3,9
DA:5,9
DA:6,20
DA:8,20
DA:12,3
DA:24,20
LF:8
LH:8
BRDA:8,0,0,17
BRDA:12,1,0,0
BRDA:18,2,0,3
BRDA:18,2,1,0
BRDA:19,3,0,3
BRDA:19,3,1,0
BRF:6
BRH:3
end_of_record
TN:
SF:src/components/common/WalletIcon/index.tsx
FN:3,(anonymous_1)
FNF:1
FNH:1
FNDA:40,(anonymous_1)
DA:1,9
DA:3,9
DA:26,40
LF:3
LH:3
BRDA:5,0,0,0
BRDA:6,1,0,0
BRDA:15,2,0,0
BRDA:18,3,0,0
BRDA:18,3,1,0
BRF:5
BRH:0
end_of_record
TN:
SF:src/components/common/WalletInfo/index.tsx
FN:27,(anonymous_7)
FN:33,(anonymous_8)
FN:40,(anonymous_9)
FNF:3
FNH:2
FNDA:11,(anonymous_7)
FNDA:0,(anonymous_8)
FNDA:2,(anonymous_9)
DA:1,3
DA:2,3
DA:3,3
DA:4,3
DA:5,3
DA:6,3
DA:7,3
DA:8,3
DA:9,3
DA:10,3
DA:11,3
DA:12,3
DA:13,3
DA:14,3
DA:15,3
DA:16,3
DA:27,3
DA:28,11
DA:29,11
DA:30,11
DA:31,11
DA:33,11
DA:34,0
DA:35,0
DA:36,0
DA:40,11
DA:41,2
DA:44,2
DA:45,2
DA:46,1
DA:48,0
DA:51,1
DA:120,3
LF:33
LH:29
BRDA:34,0,0,0
BRDA:62,1,0,11
BRDA:62,1,1,11
BRDA:62,1,2,11
BRDA:87,2,0,11
BRDA:90,3,0,11
BRDA:90,3,1,11
BRF:7
BRH:6
end_of_record
TN:
SF:src/components/common/WalletOverview/index.tsx
FN:14,(anonymous_4)
FN:27,(anonymous_5)
FNF:2
FNH:2
FNDA:16,(anonymous_4)
FNDA:5,(anonymous_5)
DA:1,3
DA:2,3
DA:3,3
DA:6,3
DA:7,3
DA:9,3
DA:10,3
DA:12,3
DA:14,11
DA:27,3
DA:36,5
DA:37,5
DA:69,3
LF:13
LH:13
BRDA:14,0,0,5
BRDA:46,1,0,0
BRDA:49,2,0,5
BRDA:49,2,1,5
BRDA:59,3,0,5
BRF:5
BRH:4
end_of_record
TN:
SF:src/components/common/WalletProvider/index.tsx
FN:26,(anonymous_6)
FN:43,(anonymous_7)
FN:46,(anonymous_8)
FN:52,(anonymous_9)
FN:57,(anonymous_10)
FNF:5
FNH:0
FNDA:0,(anonymous_6)
FNDA:0,(anonymous_7)
FNDA:0,(anonymous_8)
FNDA:0,(anonymous_9)
FNDA:0,(anonymous_10)
DA:1,181
DA:2,181
DA:3,181
DA:4,181
DA:5,181
DA:6,181
DA:8,181
DA:9,181
DA:24,8555
DA:26,181
DA:27,0
DA:28,0
DA:29,0
DA:30,0
DA:31,0
DA:32,0
DA:34,0
DA:36,0
DA:43,0
DA:44,0
DA:46,0
DA:47,0
DA:49,0
DA:52,0
DA:53,0
DA:57,0
DA:58,0
DA:59,0
DA:61,0
DA:77,181
LF:30
LH:11
BRDA:31,0,0,0
BRDA:31,0,1,0
BRDA:37,1,0,0
BRDA:37,1,1,0
BRDA:37,2,0,0
BRDA:37,2,1,0
BRDA:39,3,0,0
BRDA:39,3,1,0
BRDA:39,3,2,0
BRDA:39,4,0,0
BRDA:39,4,1,0
BRDA:44,5,0,0
BRDA:58,6,0,0
BRDA:58,7,0,0
BRDA:58,7,1,0
BRDA:58,7,2,0
BRF:16
BRH:0
end_of_record
TN:
SF:src/components/common/WidgetDisclaimer/index.tsx
FNF:0
FNH:0
DA:1,1
DA:2,1
DA:3,1
DA:5,1
DA:7,1
DA:42,2
LF:6
LH:6
BRF:0
BRH:0
end_of_record
TN:
SF:src/components/dashboard/styled.tsx
FNF:0
FNH:0
DA:2,2
DA:3,2
DA:5,2
DA:6,2
DA:8,2
DA:14,2
DA:21,2
DA:36,0
LF:8
LH:7
BRDA:52,0,0,0
BRDA:52,0,1,0
BRF:2
BRH:0
end_of_record
TN:
SF:src/components/dashboard/NewsCarousel/utils.ts
FN:13,(anonymous_5)
FN:35,(anonymous_6)
FN:43,(anonymous_7)
FN:64,(anonymous_8)
FNF:4
FNH:1
FNDA:0,(anonymous_5)
FNDA:0,(anonymous_6)
FNDA:0,(anonymous_7)
FNDA:7,(anonymous_8)
DA:1,1
DA:13,1
DA:19,0
DA:20,0
DA:23,0
DA:24,0
DA:27,0
DA:28,0
DA:32,0
DA:35,1
DA:41,0
DA:42,0
DA:43,0
DA:44,0
DA:46,0
DA:51,0
DA:54,0
DA:64,7
DA:65,7
DA:67,6
DA:68,6
DA:70,6
DA:71,6
DA:72,6
DA:76,6
DA:77,4
DA:78,4
DA:82,2
LF:28
LH:14
BRDA:19,0,0,0
BRDA:24,1,0,0
BRDA:27,2,0,0
BRDA:27,3,0,0
BRDA:27,3,1,0
BRDA:41,4,0,0
BRDA:64,5,0,6
BRDA:64,6,0,6
BRDA:65,7,0,1
BRDA:68,8,0,0
BRDA:76,9,0,4
BRF:11
BRH:4
end_of_record
TN:
SF:src/components/dashboard/PendingTxs/PendingTxListItem.tsx
FN:19,(anonymous_2)
FN:24,(anonymous_3)
FNF:2
FNH:0
FNDA:0,(anonymous_2)
FNDA:0,(anonymous_3)
DA:2,1
DA:3,1
DA:5,1
DA:6,1
DA:7,1
DA:8,1
DA:9,1
DA:10,1
DA:11,1
DA:12,1
DA:13,1
DA:19,1
DA:20,0
DA:21,0
DA:23,0
DA:24,0
DA:65,1
LF:17
LH:13
BRDA:53,0,0,0
BRF:1
BRH:0
end_of_record
TN:
SF:src/components/dashboard/PendingTxs/PendingTxsList.tsx
FN:21,(anonymous_7)
FN:21,(anonymous_8)
FN:35,(anonymous_11)
FN:45,getActionableTransactions
FN:54,(anonymous_13)
FN:59,_getTransactionsToDisplay
FN:81,(anonymous_15)
FN:86,(anonymous_16)
FN:90,(anonymous_17)
FN:105,(anonymous_18)
FN:130,(anonymous_19)
FN:134,(anonymous_20)
FNF:12
FNH:3
FNDA:0,(anonymous_7)
FNDA:0,(anonymous_8)
FNDA:0,(anonymous_11)
FNDA:2,getActionableTransactions
FNDA:4,(anonymous_13)
FNDA:3,_getTransactionsToDisplay
FNDA:0,(anonymous_15)
FNDA:0,(anonymous_16)
FNDA:0,(anonymous_17)
FNDA:0,(anonymous_18)
FNDA:0,(anonymous_19)
FNDA:0,(anonymous_20)
DA:2,1
DA:4,1
DA:5,1
DA:6,1
DA:7,1
DA:8,1
DA:9,1
DA:10,1
DA:11,1
DA:12,1
DA:13,1
DA:14,1
DA:15,1
DA:16,1
DA:19,1
DA:21,0
DA:23,1
DA:35,1
DA:50,2
DA:51,0
DA:54,2
DA:55,4
DA:59,3
DA:70,3
DA:71,1
DA:74,2
DA:75,2
DA:76,2
DA:78,2
DA:81,1
DA:82,0
DA:83,0
DA:84,0
DA:85,0
DA:86,0
DA:87,0
DA:88,0
DA:90,0
DA:91,0
DA:99,0
DA:101,0
DA:102,0
DA:104,0
DA:105,0
DA:112,0
DA:131,0
DA:135,0
DA:146,1
LF:48
LH:29
BRDA:50,0,0,0
BRDA:55,1,0,4
BRDA:55,1,1,4
BRDA:70,2,0,1
BRDA:75,3,0,0
BRDA:75,3,1,2
BRDA:101,4,0,0
BRDA:101,4,1,0
BRDA:102,5,0,0
BRDA:102,5,1,0
BRDA:102,5,2,0
BRDA:112,6,0,0
BRDA:124,7,0,0
BRDA:128,8,0,0
BRDA:128,8,1,0
BRF:15
BRH:4
end_of_record
TN:
SF:src/components/dashboard/SafeAppsDashboardSection/SafeAppsDashboardSection.tsx
FN:15,(anonymous_2)
FN:22,(anonymous_3)
FN:30,(anonymous_4)
FN:63,(anonymous_5)
FN:71,(anonymous_6)
FN:84,(anonymous_7)
FN:88,(anonymous_8)
FN:90,(anonymous_9)
FN:107,(anonymous_10)
FNF:9
FNH:3
FNDA:8,(anonymous_2)
FNDA:4,(anonymous_3)
FNDA:0,(anonymous_4)
FNDA:0,(anonymous_5)
FNDA:0,(anonymous_6)
FNDA:12,(anonymous_7)
FNDA:0,(anonymous_8)
FNDA:0,(anonymous_9)
FNDA:0,(anonymous_10)
DA:1,1
DA:2,1
DA:3,1
DA:4,1
DA:5,1
DA:6,1
DA:7,1
DA:8,1
DA:9,1
DA:10,1
DA:11,1
DA:13,1
DA:15,1
DA:16,8
DA:17,8
DA:18,8
DA:19,8
DA:20,8
DA:22,8
DA:23,4
DA:24,4
DA:26,2
DA:27,2
DA:30,8
DA:31,0
DA:32,0
DA:34,0
DA:35,0
DA:37,0
DA:38,0
DA:39,0
DA:41,0
DA:45,0
DA:46,0
DA:47,0
DA:50,8
DA:52,4
DA:63,0
DA:71,0
DA:85,12
DA:88,0
DA:91,0
DA:92,0
DA:107,0
DA:113,2
LF:45
LH:28
BRDA:24,0,0,2
BRDA:32,1,0,0
BRDA:35,2,0,0
BRDA:41,3,0,0
BRDA:41,3,1,0
BRDA:45,4,0,0
BRDA:45,4,1,0
BRDA:50,5,0,4
BRDA:52,6,0,4
BRDA:52,6,1,4
BRDA:58,7,0,4
BRDA:105,8,0,4
BRDA:105,8,1,0
BRF:13
BRH:6
end_of_record
TN:
SF:src/components/dashboard/StakingBanner/useIsStakingBannerVisible.ts
FN:10,(anonymous_2)
FN:16,(anonymous_3)
FN:16,(anonymous_4)
FNF:3
FNH:3
FNDA:5,(anonymous_2)
FNDA:5,(anonymous_3)
FNDA:4,(anonymous_4)
DA:1,1
DA:2,1
DA:3,1
DA:4,1
DA:5,1
DA:6,1
DA:8,1
DA:10,1
DA:11,5
DA:12,5
DA:13,5
DA:15,5
DA:16,5
DA:21,5
DA:25,5
DA:28,5
LF:16
LH:16
BRDA:21,0,0,5
BRDA:21,0,1,4
BRDA:22,1,0,4
BRDA:22,1,1,0
BRDA:25,2,0,5
BRDA:25,2,1,4
BRDA:25,2,2,3
BRF:7
BRH:6
end_of_record
TN:
SF:src/components/new-safe/ReviewRow/index.tsx
FN:4,(anonymous_2)
FNF:1
FNH:1
FNDA:65,(anonymous_2)
DA:1,1
DA:2,1
DA:4,1
DA:19,65
LF:4
LH:4
BRDA:7,0,0,65
BRDA:12,1,0,64
BRDA:12,1,1,1
BRF:3
BRH:3
end_of_record
TN:
SF:src/components/new-safe/create/useEstimateSafeCreationGas.ts
FN:9,(anonymous_2)
FN:21,(anonymous_3)
FNF:2
FNH:2
FNDA:22,(anonymous_2)
FNDA:11,(anonymous_3)
DA:1,2
DA:2,2
DA:3,2
DA:4,2
DA:5,2
DA:9,22
DA:17,22
DA:18,22
DA:19,22
DA:21,22
DA:22,11
DA:24,1
DA:27,22
LF:13
LH:13
BRDA:22,0,0,10
BRDA:22,1,0,11
BRDA:22,1,1,1
BRDA:22,1,2,1
BRDA:22,1,3,1
BRF:5
BRH:5
end_of_record
TN:
SF:src/components/new-safe/create/useSyncSafeCreationStep.ts
FN:8,(anonymous_2)
FN:12,(anonymous_3)
FNF:2
FNH:2
FNDA:20,(anonymous_2)
FNDA:11,(anonymous_3)
DA:1,2
DA:4,2
DA:6,2
DA:8,2
DA:9,20
DA:10,20
DA:12,20
DA:14,11
DA:15,9
DA:16,9
DA:21,20
LF:11
LH:11
BRDA:14,0,0,9
BRDA:14,1,0,11
BRDA:14,1,1,9
BRDA:14,1,2,7
BRF:4
BRH:4
end_of_record
TN:
SF:src/components/new-safe/create/NetworkWarning/index.tsx
FN:6,(anonymous_2)
FNF:1
FNH:1
FNDA:61,(anonymous_2)
DA:1,17
DA:2,17
DA:3,17
DA:4,17
DA:6,17
DA:7,61
DA:8,61
DA:10,61
DA:28,63
LF:9
LH:9
BRDA:10,0,0,58
BRDA:10,1,0,61
BRDA:10,1,1,3
BRDA:15,2,0,3
BRDA:15,2,1,3
BRF:5
BRH:5
end_of_record
TN:
SF:src/components/new-safe/create/NoWalletConnectedWarning/index.tsx
FN:5,(anonymous_2)
FNF:1
FNH:0
FNDA:0,(anonymous_2)
DA:1,1
DA:2,1
DA:3,1
DA:5,1
DA:6,0
DA:8,0
DA:9,0
DA:27,1
LF:8
LH:5
BRDA:8,0,0,0
BRF:1
BRH:0
end_of_record
TN:
SF:src/components/new-safe/create/logic/address-book.ts
FN:7,(anonymous_1)
FN:14,(anonymous_2)
FN:23,(anonymous_3)
FN:30,(anonymous_4)
FN:37,(anonymous_5)
FNF:5
FNH:0
FNDA:0,(anonymous_1)
FNDA:0,(anonymous_2)
FNDA:0,(anonymous_3)
FNDA:0,(anonymous_4)
FNDA:0,(anonymous_5)
DA:2,4
DA:3,4
DA:4,4
DA:7,4
DA:14,0
DA:15,0
DA:23,0
DA:24,0
DA:25,0
DA:26,0
DA:30,0
DA:31,0
DA:37,0
LF:13
LH:4
BRDA:24,0,0,0
BRDA:24,0,1,0
BRDA:25,1,0,0
BRDA:39,2,0,0
BRDA:39,2,1,0
BRF:5
BRH:0
end_of_record
TN:
SF:src/components/new-safe/create/logic/index.ts
FN:51,(anonymous_16)
FN:84,(anonymous_17)
FN:99,(anonymous_18)
FN:116,(anonymous_19)
FN:126,(anonymous_20)
FN:149,(anonymous_21)
FN:154,(anonymous_22)
FN:175,(anonymous_23)
FN:183,(anonymous_24)
FN:212,(anonymous_25)
FN:240,(anonymous_26)
FN:299,(anonymous_27)
FN:339,(anonymous_28)
FNF:13
FNH:6
FNDA:0,(anonymous_16)
FNDA:0,(anonymous_17)
FNDA:14,(anonymous_18)
FNDA:2,(anonymous_19)
FNDA:0,(anonymous_20)
FNDA:0,(anonymous_21)
FNDA:0,(anonymous_22)
FNDA:0,(anonymous_23)
FNDA:4,(anonymous_24)
FNDA:2,(anonymous_25)
FNDA:8,(anonymous_26)
FNDA:0,(anonymous_27)
FNDA:4,(anonymous_28)
DA:3,187
DA:4,187
DA:5,187
DA:7,187
DA:8,187
DA:10,187
DA:11,187
DA:12,187
DA:15,187
DA:16,187
DA:25,187
DA:26,187
DA:28,187
DA:32,187
DA:37,187
DA:38,187
DA:39,187
DA:40,187
DA:51,187
DA:60,0
DA:61,0
DA:67,0
DA:69,0
DA:71,0
DA:76,0
DA:78,0
DA:84,187
DA:89,0
DA:91,0
DA:99,187
DA:100,14
DA:116,187
DA:117,2
DA:119,2
DA:126,187
DA:133,0
DA:134,0
DA:136,0
DA:142,0
DA:149,187
DA:150,0
DA:153,0
DA:155,0
DA:163,0
DA:164,0
DA:165,0
DA:166,0
DA:168,0
DA:176,0
DA:177,0
DA:183,187
DA:188,4
DA:189,4
DA:192,4
DA:195,4
DA:196,2
DA:202,2
DA:207,2
DA:208,2
DA:209,2
DA:212,187
DA:213,2
DA:215,2
DA:216,2
DA:218,2
DA:227,2
DA:228,1
DA:240,187
DA:248,8
DA:252,8
DA:253,8
DA:254,8
DA:256,8
DA:257,8
DA:259,8
DA:260,8
DA:262,8
DA:263,1
DA:266,7
DA:267,7
DA:268,7
DA:272,7
DA:274,7
DA:276,7
DA:290,7
DA:299,187
DA:300,0
DA:301,0
DA:302,0
DA:303,0
DA:304,0
DA:307,0
DA:311,0
DA:313,0
DA:314,0
DA:316,0
DA:317,0
DA:319,0
DA:320,0
DA:323,0
DA:339,187
DA:340,4
DA:341,0
DA:344,4
LF:104
LH:66
BRDA:60,0,0,0
BRDA:60,0,1,0
BRDA:133,1,0,0
BRDA:133,1,1,0
BRDA:188,2,0,0
BRDA:188,2,1,4
BRDA:192,3,0,0
BRDA:195,4,0,2
BRDA:195,5,0,4
BRDA:195,5,1,4
BRDA:208,6,0,2
BRDA:208,6,1,0
BRDA:262,7,0,1
BRDA:262,8,0,8
BRDA:262,8,1,7
BRDA:262,8,2,7
BRDA:262,8,3,7
BRDA:272,9,0,7
BRDA:272,9,1,2
BRDA:272,9,2,1
BRDA:274,10,0,1
BRDA:274,10,1,6
BRDA:274,11,0,3
BRDA:274,11,1,3
BRDA:283,12,0,1
BRDA:283,12,1,6
BRDA:283,13,0,7
BRDA:283,13,1,1
BRDA:284,14,0,1
BRDA:284,14,1,6
BRDA:285,15,0,7
BRDA:285,15,1,7
BRDA:303,16,0,0
BRDA:303,17,0,0
BRDA:303,17,1,0
BRDA:319,18,0,0
BRDA:319,19,0,0
BRDA:319,19,1,0
BRDA:319,19,2,0
BRDA:329,20,0,0
BRDA:329,20,1,0
BRDA:330,21,0,0
BRDA:330,21,1,0
BRDA:331,22,0,0
BRDA:331,22,1,0
BRDA:332,23,0,0
BRDA:332,23,1,0
BRDA:340,24,0,0
BRF:48
BRH:25
end_of_record
TN:
SF:src/components/new-safe/create/logic/utils.ts
FN:8,(anonymous_1)
FN:18,(anonymous_2)
FN:28,(anonymous_3)
FN:38,(anonymous_4)
FNF:4
FNH:4
FNDA:10,(anonymous_1)
FNDA:13,(anonymous_2)
FNDA:12,(anonymous_3)
FNDA:2,(anonymous_4)
DA:1,2
DA:3,2
DA:4,2
DA:6,2
DA:8,4
DA:17,10
DA:18,10
DA:19,13
DA:21,13
DA:27,10
DA:28,12
DA:29,11
DA:30,0
DA:32,11
DA:33,11
DA:34,0
DA:36,11
DA:38,11
DA:39,11
DA:41,6
DA:42,6
DA:47,10
DA:48,6
DA:56,4
LF:24
LH:22
BRDA:19,0,0,13
BRDA:19,0,1,13
BRDA:29,1,0,0
BRDA:33,2,0,0
BRDA:39,3,0,6
BRDA:39,4,0,11
BRDA:39,4,1,10
BRDA:47,5,0,6
BRF:8
BRH:6
end_of_record
TN:
SF:src/components/new-safe/create/steps/OwnerPolicyStep/useSafeSetupHints.ts
FN:4,(anonymous_1)
FN:10,(anonymous_2)
FN:40,(anonymous_3)
FNF:3
FNH:0
FNDA:0,(anonymous_1)
FNDA:0,(anonymous_2)
FNDA:0,(anonymous_3)
DA:1,1
DA:4,1
DA:10,0
DA:11,0
DA:14,0
DA:15,0
DA:22,0
DA:23,0
DA:30,0
DA:31,0
DA:37,0
DA:40,0
DA:41,0
LF:13
LH:2
BRDA:14,0,0,0
BRDA:14,1,0,0
BRDA:14,1,1,0
BRDA:22,2,0,0
BRDA:22,3,0,0
BRDA:22,3,1,0
BRDA:22,3,2,0
BRDA:30,4,0,0
BRF:8
BRH:0
end_of_record
TN:
SF:src/components/new-safe/create/steps/ReviewStep/index.tsx
FN:62,(anonymous_5)
FN:84,(anonymous_6)
FN:103,(anonymous_7)
FN:133,(anonymous_8)
FN:160,(anonymous_9)
FN:176,(anonymous_10)
FN:176,(anonymous_11)
FN:186,(anonymous_12)
FN:191,(anonymous_13)
FN:201,(anonymous_14)
FN:221,(anonymous_15)
FN:221,(anonymous_16)
FN:225,(anonymous_17)
FN:229,(anonymous_18)
FN:256,(anonymous_19)
FN:285,(anonymous_20)
FN:324,(anonymous_21)
FN:355,(anonymous_22)
FNF:18
FNH:10
FNDA:3,(anonymous_5)
FNDA:16,(anonymous_6)
FNDA:18,(anonymous_7)
FNDA:16,(anonymous_8)
FNDA:16,(anonymous_9)
FNDA:7,(anonymous_10)
FNDA:7,(anonymous_11)
FNDA:7,(anonymous_12)
FNDA:0,(anonymous_13)
FNDA:7,(anonymous_14)
FNDA:16,(anonymous_15)
FNDA:0,(anonymous_16)
FNDA:0,(anonymous_17)
FNDA:0,(anonymous_18)
FNDA:0,(anonymous_19)
FNDA:0,(anonymous_20)
FNDA:0,(anonymous_21)
FNDA:0,(anonymous_22)
DA:2,1
DA:3,1
DA:4,1
DA:12,1
DA:13,1
DA:14,1
DA:15,1
DA:16,1
DA:17,1
DA:18,1
DA:19,1
DA:20,1
DA:21,1
DA:22,1
DA:23,1
DA:24,1
DA:25,1
DA:26,1
DA:27,1
DA:28,1
DA:35,1
DA:36,1
DA:37,1
DA:38,1
DA:39,1
DA:40,1
DA:41,1
DA:42,1
DA:44,1
DA:45,1
DA:46,1
DA:47,1
DA:48,1
DA:49,1
DA:50,1
DA:51,1
DA:52,1
DA:54,1
DA:55,1
DA:56,1
DA:57,1
DA:58,1
DA:60,1
DA:62,1
DA:84,1
DA:104,18
DA:134,16
DA:160,1
DA:161,16
DA:162,16
DA:163,16
DA:164,16
DA:165,16
DA:166,16
DA:167,16
DA:168,16
DA:169,16
DA:170,16
DA:171,16
DA:172,16
DA:173,16
DA:174,16
DA:176,16
DA:177,16
DA:179,16
DA:182,16
DA:183,16
DA:185,16
DA:187,7
DA:191,0
DA:201,16
DA:202,7
DA:211,16
DA:213,16
DA:214,16
DA:216,16
DA:218,16
DA:220,16
DA:221,16
DA:223,16
DA:225,16
DA:226,0
DA:229,16
DA:230,0
DA:231,0
DA:233,0
DA:237,0
DA:241,0
DA:243,0
DA:244,0
DA:245,0
DA:247,0
DA:249,0
DA:250,0
DA:254,0
DA:256,0
DA:264,0
DA:266,0
DA:267,0
DA:271,0
DA:278,0
DA:279,0
DA:281,0
DA:285,16
DA:286,0
DA:288,0
DA:290,0
DA:306,0
DA:307,0
DA:308,0
DA:310,0
DA:311,0
DA:313,0
DA:316,0
DA:324,0
DA:326,0
DA:328,0
DA:329,0
DA:332,0
DA:333,0
DA:340,0
DA:341,0
DA:343,0
DA:346,0
DA:347,0
DA:348,0
DA:350,0
DA:356,0
DA:362,0
DA:363,0
DA:366,0
DA:368,0
DA:369,0
DA:373,0
DA:377,16
DA:380,16
DA:538,7
LF:137
LH:85
BRDA:66,0,0,1
BRDA:98,1,0,2
BRDA:98,1,1,14
BRDA:128,2,0,16
BRDA:136,3,0,16
BRDA:136,3,1,16
BRDA:152,4,0,0
BRDA:152,4,1,16
BRDA:174,5,0,16
BRDA:174,5,1,0
BRDA:183,6,0,16
BRDA:183,6,1,5
BRDA:187,7,0,0
BRDA:187,7,1,7
BRDA:202,8,0,0
BRDA:202,8,1,7
BRDA:231,9,0,0
BRDA:231,10,0,0
BRDA:231,10,1,0
BRDA:231,10,2,0
BRDA:237,11,0,0
BRDA:237,11,1,0
BRDA:245,12,0,0
BRDA:266,13,0,0
BRDA:266,14,0,0
BRDA:266,14,1,0
BRDA:286,15,0,0
BRDA:295,16,0,0
BRDA:295,16,1,0
BRDA:297,17,0,0
BRDA:297,17,1,0
BRDA:297,18,0,0
BRDA:297,18,1,0
BRDA:299,19,0,0
BRDA:299,19,1,0
BRDA:299,20,0,0
BRDA:299,20,1,0
BRDA:301,21,0,0
BRDA:301,21,1,0
BRDA:307,22,0,0
BRDA:307,23,0,0
BRDA:307,23,1,0
BRDA:316,24,0,0
BRDA:316,24,1,0
BRDA:328,25,0,0
BRDA:332,26,0,0
BRDA:346,27,0,0
BRDA:346,27,1,0
BRDA:363,28,0,0
BRDA:363,28,1,0
BRDA:368,29,0,0
BRDA:377,30,0,16
BRDA:377,30,1,16
BRDA:377,30,2,2
BRDA:377,30,3,1
BRDA:377,30,4,15
BRDA:377,30,5,15
BRDA:377,30,6,0
BRDA:380,31,0,16
BRDA:380,31,1,15
BRDA:387,32,0,16
BRDA:399,33,0,16
BRDA:399,33,1,5
BRDA:421,34,0,16
BRDA:427,35,0,16
BRDA:444,36,0,16
BRDA:455,37,0,0
BRDA:477,38,0,0
BRDA:493,39,0,0
BRDA:495,40,0,0
BRDA:495,40,1,0
BRDA:505,41,0,16
BRDA:530,42,0,0
BRDA:530,42,1,16
BRF:74
BRH:28
end_of_record
TN:
SF:src/components/new-safe/create/steps/SetNameStep/index.tsx
FN:40,SetNameStep
FN:79,(anonymous_6)
FN:91,(anonymous_7)
FN:97,(anonymous_8)
FNF:4
FNH:0
FNDA:0,SetNameStep
FNDA:0,(anonymous_6)
FNDA:0,(anonymous_7)
FNDA:0,(anonymous_8)
DA:1,1
DA:2,1
DA:3,1
DA:4,1
DA:8,1
DA:9,1
DA:10,1
DA:11,1
DA:12,1
DA:13,1
DA:14,1
DA:15,1
DA:17,1
DA:18,1
DA:20,1
DA:22,1
DA:23,1
DA:24,1
DA:32,45
DA:38,1
DA:53,0
DA:54,0
DA:55,0
DA:56,0
DA:58,0
DA:59,0
DA:72,0
DA:74,0
DA:75,0
DA:76,0
DA:77,0
DA:79,0
DA:80,0
DA:81,0
DA:82,0
DA:84,0
DA:86,0
DA:87,0
DA:91,0
DA:92,0
DA:93,0
DA:97,0
DA:98,0
DA:101,0
DA:170,1
LF:45
LH:21
BRDA:46,0,0,0
BRDA:56,1,0,0
BRDA:56,1,1,0
BRDA:58,2,0,0
BRDA:58,2,1,0
BRDA:58,3,0,0
BRDA:58,3,1,0
BRDA:80,4,0,0
BRDA:80,4,1,0
BRDA:86,5,0,0
BRDA:111,6,0,0
BRDA:111,6,1,0
BRF:12
BRH:0
end_of_record
TN:
SF:src/components/new-safe/create/steps/StatusStep/LoadingSpinner/index.tsx
FN:11,(anonymous_4)
FN:13,(anonymous_5)
FN:19,(anonymous_6)
FN:38,(anonymous_8)
FN:49,(anonymous_9)
FN:56,(anonymous_10)
FNF:6
FNH:2
FNDA:0,(anonymous_4)
FNDA:0,(anonymous_5)
FNDA:0,(anonymous_6)
FNDA:3,(anonymous_8)
FNDA:0,(anonymous_9)
FNDA:3,(anonymous_10)
DA:1,4
DA:2,4
DA:3,4
DA:4,4
DA:6,4
DA:7,4
DA:8,4
DA:9,4
DA:11,4
DA:12,0
DA:13,0
DA:14,0
DA:15,0
DA:18,0
DA:19,0
DA:20,0
DA:21,0
DA:24,0
DA:32,7
DA:38,4
DA:40,3
DA:41,3
DA:43,3
DA:44,3
DA:45,3
DA:46,3
DA:47,3
DA:49,3
DA:50,0
DA:51,0
DA:52,0
DA:53,0
DA:56,3
DA:57,3
DA:58,0
DA:83,4
LF:36
LH:22
BRDA:12,0,0,0
BRDA:14,1,0,0
BRDA:20,2,0,0
BRDA:57,3,0,0
BRF:4
BRH:0
end_of_record
TN:
SF:src/components/nfts/config.ts
FN:15,(anonymous_2)
FN:20,(anonymous_3)
FN:25,(anonymous_4)
FN:30,(anonymous_5)
FN:38,(anonymous_6)
FN:43,(anonymous_7)
FN:48,(anonymous_8)
FN:56,(anonymous_9)
FN:61,(anonymous_10)
FN:69,(anonymous_11)
FN:77,(anonymous_12)
FN:85,(anonymous_13)
FN:90,(anonymous_14)
FN:98,(anonymous_15)
FN:103,(anonymous_16)
FN:111,(anonymous_17)
FN:119,(anonymous_18)
FNF:17
FNH:0
FNDA:0,(anonymous_2)
FNDA:0,(anonymous_3)
FNDA:0,(anonymous_4)
FNDA:0,(anonymous_5)
FNDA:0,(anonymous_6)
FNDA:0,(anonymous_7)
FNDA:0,(anonymous_8)
FNDA:0,(anonymous_9)
FNDA:0,(anonymous_10)
FNDA:0,(anonymous_11)
FNDA:0,(anonymous_12)
FNDA:0,(anonymous_13)
FNDA:0,(anonymous_14)
FNDA:0,(anonymous_15)
FNDA:0,(anonymous_16)
FNDA:0,(anonymous_17)
FNDA:0,(anonymous_18)
DA:1,1
DA:10,12
DA:15,0
DA:20,0
DA:25,0
DA:30,0
DA:38,0
DA:43,0
DA:48,0
DA:56,0
DA:61,0
DA:69,0
DA:77,0
DA:85,0
DA:90,0
DA:98,0
DA:103,0
DA:111,0
DA:119,0
LF:19
LH:2
BRF:0
BRH:0
end_of_record
TN:
SF:src/components/nfts/NftCollections/index.tsx
FN:16,(anonymous_2)
FN:24,(anonymous_3)
FN:30,(anonymous_4)
FN:44,(anonymous_5)
FN:44,(anonymous_6)
FN:46,(anonymous_7)
FN:47,(anonymous_8)
FN:47,(anonymous_9)
FN:81,(anonymous_10)
FNF:9
FNH:5
FNDA:5,(anonymous_2)
FNDA:0,(anonymous_3)
FNDA:0,(anonymous_4)
FNDA:1,(anonymous_5)
FNDA:3,(anonymous_6)
FNDA:1,(anonymous_7)
FNDA:1,(anonymous_8)
FNDA:0,(anonymous_9)
FNDA:0,(anonymous_10)
DA:1,1
DA:3,1
DA:4,1
DA:5,1
DA:6,1
DA:7,1
DA:8,1
DA:9,1
DA:10,1
DA:11,1
DA:12,1
DA:13,1
DA:14,1
DA:16,1
DA:17,5
DA:18,5
DA:19,5
DA:21,5
DA:24,5
DA:25,0
DA:26,0
DA:29,5
DA:31,0
DA:33,0
DA:38,0
DA:44,5
DA:46,5
DA:47,1
DA:51,5
DA:81,0
DA:86,1
LF:31
LH:25
BRDA:33,0,0,0
BRDA:51,1,0,0
BRDA:51,2,0,5
BRDA:51,2,1,5
BRDA:59,3,0,0
BRDA:72,4,0,5
BRDA:72,4,1,5
BRDA:75,5,0,0
BRDA:75,5,1,5
BRF:9
BRH:5
end_of_record
TN:
SF:src/components/nfts/NftGrid/index.tsx
FN:68,(anonymous_2)
FN:92,(anonymous_4)
FN:94,(anonymous_5)
FN:107,(anonymous_6)
FN:115,(anonymous_7)
FN:124,(anonymous_8)
FN:131,(anonymous_9)
FN:135,(anonymous_10)
FN:144,(anonymous_11)
FN:151,(anonymous_12)
FN:153,(anonymous_13)
FN:158,(anonymous_14)
FN:172,(anonymous_15)
FN:226,(anonymous_16)
FN:227,(anonymous_17)
FN:263,(anonymous_18)
FN:276,(anonymous_19)
FN:288,(anonymous_20)
FN:290,(anonymous_21)
FN:303,(anonymous_22)
FN:305,(anonymous_23)
FNF:21
FNH:11
FNDA:0,(anonymous_2)
FNDA:27,(anonymous_4)
FNDA:6,(anonymous_5)
FNDA:5,(anonymous_6)
FNDA:4,(anonymous_7)
FNDA:0,(anonymous_8)
FNDA:3,(anonymous_9)
FNDA:3,(anonymous_10)
FNDA:2,(anonymous_11)
FNDA:1,(anonymous_12)
FNDA:0,(anonymous_13)
FNDA:0,(anonymous_14)
FNDA:24,(anonymous_15)
FNDA:18,(anonymous_16)
FNDA:0,(anonymous_17)
FNDA:0,(anonymous_18)
FNDA:3,(anonymous_19)
FNDA:0,(anonymous_20)
FNDA:0,(anonymous_21)
FNDA:0,(anonymous_22)
FNDA:0,(anonymous_23)
DA:2,1
DA:22,1
DA:23,1
DA:24,1
DA:26,1
DA:27,1
DA:28,1
DA:29,1
DA:40,1
DA:41,1
DA:43,1
DA:68,1
DA:92,27
DA:94,1
DA:102,6
DA:103,6
DA:105,6
DA:107,6
DA:108,5
DA:109,2
DA:112,3
DA:115,6
DA:116,4
DA:117,1
DA:120,3
DA:123,6
DA:125,0
DA:130,6
DA:132,3
DA:133,3
DA:134,3
DA:135,3
DA:136,3
DA:137,2
DA:138,0
DA:141,2
DA:144,2
DA:151,6
DA:152,1
DA:153,0
DA:157,6
DA:159,0
DA:164,6
DA:173,24
DA:227,18
DA:228,18
DA:230,18
DA:264,0
DA:276,3
DA:289,0
DA:291,0
DA:304,0
DA:306,0
DA:322,5
LF:54
LH:45
BRDA:103,0,0,6
BRDA:103,0,1,6
BRDA:108,1,0,2
BRDA:116,2,0,1
BRDA:136,3,0,2
BRDA:137,4,0,0
BRDA:152,5,0,0
BRDA:152,5,1,1
BRDA:153,6,0,0
BRDA:153,6,1,0
BRDA:159,7,0,0
BRDA:159,7,1,0
BRDA:178,8,0,6
BRDA:178,8,1,18
BRDA:183,9,0,6
BRDA:183,9,1,18
BRDA:207,10,0,6
BRDA:207,10,1,12
BRDA:208,11,0,6
BRDA:208,11,1,0
BRDA:211,12,0,6
BRDA:211,12,1,6
BRDA:213,13,0,6
BRDA:213,13,1,6
BRDA:228,14,0,0
BRDA:228,14,1,18
BRDA:235,15,0,0
BRDA:235,15,1,18
BRDA:238,16,0,18
BRDA:238,16,1,0
BRDA:255,17,0,0
BRDA:255,17,1,18
BRDA:256,18,0,18
BRDA:256,18,1,18
BRDA:280,19,0,18
BRDA:280,19,1,6
BRDA:287,20,0,6
BRDA:287,20,1,0
BRDA:293,21,0,0
BRDA:293,21,1,0
BRDA:302,22,0,6
BRDA:302,22,1,0
BRDA:303,23,0,0
BRDA:303,23,1,0
BRDA:308,24,0,0
BRDA:308,24,1,0
BRF:46
BRH:27
end_of_record
TN:
SF:src/components/nfts/NftPreviewModal/index.tsx
FN:9,(anonymous_2)
FNF:1
FNH:1
FNDA:6,(anonymous_2)
DA:2,1
DA:3,1
DA:4,1
DA:5,1
DA:6,1
DA:7,1
DA:9,1
DA:10,6
DA:11,6
DA:12,6
DA:37,5
LF:11
LH:11
BRDA:12,0,0,0
BRDA:12,0,1,6
BRDA:12,1,0,0
BRDA:12,1,1,0
BRDA:22,2,0,6
BRDA:25,3,0,0
BRDA:25,3,1,0
BRDA:25,4,0,0
BRDA:25,4,1,0
BRDA:30,5,0,0
BRF:10
BRH:2
end_of_record
TN:
SF:src/components/nfts/NftSendForm/index.tsx
FN:13,(anonymous_2)
FNF:1
FNH:1
FNDA:5,(anonymous_2)
DA:2,1
DA:3,1
DA:5,1
DA:6,1
DA:7,1
DA:13,1
DA:14,5
DA:15,5
DA:88,5
LF:9
LH:9
BRDA:69,0,0,5
BRDA:69,0,1,5
BRDA:73,1,0,5
BRDA:73,1,1,5
BRDA:78,2,0,2
BRDA:78,2,1,3
BRF:6
BRH:6
end_of_record
TN:
SF:src/components/notification-center/NotificationCenter/index.tsx
FN:34,(anonymous_2)
FN:46,(anonymous_3)
FN:48,(anonymous_4)
FN:56,(anonymous_5)
FN:56,(anonymous_6)
FN:59,(anonymous_7)
FN:60,(anonymous_8)
FN:68,(anonymous_9)
FN:72,(anonymous_10)
FN:83,(anonymous_11)
FN:91,(anonymous_12)
FN:95,(anonymous_13)
FN:165,(anonymous_14)
FN:165,(anonymous_15)
FN:176,(anonymous_16)
FNF:15
FNH:3
FNDA:26,(anonymous_2)
FNDA:26,(anonymous_3)
FNDA:0,(anonymous_4)
FNDA:26,(anonymous_5)
FNDA:0,(anonymous_6)
FNDA:0,(anonymous_7)
FNDA:0,(anonymous_8)
FNDA:0,(anonymous_9)
FNDA:0,(anonymous_10)
FNDA:0,(anonymous_11)
FNDA:0,(anonymous_12)
FNDA:0,(anonymous_13)
FNDA:0,(anonymous_14)
FNDA:0,(anonymous_15)
FNDA:0,(anonymous_16)
DA:1,1
DA:2,1
DA:3,1
DA:4,1
DA:5,1
DA:6,1
DA:7,1
DA:8,1
DA:9,1
DA:10,1
DA:11,1
DA:17,1
DA:18,1
DA:19,1
DA:20,1
DA:21,1
DA:22,1
DA:23,1
DA:25,1
DA:26,1
DA:28,1
DA:29,1
DA:30,1
DA:32,1
DA:34,1
DA:35,26
DA:36,26
DA:37,26
DA:38,26
DA:39,26
DA:40,26
DA:43,26
DA:45,26
DA:46,26
DA:48,26
DA:51,26
DA:54,26
DA:56,26
DA:57,26
DA:59,26
DA:60,0
DA:61,0
DA:62,0
DA:65,0
DA:68,26
DA:69,0
DA:70,0
DA:72,0
DA:73,0
DA:74,0
DA:78,0
DA:80,0
DA:83,26
DA:84,0
DA:85,0
DA:86,0
DA:88,0
DA:91,26
DA:92,0
DA:95,26
DA:96,0
DA:99,26
DA:165,0
DA:176,0
DA:208,22
LF:65
LH:46
BRDA:54,0,0,26
BRDA:54,0,1,0
BRDA:54,1,0,26
BRDA:54,1,1,26
BRDA:61,2,0,0
BRDA:69,3,0,0
BRDA:69,3,1,0
BRDA:73,4,0,0
BRDA:84,5,0,0
BRDA:99,6,0,0
BRDA:99,6,1,26
BRDA:145,7,0,26
BRDA:151,8,0,26
BRDA:163,9,0,26
BRDA:167,10,0,0
BRDA:167,10,1,0
BRDA:177,11,0,0
BRDA:177,11,1,0
BRDA:182,12,0,26
BRF:19
BRH:8
end_of_record
TN:
SF:src/components/notification-center/NotificationCenterItem/index.tsx
FN:28,(anonymous_2)
FN:32,(anonymous_3)
FNF:2
FNH:0
FNDA:0,(anonymous_2)
FNDA:0,(anonymous_3)
DA:1,1
DA:2,1
DA:3,1
DA:4,1
DA:5,1
DA:6,1
DA:7,1
DA:8,1
DA:13,1
DA:14,1
DA:16,1
DA:17,1
DA:18,1
DA:19,1
DA:21,1
DA:28,1
DA:32,1
DA:41,0
DA:83,1
LF:19
LH:18
BRDA:41,0,0,0
BRDA:41,0,1,0
BRDA:52,1,0,0
BRF:3
BRH:0
end_of_record
TN:
SF:src/components/notification-center/NotificationCenterList/index.tsx
FN:17,(anonymous_2)
FN:36,(anonymous_3)
FNF:2
FNH:0
FNDA:0,(anonymous_2)
FNDA:0,(anonymous_3)
DA:2,1
DA:3,1
DA:4,1
DA:7,1
DA:8,1
DA:10,1
DA:17,1
DA:18,0
DA:37,0
DA:44,26
LF:10
LH:8
BRDA:18,0,0,0
BRF:1
BRH:0
end_of_record
TN:
SF:src/components/safe-apps/PermissionsPrompt.tsx
FN:17,(anonymous_1)
FN:27,(anonymous_2)
FN:38,(anonymous_3)
FN:50,(anonymous_4)
FN:55,(anonymous_5)
FNF:5
FNH:0
FNDA:0,(anonymous_1)
FNDA:0,(anonymous_2)
FNDA:0,(anonymous_3)
FNDA:0,(anonymous_4)
FNDA:0,(anonymous_5)
DA:3,14
DA:5,14
DA:6,14
DA:17,14
DA:27,0
DA:39,0
DA:50,0
DA:55,0
DA:63,14
LF:9
LH:5
BRF:0
BRH:0
end_of_record
TN:
SF:src/components/safe-apps/RemoveCustomAppModal.tsx
FN:22,(anonymous_6)
FNF:1
FNH:1
FNDA:1,(anonymous_6)
DA:1,1
DA:2,1
DA:4,1
DA:22,1
DA:29,2
LF:5
LH:5
BRF:0
BRH:0
end_of_record
TN:
SF:src/components/safe-apps/types.ts
FN:47,(anonymous_4)
FNF:1
FNH:0
FNDA:0,(anonymous_4)
DA:3,17
DA:9,17
DA:47,17
DA:48,0
LF:4
LH:3
BRF:0
BRH:0
end_of_record
TN:
SF:src/components/safe-apps/utils.ts
FN:11,(anonymous_10)
FN:24,(anonymous_11)
FN:24,(anonymous_12)
FN:26,(anonymous_13)
FN:38,(anonymous_14)
FN:51,(anonymous_15)
FN:65,(anonymous_16)
FN:86,(anonymous_17)
FN:94,(anonymous_18)
FN:98,(anonymous_19)
FN:100,(anonymous_20)
FN:100,(anonymous_21)
FN:104,(anonymous_22)
FN:106,(anonymous_23)
FN:107,(anonymous_24)
FNF:15
FNH:9
FNDA:0,(anonymous_10)
FNDA:0,(anonymous_11)
FNDA:0,(anonymous_12)
FNDA:0,(anonymous_13)
FNDA:12,(anonymous_14)
FNDA:0,(anonymous_15)
FNDA:13,(anonymous_16)
FNDA:0,(anonymous_17)
FNDA:111,(anonymous_18)
FNDA:206,(anonymous_19)
FNDA:164,(anonymous_20)
FNDA:580,(anonymous_21)
FNDA:99,(anonymous_22)
FNDA:176,(anonymous_23)
FNDA:90,(anonymous_24)
DA:1,20
DA:2,20
DA:6,20
DA:7,20
DA:9,20
DA:11,20
DA:12,0
DA:13,0
DA:16,0
DA:17,0
DA:20,0
DA:21,0
DA:24,20
DA:26,20
DA:27,0
DA:28,0
DA:38,20
DA:39,12
DA:41,1
DA:42,1
DA:48,11
[...]
FNF:2
FNH:1
FNDA:0,(anonymous_3)
FNDA:4,(anonymous_4)
DA:4,16
DA:5,0
DA:8,16
DA:9,4
LF:4
LH:3
BRF:0
BRH:0
end_of_record
TN:
SF:src/utils/safe-migrations.ts
FN:11,(anonymous_4)
FN:55,(anonymous_5)
FN:78,(anonymous_6)
FNF:3
FNH:2
FNDA:6,(anonymous_4)
FNDA:0,(anonymous_5)
FNDA:6,(anonymous_6)
DA:2,8
DA:3,8
DA:4,8
DA:5,8
DA:8,8
DA:9,8
DA:11,8
DA:16,6
DA:22,6
DA:23,1
DA:28,5
DA:34,5
DA:43,5
DA:45,5
DA:52,5
DA:55,8
DA:56,0
DA:62,0
DA:63,0
DA:66,0
DA:68,0
DA:75,0
DA:78,8
DA:80,6
DA:81,6
DA:82,6
DA:84,6
LF:27
LH:21
BRDA:17,0,0,6
BRDA:17,0,1,0
BRDA:22,1,0,1
BRDA:28,2,0,5
BRDA:28,2,1,3
BRDA:34,3,0,1
BRDA:34,3,1,4
BRDA:35,4,0,0
BRDA:35,4,1,1
BRDA:38,5,0,2
BRDA:38,5,1,2
BRDA:62,6,0,0
BRDA:85,7,0,6
BRDA:85,7,1,3
BRDA:85,7,2,3
BRDA:85,7,3,2
BRF:16
BRH:13
end_of_record
TN:
SF:src/utils/safe-versions.ts
FN:8,(anonymous_1)
FNF:1
FNH:1
FNDA:23,(anonymous_1)
DA:4,9
DA:8,23
DA:9,23
DA:10,1
DA:12,22
LF:5
LH:5
BRDA:9,0,0,1
BRF:1
BRH:1
end_of_record
TN:
SF:src/utils/signers.ts
FN:6,(anonymous_1)
FN:17,(anonymous_2)
FN:29,(anonymous_3)
FNF:3
FNH:3
FNDA:9,(anonymous_1)
FNDA:11,(anonymous_2)
FNDA:11,(anonymous_3)
DA:4,1
DA:6,9
DA:12,9
DA:13,3
DA:15,6
DA:17,11
DA:18,6
DA:19,6
DA:21,6
DA:23,6
DA:24,3
DA:27,6
DA:29,11
DA:31,1
LF:14
LH:14
BRDA:12,0,0,3
BRDA:12,1,0,9
BRDA:12,1,1,8
BRDA:12,1,2,7
BRDA:19,2,0,6
BRDA:19,2,1,0
BRDA:23,3,0,3
BRDA:23,4,0,6
BRDA:23,4,1,5
BRDA:27,5,0,5
BRF:10
BRH:9
end_of_record
TN:
SF:src/utils/tokens.ts
FN:14,(anonymous_4)
FN:24,(anonymous_5)
FN:63,(anonymous_6)
FN:76,(anonymous_7)
FNF:4
FNH:2
FNDA:21,(anonymous_4)
FNDA:5,(anonymous_5)
FNDA:0,(anonymous_6)
FNDA:0,(anonymous_7)
DA:1,9
DA:2,9
DA:3,9
DA:4,9
DA:5,9
DA:7,9
DA:14,22
DA:17,21
DA:18,21
DA:20,4
DA:22,4
DA:24,5
DA:35,4
DA:37,4
DA:38,4
DA:39,5
DA:40,5
DA:42,5
DA:43,5
DA:46,1
DA:50,5
DA:52,5
DA:60,4
DA:63,9
DA:64,0
DA:65,0
DA:67,0
DA:69,0
DA:70,0
DA:72,0
DA:76,9
DA:77,0
DA:78,0
DA:80,0
DA:82,0
DA:83,0
DA:85,0
LF:37
LH:25
BRDA:18,0,0,17
BRDA:20,1,0,2
BRDA:20,1,1,2
BRDA:40,2,0,0
BRDA:47,3,0,1
BRDA:47,3,1,0
BRDA:47,4,0,1
BRDA:47,4,1,1
BRDA:47,4,2,1
BRDA:65,5,0,0
BRDA:78,6,0,0
BRF:11
BRH:7
end_of_record
TN:
SF:src/utils/transaction-calldata.ts
FN:11,(anonymous_8)
FN:20,(anonymous_9)
FN:27,(anonymous_10)
FN:32,(anonymous_11)
FN:37,(anonymous_12)
FN:45,isAddOwnerWithThresholdCalldata
FN:50,isRemoveOwnerCalldata
FN:55,isSwapOwnerCalldata
FN:60,isChangeThresholdCalldata
FN:67,(anonymous_17)
FN:71,(anonymous_18)
FNF:11
FNH:11
FNDA:151,(anonymous_8)
FNDA:18,(anonymous_9)
FNDA:12,(anonymous_10)
FNDA:10,(anonymous_11)
FNDA:9,(anonymous_12)
FNDA:11,isAddOwnerWithThresholdCalldata
FNDA:9,isRemoveOwnerCalldata
FNDA:12,isSwapOwnerCalldata
FNDA:8,isChangeThresholdCalldata
FNDA:62,(anonymous_17)
FNDA:18,(anonymous_18)
DA:1,272
DA:5,272
DA:6,272
DA:7,272
DA:8,272
DA:9,272
DA:11,272
DA:12,151
DA:13,151
DA:14,151
DA:18,272
DA:19,272
DA:20,272
DA:21,18
DA:25,272
DA:26,272
DA:27,272
DA:28,12
DA:31,272
DA:32,272
DA:33,10
DA:36,272
DA:37,272
DA:38,9
DA:42,272
DA:44,272
DA:45,17
DA:46,11
DA:49,272
DA:50,15
DA:51,9
DA:54,272
DA:55,18
DA:56,12
DA:59,272
DA:60,14
DA:61,8
DA:65,272
DA:66,272
DA:67,272
DA:68,62
DA:71,272
DA:73,18
DA:74,6
DA:75,6
DA:79,12
DA:80,2
DA:81,2
DA:84,10
DA:85,1
DA:86,1
DA:89,9
DA:90,1
DA:91,1
DA:95,8
DA:96,3
DA:100,5
LF:57
LH:57
BRDA:73,0,0,6
BRDA:79,1,0,2
BRDA:84,2,0,1
BRDA:89,3,0,1
BRDA:95,4,0,3
BRF:5
BRH:5
end_of_record
TN:
SF:src/utils/transaction-errors.ts
FN:17,(anonymous_6)
FN:27,(anonymous_7)
FN:47,(anonymous_8)
FN:61,(anonymous_9)
FNF:4
FNH:4
FNDA:23,(anonymous_6)
FNDA:32,(anonymous_7)
FNDA:3,(anonymous_8)
FNDA:5,(anonymous_9)
DA:8,24
DA:17,24
DA:18,23
DA:19,23
DA:27,24
DA:28,32
DA:30,26
DA:33,26
DA:34,26
DA:35,4
DA:39,22
DA:47,24
DA:48,3
DA:50,2
DA:52,1
DA:61,24
DA:62,5
LF:17
LH:17
BRDA:19,0,0,1
BRDA:19,0,1,22
BRDA:28,1,0,6
BRDA:30,2,0,26
BRDA:30,2,1,0
BRDA:34,3,0,4
BRDA:48,4,0,2
BRDA:48,4,1,1
BRF:8
BRH:7
end_of_record
TN:
SF:src/utils/transaction-guards.ts
FN:84,(anonymous_61)
FN:88,(anonymous_62)
FN:90,(anonymous_63)
FN:91,(anonymous_64)
FN:94,(anonymous_65)
FN:96,(anonymous_66)
FN:99,(anonymous_67)
FN:102,(anonymous_68)
FN:108,(anonymous_69)
FN:114,(anonymous_70)
FN:130,(anonymous_71)
FN:151,(anonymous_72)
FN:166,(anonymous_73)
FN:176,(anonymous_74)
FN:180,(anonymous_75)
FN:184,(anonymous_76)
FN:188,(anonymous_77)
FN:192,(anonymous_78)
FN:196,(anonymous_79)
FN:203,(anonymous_80)
FN:207,(anonymous_81)
FN:211,(anonymous_82)
FN:215,(anonymous_83)
FN:219,(anonymous_84)
FN:223,(anonymous_85)
FN:227,(anonymous_86)
FN:231,(anonymous_87)
FN:235,(anonymous_88)
FN:239,(anonymous_89)
FN:243,(anonymous_90)
FN:247,(anonymous_91)
FN:251,(anonymous_92)
FN:255,(anonymous_93)
FN:260,(anonymous_94)
FN:266,(anonymous_95)
FN:270,(anonymous_96)
FN:274,(anonymous_97)
FN:278,(anonymous_98)
FN:282,isRecoveryQueueItem
FN:289,(anonymous_100)
FN:295,(anonymous_101)
FN:299,(anonymous_102)
FN:301,(anonymous_103)
FN:304,(anonymous_104)
FN:315,(anonymous_105)
FN:331,(anonymous_106)
FN:340,(anonymous_107)
FN:344,(anonymous_108)
FN:348,(anonymous_109)
FN:352,(anonymous_110)
FN:359,(anonymous_111)
FN:360,(anonymous_112)
FN:361,(anonymous_113)
FN:363,(anonymous_114)
FN:367,(anonymous_115)
FN:371,(anonymous_116)
FN:375,(anonymous_117)
FN:384,(anonymous_118)
FN:389,(anonymous_119)
FN:396,(anonymous_120)
FN:409,(anonymous_121)
FN:414,(anonymous_122)
FN:421,(anonymous_123)
FN:425,(anonymous_124)
FN:444,(anonymous_125)
FN:449,(anonymous_126)
FN:458,(anonymous_127)
FN:462,(anonymous_128)
FN:466,(anonymous_129)
FNF:69
FNH:56
FNDA:50,(anonymous_61)
FNDA:18,(anonymous_62)
FNDA:390,(anonymous_63)
FNDA:894,(anonymous_64)
FNDA:390,(anonymous_65)
FNDA:890,(anonymous_66)
FNDA:0,(anonymous_67)
FNDA:15,(anonymous_68)
FNDA:1,(anonymous_69)
FNDA:0,(anonymous_70)
FNDA:0,(anonymous_71)
FNDA:0,(anonymous_72)
FNDA:117,(anonymous_73)
FNDA:32,(anonymous_74)
FNDA:42,(anonymous_75)
FNDA:86,(anonymous_76)
FNDA:49,(anonymous_77)
FNDA:10,(anonymous_78)
FNDA:2,(anonymous_79)
FNDA:64,(anonymous_80)
FNDA:10,(anonymous_81)
FNDA:10,(anonymous_82)
FNDA:12,(anonymous_83)
FNDA:22,(anonymous_84)
FNDA:22,(anonymous_85)
FNDA:22,(anonymous_86)
FNDA:12,(anonymous_87)
FNDA:16,(anonymous_88)
FNDA:2,(anonymous_89)
FNDA:6,(anonymous_90)
FNDA:3,(anonymous_91)
FNDA:36,(anonymous_92)
FNDA:0,(anonymous_93)
FNDA:34,(anonymous_94)
FNDA:62,(anonymous_95)
FNDA:0,(anonymous_96)
FNDA:5,(anonymous_97)
FNDA:128,(anonymous_98)
FNDA:0,isRecoveryQueueItem
FNDA:133,(anonymous_100)
FNDA:2,(anonymous_101)
FNDA:32,(anonymous_102)
FNDA:39,(anonymous_103)
FNDA:0,(anonymous_104)
FNDA:4,(anonymous_105)
FNDA:265,(anonymous_106)
FNDA:0,(anonymous_107)
FNDA:0,(anonymous_108)
FNDA:0,(anonymous_109)
FNDA:0,(anonymous_110)
FNDA:9,(anonymous_111)
FNDA:9,(anonymous_112)
FNDA:76,(anonymous_113)
FNDA:6,(anonymous_114)
FNDA:63,(anonymous_115)
FNDA:47,(anonymous_116)
FNDA:3,(anonymous_117)
FNDA:13,(anonymous_118)
FNDA:6,(anonymous_119)
FNDA:13,(anonymous_120)
FNDA:13,(anonymous_121)
FNDA:5,(anonymous_122)
FNDA:3,(anonymous_123)
FNDA:12,(anonymous_124)
FNDA:1,(anonymous_125)
FNDA:0,(anonymous_126)
FNDA:22,(anonymous_127)
FNDA:22,(anonymous_128)
FNDA:10,(anonymous_129)
DA:18,265
DA:55,265
DA:56,265
DA:59,265
DA:65,265
DA:70,265
DA:71,265
DA:72,265
DA:73,265
DA:74,265
DA:75,265
DA:84,265
DA:85,50
DA:88,265
DA:90,265
DA:91,894
DA:94,390
DA:95,390
DA:96,890
DA:99,0
DA:102,265
DA:105,15
DA:108,265
DA:111,1
DA:114,265
DA:119,0
DA:120,0
DA:121,0
DA:123,0
DA:124,0
DA:125,0
DA:127,0
DA:130,265
DA:134,0
DA:135,0
DA:138,0
DA:145,0
DA:146,0
DA:149,0
DA:151,0
DA:153,0
DA:154,0
DA:158,0
DA:159,0
DA:162,0
DA:166,265
DA:167,117
DA:176,265
DA:177,32
DA:180,265
DA:181,42
DA:184,265
DA:185,86
DA:188,265
DA:189,49
DA:192,265
DA:193,10
DA:196,265
DA:197,2
DA:198,2
DA:200,2
DA:203,265
DA:204,64
DA:207,265
DA:208,10
DA:211,265
DA:212,10
DA:215,265
DA:216,12
DA:219,265
DA:220,22
DA:223,265
DA:224,22
DA:227,265
DA:228,22
DA:231,265
DA:232,12
DA:235,265
DA:236,16
DA:239,265
DA:240,2
DA:243,265
DA:244,6
DA:247,265
DA:248,3
DA:251,265
DA:252,36
DA:255,265
DA:256,0
DA:260,265
DA:263,34
DA:266,265
DA:267,62
DA:270,265
DA:271,0
DA:274,265
DA:275,5
DA:278,265
DA:279,128
DA:282,0
DA:283,0
DA:284,0
DA:289,265
DA:292,133
DA:295,265
DA:297,2
DA:299,265
DA:300,32
DA:301,39
DA:304,265
DA:305,0
DA:306,0
DA:308,0
DA:309,0
DA:315,265
DA:320,4
DA:325,4
DA:327,0
DA:331,265
DA:340,265
DA:341,0
DA:344,265
DA:345,0
DA:348,265
DA:349,0
DA:352,265
DA:353,0
DA:354,0
DA:355,0
DA:359,265
DA:360,265
DA:361,265
DA:363,265
DA:364,6
DA:367,265
DA:368,63
DA:371,265
DA:372,47
DA:375,265
DA:376,3
DA:379,265
DA:380,265
DA:384,265
DA:385,13
DA:386,13
DA:389,265
DA:390,6
DA:391,5
DA:393,1
DA:396,265
DA:397,13
DA:398,13
DA:399,13
DA:401,13
DA:403,13
DA:409,265
DA:410,13
DA:411,13
DA:414,265
DA:415,5
DA:416,4
DA:418,1
DA:421,265
DA:422,3
DA:425,265
DA:426,12
DA:429,4
DA:430,1
DA:434,3
DA:435,3
DA:436,1
DA:440,2
DA:444,1
DA:449,265
DA:450,0
DA:451,0
DA:458,265
DA:459,22
DA:462,265
DA:463,22
DA:466,265
DA:469,10
LF:182
LH:144
BRDA:94,0,0,0
BRDA:95,1,0,390
BRDA:123,2,0,0
BRDA:123,3,0,0
BRDA:123,3,1,0
BRDA:125,4,0,0
BRDA:125,4,1,0
BRDA:125,5,0,0
BRDA:125,5,1,0
BRDA:134,6,0,0
BRDA:138,7,0,0
BRDA:139,8,0,0
BRDA:139,8,1,0
BRDA:139,8,2,0
BRDA:139,8,3,0
BRDA:153,9,0,0
BRDA:153,10,0,0
BRDA:153,10,1,0
BRDA:153,10,2,0
BRDA:158,11,0,0
BRDA:167,12,0,117
BRDA:167,12,1,32
BRDA:189,13,0,49
BRDA:189,13,1,16
BRDA:193,14,0,10
BRDA:193,14,1,10
BRDA:200,15,0,2
BRDA:200,15,1,2
BRDA:232,16,0,12
BRDA:232,16,1,12
BRDA:232,16,2,12
BRDA:236,17,0,16
BRDA:236,17,1,0
BRDA:240,18,0,2
BRDA:240,18,1,0
BRDA:244,19,0,6
BRDA:244,19,1,6
BRDA:252,20,0,36
BRDA:252,20,1,36
BRDA:256,21,0,0
BRDA:256,21,1,0
BRDA:275,22,0,5
BRDA:275,22,1,5
BRDA:284,23,0,0
BRDA:284,23,1,0
BRDA:300,24,0,22
BRDA:300,24,1,10
BRDA:305,25,0,0
BRDA:305,26,0,0
BRDA:305,26,1,0
BRDA:310,27,0,0
BRDA:310,27,1,0
BRDA:310,27,2,0
BRDA:320,28,0,4
BRDA:321,29,0,4
BRDA:321,29,1,0
BRDA:321,29,2,0
BRDA:331,30,0,265
BRDA:331,30,1,265
BRDA:349,31,0,0
BRDA:349,31,1,0
BRDA:353,32,0,0
BRDA:353,32,1,0
BRDA:364,33,0,6
BRDA:364,33,1,6
BRDA:386,34,0,13
BRDA:386,34,1,12
BRDA:390,35,0,5
BRDA:391,36,0,5
BRDA:391,36,1,2
BRDA:401,37,0,13
BRDA:401,37,1,12
BRDA:403,38,0,13
BRDA:403,38,1,12
BRDA:403,38,2,3
BRDA:403,38,3,2
BRDA:411,39,0,13
BRDA:411,39,1,12
BRDA:415,40,0,4
BRDA:422,41,0,3
BRDA:422,41,1,3
BRDA:422,41,2,3
BRDA:426,42,0,8
BRDA:426,43,0,12
BRDA:426,43,1,12
BRDA:429,44,0,1
BRDA:429,45,0,4
BRDA:429,45,1,3
BRDA:435,46,0,1
BRDA:435,47,0,3
BRDA:435,47,1,3
BRDA:441,48,0,2
BRDA:441,48,1,2
BRDA:443,49,0,2
BRDA:443,49,1,1
BRDA:450,50,0,0
BRDA:450,51,0,0
BRDA:450,51,1,0
BRDA:469,52,0,10
BRDA:469,52,1,10
BRF:100
BRH:60
end_of_record
TN:
SF:src/utils/transactions.ts
FN:58,(anonymous_22)
FN:88,(anonymous_23)
FN:116,(anonymous_24)
FN:164,(anonymous_25)
FN:218,(anonymous_26)
FN:280,(anonymous_27)
FN:326,(anonymous_28)
FN:357,(anonymous_29)
FN:377,(anonymous_30)
FN:378,(anonymous_31)
FN:385,(anonymous_32)
FN:386,(anonymous_33)
FN:393,(anonymous_34)
FN:434,(anonymous_35)
FN:442,(anonymous_36)
FN:444,(anonymous_37)
FN:445,(anonymous_38)
FN:446,(anonymous_39)
FN:451,(anonymous_40)
FN:460,(anonymous_41)
FN:490,(anonymous_42)
FN:508,(anonymous_43)
FN:515,(anonymous_44)
FN:526,(anonymous_45)
FN:549,(anonymous_46)
FN:564,(anonymous_47)
FN:568,(anonymous_48)
FN:578,(anonymous_49)
FN:582,(anonymous_50)
FN:602,(anonymous_51)
FNF:30
FNH:10
FNDA:6,(anonymous_22)
FNDA:0,(anonymous_23)
FNDA:0,(anonymous_24)
FNDA:0,(anonymous_25)
FNDA:0,(anonymous_26)
FNDA:0,(anonymous_27)
FNDA:0,(anonymous_28)
FNDA:0,(anonymous_29)
FNDA:1,(anonymous_30)
FNDA:0,(anonymous_31)
FNDA:0,(anonymous_32)
FNDA:0,(anonymous_33)
FNDA:1,(anonymous_34)
FNDA:0,(anonymous_35)
FNDA:0,(anonymous_36)
FNDA:0,(anonymous_37)
FNDA:0,(anonymous_38)
FNDA:0,(anonymous_39)
FNDA:0,(anonymous_40)
FNDA:0,(anonymous_41)
FNDA:2,(anonymous_42)
FNDA:5,(anonymous_43)
FNDA:4,(anonymous_44)
FNDA:5,(anonymous_45)
FNDA:2,(anonymous_46)
FNDA:0,(anonymous_47)
FNDA:0,(anonymous_48)
FNDA:24,(anonymous_49)
FNDA:5,(anonymous_50)
FNDA:0,(anonymous_51)
DA:16,187
DA:19,187
DA:20,187
DA:21,187
DA:32,187
DA:33,187
DA:34,187
DA:37,187
DA:38,187
DA:39,187
DA:41,187
DA:42,187
DA:43,187
DA:44,187
DA:45,187
DA:46,187
DA:58,187
DA:59,6
DA:61,3
DA:75,3
DA:88,187
DA:89,0
DA:91,0
DA:116,187
DA:126,0
DA:129,0
DA:131,0
DA:149,0
DA:164,187
DA:177,0
DA:180,0
DA:182,0
DA:203,0
DA:218,187
DA:231,0
DA:234,0
DA:238,0
DA:244,0
DA:265,0
DA:280,187
DA:290,0
DA:293,0
DA:295,0
DA:313,0
DA:326,187
DA:327,0
DA:329,0
DA:343,0
DA:357,187
DA:362,0
DA:364,0
DA:374,0
DA:377,187
DA:378,1
DA:383,0
DA:385,0
DA:386,0
DA:387,0
DA:390,0
DA:393,1
DA:396,1
DA:398,0
DA:407,1
DA:412,1
DA:413,1
DA:419,1
DA:434,187
DA:435,0
DA:436,0
DA:439,0
DA:442,187
DA:443,0
DA:444,0
DA:445,0
DA:447,0
DA:451,187
DA:457,0
DA:459,0
DA:461,0
DA:463,0
DA:464,0
DA:467,0
DA:480,0
DA:490,187
DA:491,2
DA:499,2
DA:500,0
DA:501,0
DA:502,0
DA:505,2
DA:508,187
DA:509,5
DA:510,1
DA:513,4
DA:515,4
DA:516,4
DA:519,4
DA:520,1
DA:523,3
DA:526,187
DA:527,5
DA:529,4
DA:530,4
DA:533,4
DA:535,4
DA:536,4
DA:538,4
DA:539,4
DA:541,4
DA:543,0
DA:546,4
DA:549,187
DA:550,2
DA:551,2
DA:552,2
DA:553,2
DA:555,0
DA:561,2
DA:564,187
DA:565,0
DA:568,187
DA:569,0
DA:578,187
DA:579,24
DA:582,187
DA:583,5
DA:585,5
DA:586,5
DA:588,3
DA:602,187
DA:603,0
DA:605,0
DA:619,0
LF:133
LH:78
BRDA:129,0,0,0
BRDA:129,0,1,0
BRDA:129,1,0,0
BRDA:129,1,1,0
BRDA:180,2,0,0
BRDA:180,2,1,0
BRDA:180,3,0,0
BRDA:180,3,1,0
BRDA:234,4,0,0
BRDA:234,4,1,0
BRDA:234,5,0,0
BRDA:234,5,1,0
BRDA:238,6,0,0
BRDA:238,6,1,0
BRDA:239,7,0,0
BRDA:239,7,1,0
BRDA:293,8,0,0
BRDA:293,8,1,0
BRDA:293,9,0,0
BRDA:293,9,1,0
BRDA:383,10,0,0
BRDA:390,11,0,0
BRDA:390,11,1,0
BRDA:396,12,0,1
BRDA:402,13,0,0
BRDA:402,13,1,0
BRDA:407,14,0,0
BRDA:407,14,1,1
BRDA:413,15,0,0
BRDA:413,15,1,1
BRDA:414,16,0,0
BRDA:414,16,1,0
BRDA:417,17,0,1
BRDA:417,17,1,1
BRDA:428,18,0,1
BRDA:428,18,1,1
BRDA:435,19,0,0
BRDA:461,20,0,0
BRDA:499,21,0,0
BRDA:499,22,0,2
BRDA:499,22,1,1
BRDA:509,23,0,1
BRDA:516,24,0,4
BRDA:516,24,1,0
BRDA:519,25,0,1
BRDA:527,26,0,1
BRDA:530,27,0,0
BRDA:530,28,0,0
BRDA:552,29,0,2
BRDA:552,29,1,0
BRDA:565,30,0,0
BRDA:565,30,1,0
BRDA:565,30,2,0
BRDA:565,30,3,0
BRDA:570,31,0,0
BRDA:570,31,1,0
BRDA:570,31,2,0
BRDA:570,31,3,0
BRDA:570,31,4,0
BRDA:579,32,0,24
BRDA:579,32,1,22
BRDA:579,32,2,0
BRF:62
BRH:16
end_of_record
TN:
SF:src/utils/tx-history-filter.ts
FN:51,(anonymous_9)
FN:53,(anonymous_10)
FN:59,(anonymous_11)
FN:63,(anonymous_12)
FN:73,(anonymous_13)
FN:82,(anonymous_14)
FN:100,(anonymous_15)
FN:107,(anonymous_16)
FN:120,(anonymous_17)
FN:122,(anonymous_18)
FN:124,(anonymous_19)
FN:137,(anonymous_20)
FN:145,(anonymous_21)
FNF:13
FNH:13
FNDA:7,(anonymous_9)
FNDA:28,(anonymous_10)
FNDA:48,(anonymous_11)
FNDA:4,(anonymous_12)
FNDA:42,(anonymous_13)
FNDA:4,(anonymous_14)
FNDA:3,(anonymous_15)
FNDA:1,(anonymous_16)
FNDA:123,(anonymous_17)
FNDA:36,(anonymous_18)
FNDA:4,(anonymous_19)
FNDA:4,(anonymous_20)
FNDA:4,(anonymous_21)
DA:6,18
DA:7,18
DA:9,18
DA:12,18
DA:40,291
DA:51,18
DA:52,7
DA:54,28
DA:59,18
DA:60,48
DA:63,18
DA:64,4
DA:72,18
DA:74,42
DA:76,5
DA:83,4
DA:94,4
DA:101,3
DA:108,1
DA:110,1
DA:120,123
DA:121,123
DA:122,123
DA:124,123
DA:125,4
DA:134,123
DA:137,18
DA:145,4
DA:146,4
DA:148,4
DA:150,1
DA:165,1
DA:180,1
DA:192,1
DA:197,4
LF:35
LH:35
BRDA:54,0,0,28
BRDA:54,0,1,25
BRDA:60,1,0,48
BRDA:60,1,1,10
BRDA:74,2,0,37
BRDA:85,3,0,3
BRDA:85,3,1,1
BRDA:88,4,0,1
BRDA:88,4,1,3
BRDA:113,5,0,1
BRDA:113,5,1,0
BRDA:113,6,0,1
BRDA:113,6,1,1
BRDA:114,7,0,0
BRDA:114,7,1,1
BRDA:114,8,0,1
BRDA:114,8,1,1
BRDA:115,9,0,0
BRDA:115,9,1,1
BRDA:129,10,0,4
BRDA:129,10,1,2
BRDA:148,11,0,1
BRDA:148,11,1,1
BRDA:148,11,2,1
BRDA:148,11,3,1
BRDA:155,12,0,0
BRDA:155,12,1,1
BRDA:156,13,0,0
BRDA:156,13,1,1
BRDA:158,14,0,1
BRDA:158,14,1,0
BRDA:159,15,0,0
BRDA:159,15,1,1
BRDA:169,16,0,1
BRDA:169,16,1,0
BRDA:170,17,0,0
BRDA:170,17,1,1
BRDA:172,18,0,0
BRDA:172,18,1,1
BRDA:173,19,0,0
BRDA:173,19,1,1
BRDA:174,20,0,1
BRDA:174,20,1,0
BRDA:185,21,0,0
BRDA:185,21,1,1
BRDA:186,22,0,0
BRDA:186,22,1,1
BRF:47
BRH:33
end_of_record
TN:
SF:src/utils/tx-link.ts
FN:5,(anonymous_1)
FNF:1
FNH:1
FNDA:3,(anonymous_1)
DA:3,256
DA:5,256
DA:10,3
LF:3
LH:3
BRF:0
BRH:0
end_of_record
TN:
SF:src/utils/tx-list.ts
FN:35,groupTxs
FN:38,(anonymous_7)
FN:55,(anonymous_8)
FN:57,(anonymous_9)
FN:70,(anonymous_10)
FN:72,(anonymous_11)
FN:81,(anonymous_12)
FN:83,(anonymous_13)
FN:100,(anonymous_14)
FN:103,_getRecoveryCancellations
FN:106,(anonymous_16)
FN:118,groupRecoveryTransactions
FN:124,(anonymous_18)
FN:137,(anonymous_19)
FN:141,(anonymous_20)
FNF:15
FNH:13
FNDA:4,groupTxs
FNDA:4,(anonymous_7)
FNDA:10,(anonymous_8)
FNDA:40,(anonymous_9)
FNDA:34,(anonymous_10)
FNDA:3,(anonymous_11)
FNDA:4,(anonymous_12)
FNDA:7,(anonymous_13)
FNDA:6,(anonymous_14)
FNDA:3,_getRecoveryCancellations
FNDA:9,(anonymous_16)
FNDA:1,groupRecoveryTransactions
FNDA:2,(anonymous_18)
FNDA:0,(anonymous_19)
FNDA:0,(anonymous_20)
DA:6,18
DA:15,18
DA:16,18
DA:35,4
DA:37,4
DA:38,4
DA:42,4
DA:43,4
DA:44,4
DA:45,4
DA:49,0
DA:55,18
DA:56,10
DA:58,40
DA:59,3
DA:62,37
DA:63,37
DA:64,6
DA:65,6
DA:68,31
DA:71,34
DA:72,3
DA:74,31
DA:81,18
DA:82,4
DA:84,7
DA:85,2
DA:87,5
DA:89,5
DA:90,5
DA:91,3
DA:93,3
DA:94,1
DA:95,1
DA:98,2
DA:100,6
DA:103,1
DA:104,3
DA:106,3
DA:107,9
DA:108,9
DA:118,1
DA:122,1
DA:124,1
DA:125,2
DA:127,2
DA:128,1
DA:130,1
DA:133,2
DA:137,18
DA:138,0
DA:141,0
LF:52
LH:49
BRDA:38,0,0,4
BRDA:38,0,1,2
BRDA:38,0,2,2
BRDA:42,1,0,4
BRDA:58,2,0,3
BRDA:63,3,0,6
BRDA:63,4,0,37
BRDA:63,4,1,6
BRDA:63,4,2,6
BRDA:71,5,0,3
BRDA:84,6,0,2
BRDA:84,7,0,7
BRDA:84,7,1,5
BRDA:90,8,0,2
BRDA:93,9,0,1
BRDA:93,10,0,3
BRDA:93,10,1,3
BRDA:100,11,0,3
BRDA:100,11,1,3
BRDA:100,12,0,6
BRDA:100,12,1,6
BRDA:109,13,0,9
BRDA:109,13,1,6
BRDA:109,13,2,4
BRDA:127,14,0,1
BRDA:127,14,1,1
BRDA:137,15,0,0
BRDA:141,16,0,0
BRDA:141,16,1,0
BRF:29
BRH:26
end_of_record
TN:
SF:src/utils/url.ts
FN:1,(anonymous_8)
FN:5,(anonymous_9)
FN:13,(anonymous_10)
FN:17,(anonymous_11)
FN:37,(anonymous_12)
FN:48,(anonymous_13)
FNF:6
FNH:5
FNDA:100,(anonymous_8)
FNDA:0,(anonymous_9)
FNDA:44,(anonymous_10)
FNDA:44,(anonymous_11)
FNDA:4,(anonymous_12)
FNDA:2,(anonymous_13)
DA:1,193
DA:2,100
DA:5,193
DA:6,0
DA:8,193
DA:9,193
DA:10,193
DA:11,193
DA:12,193
DA:13,193
DA:14,44
DA:17,193
DA:18,44
DA:20,44
DA:21,3
DA:24,41
DA:25,41
DA:26,5
DA:29,36
DA:30,36
DA:31,18
DA:34,18
DA:37,193
DA:38,4
DA:39,4
DA:40,4
DA:42,0
DA:43,0
DA:48,193
DA:49,2
DA:50,2
DA:51,2
DA:53,0
LF:33
LH:29
BRDA:20,0,0,3
BRDA:25,1,0,5
BRDA:30,2,0,18
BRDA:40,3,0,1
BRDA:40,3,1,3
BRF:5
BRH:5
end_of_record
TN:
SF:src/utils/wallets.ts
FN:14,(anonymous_14)
FN:18,(anonymous_15)
FN:22,(anonymous_16)
FN:26,(anonymous_17)
FN:30,(anonymous_18)
FN:34,(anonymous_19)
FN:38,(anonymous_20)
FN:42,(anonymous_21)
FN:48,(anonymous_22)
FN:52,(anonymous_23)
FN:62,(anonymous_24)
FN:67,(anonymous_25)
FN:73,(anonymous_26)
FN:78,(anonymous_27)
FN:82,(anonymous_28)
FNF:15
FNH:9
FNDA:7,(anonymous_14)
FNDA:7,(anonymous_15)
FNDA:7,(anonymous_16)
FNDA:0,(anonymous_17)
FNDA:0,(anonymous_18)
FNDA:0,(anonymous_19)
FNDA:3,(anonymous_20)
FNDA:0,(anonymous_21)
FNDA:0,(anonymous_22)
FNDA:61,(anonymous_23)
FNDA:55,(anonymous_24)
FNDA:6,(anonymous_25)
FNDA:3,(anonymous_26)
FNDA:3,(anonymous_27)
FNDA:0,(anonymous_28)
DA:2,188
DA:3,188
DA:4,188
DA:5,188
DA:6,188
DA:7,188
DA:10,188
DA:11,188
DA:12,188
DA:14,188
DA:15,7
DA:18,188
DA:19,7
DA:22,188
DA:23,7
DA:26,188
DA:27,0
DA:30,188
DA:31,0
DA:34,188
DA:35,0
DA:38,188
DA:39,3
DA:42,188
DA:43,0
DA:48,188
DA:49,0
DA:52,188
DA:53,61
DA:55,61
DA:56,35
DA:59,26
DA:62,188
DA:63,55
DA:64,15
DA:67,188
DA:68,6
DA:69,6
DA:72,188
DA:74,3
DA:75,3
DA:76,3
DA:78,3
DA:82,188
DA:83,0
DA:85,0
DA:88,0
DA:89,0
DA:90,0
DA:91,0
DA:93,0
DA:97,0
LF:52
LH:39
BRDA:23,0,0,7
BRDA:23,0,1,7
BRDA:35,1,0,0
BRDA:35,1,1,0
BRDA:53,2,0,61
BRDA:53,2,1,51
BRDA:55,3,0,35
BRDA:76,4,0,3
BRDA:76,4,1,2
BRDA:83,5,0,0
BRDA:88,6,0,0
BRDA:89,7,0,0
BRDA:89,8,0,0
BRDA:89,8,1,0
BRF:14
BRH:7
end_of_record
TN:
SF:src/utils/providers/UncheckedJsonRpcSigner.ts
FN:17,(anonymous_1)
FN:18,(anonymous_2)
FN:29,(anonymous_3)
FNF:3
FNH:0
FNDA:0,(anonymous_1)
FNDA:0,(anonymous_2)
FNDA:0,(anonymous_3)
DA:1,184
DA:16,0
DA:18,0
DA:19,0
DA:30,0
LF:5
LH:1
BRF:0
BRH:0
end_of_record
